[2026-06-02 14:53:14,917] [INFO] [MT5Connector] MT5 connected: <MagicMock name='mt5.account_info().login' id='4621693824'>
[2026-06-02 14:53:14,920] [ERROR] [MT5Connector] MT5 initialization failed: <MagicMock name='mt5.last_error()' id='4621694160'>
[2026-06-02 14:53:14,925] [WARNING] [MT5Connector] Failed to get candles for EURUSD. Attempting one-time reconnect.
[2026-06-02 14:53:14,929] [INFO] [MT5Connector] MT5 connected: <MagicMock name='mt5.account_info().login' id='4621692144'>
[2026-06-02 14:53:14,929] [ERROR] [MT5Connector] Could not retrieve candles for EURUSD after retry.
[2026-06-02 14:53:14,954] [ERROR] [ExecutionEngine] Signal not found in DB: missing_id
[2026-06-02 14:53:14,956] [WARNING] [ExecutionEngine] [EURUSD] EXECUTION_BLOCKED: spread too high at execution (5.0 > 2.0)
[2026-06-02 14:53:14,960] [WARNING] [ExecutionEngine] [EURUSD] Bot disabled for today. Blocking execution.
[2026-06-02 14:53:14,963] [INFO] [TelegramBridge] Signal sent to Telegram: sig_1
[2026-06-02 14:53:14,966] [WARNING] [TelegramBridge] Signal expired on YES press: sig_1
[2026-06-02 14:53:14,973] [WARNING] [TradeManager] [EURUSD] Partial lot 0.00500 floored to 0.00000 < step 0.01000. Broker may not support this volume.
[2026-06-02 14:53:14,981] [WARNING] [TradeManager] 🛑 Daily loss limit reached (250.00 USD). Bot disabled for today.
[2026-06-02 14:53:14,990] [INFO] [GoogleSheetReporter] Added header row to Google Sheet.
[2026-06-02 14:53:14,991] [INFO] [GoogleSheetReporter] Successfully connected to Google Sheet.
[2026-06-02 14:53:14,991] [INFO] [GoogleSheetReporter] Added header row to Denied Google Sheet.
[2026-06-02 14:53:14,993] [ERROR] [GoogleSheetReporter] Google credentials file not found: dummy.json
[2026-06-02 14:53:15,015] [INFO] [ExecutionEngine] ✅ Trade OPEN | EURUSD BUY | Ticket: 12345
[2026-06-02 14:53:15,026] [INFO] [BacktestConnector] [BT] Order placed: EURUSD BUY 0.1 @ 1.10611 | Ticket: 1000001
[2026-06-02 14:53:15,028] [WARNING] [BacktestEngine] [BT] ⚠️  breakeven_buffer_pips (30) > sl_pips_fx (25) for EURUSD. Runner SL will be placed 5 pips ABOVE TP1, causing almost all runners to stop immediately. Consider setting breakeven_buffer_pips <= 25 in config.json.
[2026-06-02 14:53:15,029] [INFO] [BacktestEngine] [BT] Starting replay: EURUSD | 150 M1 bars
[2026-06-02 14:53:15,030] [INFO] [ScannerMMXM] [EURUSD] scan() called | session=London | killzone=London
[2026-06-02 14:53:15,030] [INFO] [ScannerMMXM] [EURUSD] Cooldown check passed
[2026-06-02 14:53:15,032] [INFO] [ScannerMMXM] [EURUSD] M15 candles: 100 | M1 candles: 100
[2026-06-02 14:53:15,033] [INFO] [ScannerMMXM] [EURUSD] Bias: SELL | Price: 1.1088590604026847 | Midpoint: 1.1081577181208053
[2026-06-02 14:53:15,034] [INFO] [ScannerMMXM] [EURUSD] Liquidity sweep: True
[2026-06-02 14:53:15,034] [INFO] [ScannerMMXM] [EURUSD] Displacement: False
[2026-06-02 14:53:15,035] [DEBUG] [ScannerMMXM] [EURUSD] No MSS/displacement detected. Skipping.
[2026-06-02 14:53:15,035] [INFO] [ScannerMMXM] [EURUSD] scan() called | session=London | killzone=London
[2026-06-02 14:53:15,035] [INFO] [ScannerMMXM] [EURUSD] Cooldown check passed
[2026-06-02 14:53:15,037] [INFO] [ScannerMMXM] [EURUSD] M15 candles: 100 | M1 candles: 100
[2026-06-02 14:53:15,038] [INFO] [ScannerMMXM] [EURUSD] Bias: SELL | Price: 1.1089328859060403 | Midpoint: 1.1082315436241612
[2026-06-02 14:53:15,038] [INFO] [ScannerMMXM] [EURUSD] Liquidity sweep: True
[2026-06-02 14:53:15,039] [INFO] [ScannerMMXM] [EURUSD] Displacement: False
[2026-06-02 14:53:15,039] [DEBUG] [ScannerMMXM] [EURUSD] No MSS/displacement detected. Skipping.
[2026-06-02 14:53:15,039] [INFO] [ScannerMMXM] [EURUSD] scan() called | session=London | killzone=London
[2026-06-02 14:53:15,039] [INFO] [ScannerMMXM] [EURUSD] Cooldown check passed
[2026-06-02 14:53:15,042] [INFO] [ScannerMMXM] [EURUSD] M15 candles: 100 | M1 candles: 100
[2026-06-02 14:53:15,042] [INFO] [ScannerMMXM] [EURUSD] Bias: SELL | Price: 1.109006711409396 | Midpoint: 1.1083053691275166
[2026-06-02 14:53:15,043] [INFO] [ScannerMMXM] [EURUSD] Liquidity sweep: True
[2026-06-02 14:53:15,044] [INFO] [ScannerMMXM] [EURUSD] Displacement: False
[2026-06-02 14:53:15,044] [DEBUG] [ScannerMMXM] [EURUSD] No MSS/displacement detected. Skipping.
[2026-06-02 14:53:15,044] [INFO] [ScannerMMXM] [EURUSD] scan() called | session=London | killzone=London
[2026-06-02 14:53:15,044] [INFO] [ScannerMMXM] [EURUSD] Cooldown check passed
[2026-06-02 14:53:15,046] [INFO] [ScannerMMXM] [EURUSD] M15 candles: 100 | M1 candles: 100
[2026-06-02 14:53:15,047] [INFO] [ScannerMMXM] [EURUSD] Bias: SELL | Price: 1.1090805369127517 | Midpoint: 1.1083791946308725
[2026-06-02 14:53:15,047] [INFO] [ScannerMMXM] [EURUSD] Liquidity sweep: True
[2026-06-02 14:53:15,048] [INFO] [ScannerMMXM] [EURUSD] Displacement: False
[2026-06-02 14:53:15,048] [DEBUG] [ScannerMMXM] [EURUSD] No MSS/displacement detected. Skipping.
[2026-06-02 14:53:15,048] [INFO] [ScannerMMXM] [EURUSD] scan() called | session=London | killzone=London
[2026-06-02 14:53:15,048] [INFO] [ScannerMMXM] [EURUSD] Cooldown check passed
[2026-06-02 14:53:15,050] [INFO] [ScannerMMXM] [EURUSD] M15 candles: 100 | M1 candles: 100
[2026-06-02 14:53:15,050] [INFO] [ScannerMMXM] [EURUSD] Bias: SELL | Price: 1.1091543624161073 | Midpoint: 1.1084530201342282
[2026-06-02 14:53:15,051] [INFO] [ScannerMMXM] [EURUSD] Liquidity sweep: True
[2026-06-02 14:53:15,051] [INFO] [ScannerMMXM] [EURUSD] Displacement: False
[2026-06-02 14:53:15,052] [DEBUG] [ScannerMMXM] [EURUSD] No MSS/displacement detected. Skipping.
[2026-06-02 14:53:15,052] [INFO] [ScannerMMXM] [EURUSD] scan() called | session=London | killzone=London
[2026-06-02 14:53:15,052] [INFO] [ScannerMMXM] [EURUSD] Cooldown check passed
[2026-06-02 14:53:15,054] [INFO] [ScannerMMXM] [EURUSD] M15 candles: 100 | M1 candles: 100
[2026-06-02 14:53:15,054] [INFO] [ScannerMMXM] [EURUSD] Bias: SELL | Price: 1.109228187919463 | Midpoint: 1.1085268456375839
[2026-06-02 14:53:15,055] [INFO] [ScannerMMXM] [EURUSD] Liquidity sweep: True
[2026-06-02 14:53:15,055] [INFO] [ScannerMMXM] [EURUSD] Displacement: False
[2026-06-02 14:53:15,055] [DEBUG] [ScannerMMXM] [EURUSD] No MSS/displacement detected. Skipping.
[2026-06-02 14:53:15,056] [INFO] [ScannerMMXM] [EURUSD] scan() called | session=London | killzone=London
[2026-06-02 14:53:15,056] [INFO] [ScannerMMXM] [EURUSD] Cooldown check passed
[2026-06-02 14:53:15,057] [INFO] [ScannerMMXM] [EURUSD] M15 candles: 100 | M1 candles: 100
[2026-06-02 14:53:15,058] [INFO] [ScannerMMXM] [EURUSD] Bias: SELL | Price: 1.1093020134228189 | Midpoint: 1.1086006711409397
[2026-06-02 14:53:15,059] [INFO] [ScannerMMXM] [EURUSD] Liquidity sweep: True
[2026-06-02 14:53:15,060] [INFO] [ScannerMMXM] [EURUSD] Displacement: False
[2026-06-02 14:53:15,060] [DEBUG] [ScannerMMXM] [EURUSD] No MSS/displacement detected. Skipping.
[2026-06-02 14:53:15,060] [INFO] [ScannerMMXM] [EURUSD] scan() called | session=London | killzone=London
[2026-06-02 14:53:15,060] [INFO] [ScannerMMXM] [EURUSD] Cooldown check passed
[2026-06-02 14:53:15,062] [INFO] [ScannerMMXM] [EURUSD] M15 candles: 100 | M1 candles: 100
[2026-06-02 14:53:15,063] [INFO] [ScannerMMXM] [EURUSD] Bias: SELL | Price: 1.1093758389261745 | Midpoint: 1.1086744966442952
[2026-06-02 14:53:15,063] [INFO] [ScannerMMXM] [EURUSD] Liquidity sweep: True
[2026-06-02 14:53:15,064] [INFO] [ScannerMMXM] [EURUSD] Displacement: False
[2026-06-02 14:53:15,064] [DEBUG] [ScannerMMXM] [EURUSD] No MSS/displacement detected. Skipping.
[2026-06-02 14:53:15,064] [INFO] [ScannerMMXM] [EURUSD] scan() called | session=London | killzone=London
[2026-06-02 14:53:15,064] [INFO] [ScannerMMXM] [EURUSD] Cooldown check passed
[2026-06-02 14:53:15,066] [INFO] [ScannerMMXM] [EURUSD] M15 candles: 100 | M1 candles: 100
[2026-06-02 14:53:15,067] [INFO] [ScannerMMXM] [EURUSD] Bias: SELL | Price: 1.1094496644295302 | Midpoint: 1.108748322147651
[2026-06-02 14:53:15,067] [INFO] [ScannerMMXM] [EURUSD] Liquidity sweep: True
[2026-06-02 14:53:15,067] [INFO] [ScannerMMXM] [EURUSD] Displacement: False
[2026-06-02 14:53:15,068] [DEBUG] [ScannerMMXM] [EURUSD] No MSS/displacement detected. Skipping.
[2026-06-02 14:53:15,068] [INFO] [ScannerMMXM] [EURUSD] scan() called | session=London | killzone=London
[2026-06-02 14:53:15,068] [INFO] [ScannerMMXM] [EURUSD] Cooldown check passed
[2026-06-02 14:53:15,070] [INFO] [ScannerMMXM] [EURUSD] M15 candles: 100 | M1 candles: 100
[2026-06-02 14:53:15,070] [INFO] [ScannerMMXM] [EURUSD] Bias: SELL | Price: 1.1095234899328859 | Midpoint: 1.1088221476510067
[2026-06-02 14:53:15,071] [INFO] [ScannerMMXM] [EURUSD] Liquidity sweep: True
[2026-06-02 14:53:15,071] [INFO] [ScannerMMXM] [EURUSD] Displacement: False
[2026-06-02 14:53:15,071] [DEBUG] [ScannerMMXM] [EURUSD] No MSS/displacement detected. Skipping.
[2026-06-02 14:53:15,072] [INFO] [ScannerMMXM] [EURUSD] scan() called | session=London | killzone=London
[2026-06-02 14:53:15,072] [INFO] [ScannerMMXM] [EURUSD] Cooldown check passed
[2026-06-02 14:53:15,074] [INFO] [ScannerMMXM] [EURUSD] M15 candles: 100 | M1 candles: 100
[2026-06-02 14:53:15,075] [INFO] [ScannerMMXM] [EURUSD] Bias: SELL | Price: 1.1095973154362415 | Midpoint: 1.1088959731543624
[2026-06-02 14:53:15,075] [INFO] [ScannerMMXM] [EURUSD] Liquidity sweep: True
[2026-06-02 14:53:15,076] [INFO] [ScannerMMXM] [EURUSD] Displacement: False
[2026-06-02 14:53:15,076] [DEBUG] [ScannerMMXM] [EURUSD] No MSS/displacement detected. Skipping.
[2026-06-02 14:53:15,076] [INFO] [ScannerMMXM] [EURUSD] scan() called | session=London | killzone=London
[2026-06-02 14:53:15,076] [INFO] [ScannerMMXM] [EURUSD] Cooldown check passed
[2026-06-02 14:53:15,078] [INFO] [ScannerMMXM] [EURUSD] M15 candles: 100 | M1 candles: 100
[2026-06-02 14:53:15,079] [INFO] [ScannerMMXM] [EURUSD] Bias: SELL | Price: 1.1096711409395974 | Midpoint: 1.1089697986577183
[2026-06-02 14:53:15,079] [INFO] [ScannerMMXM] [EURUSD] Liquidity sweep: True
[2026-06-02 14:53:15,080] [INFO] [ScannerMMXM] [EURUSD] Displacement: False
[2026-06-02 14:53:15,080] [DEBUG] [ScannerMMXM] [EURUSD] No MSS/displacement detected. Skipping.
[2026-06-02 14:53:15,080] [INFO] [ScannerMMXM] [EURUSD] scan() called | session=London | killzone=London
[2026-06-02 14:53:15,080] [INFO] [ScannerMMXM] [EURUSD] Cooldown check passed
[2026-06-02 14:53:15,082] [INFO] [ScannerMMXM] [EURUSD] M15 candles: 100 | M1 candles: 100
[2026-06-02 14:53:15,083] [INFO] [ScannerMMXM] [EURUSD] Bias: SELL | Price: 1.109744966442953 | Midpoint: 1.1090436241610737
[2026-06-02 14:53:15,083] [INFO] [ScannerMMXM] [EURUSD] Liquidity sweep: True
[2026-06-02 14:53:15,084] [INFO] [ScannerMMXM] [EURUSD] Displacement: False
[2026-06-02 14:53:15,084] [DEBUG] [ScannerMMXM] [EURUSD] No MSS/displacement detected. Skipping.
[2026-06-02 14:53:15,084] [INFO] [ScannerMMXM] [EURUSD] scan() called | session=London | killzone=London
[2026-06-02 14:53:15,084] [INFO] [ScannerMMXM] [EURUSD] Cooldown check passed
[2026-06-02 14:53:15,086] [INFO] [ScannerMMXM] [EURUSD] M15 candles: 100 | M1 candles: 100
[2026-06-02 14:53:15,086] [INFO] [ScannerMMXM] [EURUSD] Bias: SELL | Price: 1.1098187919463087 | Midpoint: 1.1091174496644296
[2026-06-02 14:53:15,087] [INFO] [ScannerMMXM] [EURUSD] Liquidity sweep: True
[2026-06-02 14:53:15,087] [INFO] [ScannerMMXM] [EURUSD] Displacement: False
[2026-06-02 14:53:15,087] [DEBUG] [ScannerMMXM] [EURUSD] No MSS/displacement detected. Skipping.
[2026-06-02 14:53:15,088] [INFO] [ScannerMMXM] [EURUSD] scan() called | session=London | killzone=London
[2026-06-02 14:53:15,088] [INFO] [ScannerMMXM] [EURUSD] Cooldown check passed
[2026-06-02 14:53:15,089] [INFO] [ScannerMMXM] [EURUSD] M15 candles: 100 | M1 candles: 100
[2026-06-02 14:53:15,090] [INFO] [ScannerMMXM] [EURUSD] Bias: SELL | Price: 1.1098926174496644 | Midpoint: 1.1091912751677853
[2026-06-02 14:53:15,091] [INFO] [ScannerMMXM] [EURUSD] Liquidity sweep: True
[2026-06-02 14:53:15,091] [INFO] [ScannerMMXM] [EURUSD] Displacement: False
[2026-06-02 14:53:15,091] [DEBUG] [ScannerMMXM] [EURUSD] No MSS/displacement detected. Skipping.
[2026-06-02 14:53:15,092] [INFO] [ScannerMMXM] [EURUSD] scan() called | session=London | killzone=London
[2026-06-02 14:53:15,092] [INFO] [ScannerMMXM] [EURUSD] Cooldown check passed
[2026-06-02 14:53:15,094] [INFO] [ScannerMMXM] [EURUSD] M15 candles: 100 | M1 candles: 100
[2026-06-02 14:53:15,095] [INFO] [ScannerMMXM] [EURUSD] Bias: SELL | Price: 1.10996644295302 | Midpoint: 1.109265100671141
[2026-06-02 14:53:15,095] [INFO] [ScannerMMXM] [EURUSD] Liquidity sweep: True
[2026-06-02 14:53:15,096] [INFO] [ScannerMMXM] [EURUSD] Displacement: False
[2026-06-02 14:53:15,096] [DEBUG] [ScannerMMXM] [EURUSD] No MSS/displacement detected. Skipping.
[2026-06-02 14:53:15,096] [INFO] [ScannerMMXM] [EURUSD] scan() called | session=London | killzone=London
[2026-06-02 14:53:15,096] [INFO] [ScannerMMXM] [EURUSD] Cooldown check passed
[2026-06-02 14:53:15,098] [INFO] [ScannerMMXM] [EURUSD] M15 candles: 100 | M1 candles: 100
[2026-06-02 14:53:15,099] [INFO] [ScannerMMXM] [EURUSD] Bias: SELL | Price: 1.110040268456376 | Midpoint: 1.1093389261744968
[2026-06-02 14:53:15,099] [INFO] [ScannerMMXM] [EURUSD] Liquidity sweep: True
[2026-06-02 14:53:15,100] [INFO] [ScannerMMXM] [EURUSD] Displacement: False
[2026-06-02 14:53:15,100] [DEBUG] [ScannerMMXM] [EURUSD] No MSS/displacement detected. Skipping.
[2026-06-02 14:53:15,100] [INFO] [ScannerMMXM] [EURUSD] scan() called | session=London | killzone=London
[2026-06-02 14:53:15,100] [INFO] [ScannerMMXM] [EURUSD] Cooldown check passed
[2026-06-02 14:53:15,102] [INFO] [ScannerMMXM] [EURUSD] M15 candles: 100 | M1 candles: 100
[2026-06-02 14:53:15,103] [INFO] [ScannerMMXM] [EURUSD] Bias: SELL | Price: 1.1101140939597316 | Midpoint: 1.1094127516778522
[2026-06-02 14:53:15,103] [INFO] [ScannerMMXM] [EURUSD] Liquidity sweep: True
[2026-06-02 14:53:15,104] [INFO] [ScannerMMXM] [EURUSD] Displacement: False
[2026-06-02 14:53:15,104] [DEBUG] [ScannerMMXM] [EURUSD] No MSS/displacement detected. Skipping.
[2026-06-02 14:53:15,104] [INFO] [ScannerMMXM] [EURUSD] scan() called | session=London | killzone=London
[2026-06-02 14:53:15,104] [INFO] [ScannerMMXM] [EURUSD] Cooldown check passed
[2026-06-02 14:53:15,106] [INFO] [ScannerMMXM] [EURUSD] M15 candles: 100 | M1 candles: 100
[2026-06-02 14:53:15,106] [INFO] [ScannerMMXM] [EURUSD] Bias: SELL | Price: 1.1101879194630873 | Midpoint: 1.1094865771812081
[2026-06-02 14:53:15,107] [INFO] [ScannerMMXM] [EURUSD] Liquidity sweep: True
[2026-06-02 14:53:15,108] [INFO] [ScannerMMXM] [EURUSD] Displacement: False
[2026-06-02 14:53:15,108] [DEBUG] [ScannerMMXM] [EURUSD] No MSS/displacement detected. Skipping.
[2026-06-02 14:53:15,108] [INFO] [ScannerMMXM] [EURUSD] scan() called | session=London | killzone=London
[2026-06-02 14:53:15,108] [INFO] [ScannerMMXM] [EURUSD] Cooldown check passed
[2026-06-02 14:53:15,110] [INFO] [ScannerMMXM] [EURUSD] M15 candles: 100 | M1 candles: 100
[2026-06-02 14:53:15,111] [INFO] [ScannerMMXM] [EURUSD] Bias: SELL | Price: 1.110261744966443 | Midpoint: 1.1095604026845638
[2026-06-02 14:53:15,112] [INFO] [ScannerMMXM] [EURUSD] Liquidity sweep: True
[2026-06-02 14:53:15,112] [INFO] [ScannerMMXM] [EURUSD] Displacement: False
[2026-06-02 14:53:15,112] [DEBUG] [ScannerMMXM] [EURUSD] No MSS/displacement detected. Skipping.
[2026-06-02 14:53:15,113] [INFO] [ScannerMMXM] [EURUSD] scan() called | session=London | killzone=London
[2026-06-02 14:53:15,113] [INFO] [ScannerMMXM] [EURUSD] Cooldown check passed
[2026-06-02 14:53:15,114] [INFO] [ScannerMMXM] [EURUSD] M15 candles: 100 | M1 candles: 100
[2026-06-02 14:53:15,115] [INFO] [ScannerMMXM] [EURUSD] Bias: SELL | Price: 1.1103355704697986 | Midpoint: 1.1096342281879195
[2026-06-02 14:53:15,115] [INFO] [ScannerMMXM] [EURUSD] Liquidity sweep: True
[2026-06-02 14:53:15,116] [INFO] [ScannerMMXM] [EURUSD] Displacement: False
[2026-06-02 14:53:15,116] [DEBUG] [ScannerMMXM] [EURUSD] No MSS/displacement detected. Skipping.
[2026-06-02 14:53:15,116] [INFO] [ScannerMMXM] [EURUSD] scan() called | session=London | killzone=London
[2026-06-02 14:53:15,116] [INFO] [ScannerMMXM] [EURUSD] Cooldown check passed
[2026-06-02 14:53:15,118] [INFO] [ScannerMMXM] [EURUSD] M15 candles: 100 | M1 candles: 100
[2026-06-02 14:53:15,119] [INFO] [ScannerMMXM] [EURUSD] Bias: SELL | Price: 1.1104093959731545 | Midpoint: 1.1097080536912753
[2026-06-02 14:53:15,119] [INFO] [ScannerMMXM] [EURUSD] Liquidity sweep: True
[2026-06-02 14:53:15,120] [INFO] [ScannerMMXM] [EURUSD] Displacement: False
[2026-06-02 14:53:15,120] [DEBUG] [ScannerMMXM] [EURUSD] No MSS/displacement detected. Skipping.
[2026-06-02 14:53:15,120] [INFO] [ScannerMMXM] [EURUSD] scan() called | session=London | killzone=London
[2026-06-02 14:53:15,120] [INFO] [ScannerMMXM] [EURUSD] Cooldown check passed
[2026-06-02 14:53:15,122] [INFO] [ScannerMMXM] [EURUSD] M15 candles: 100 | M1 candles: 100
[2026-06-02 14:53:15,122] [INFO] [ScannerMMXM] [EURUSD] Bias: SELL | Price: 1.1104832214765101 | Midpoint: 1.1097818791946308
[2026-06-02 14:53:15,123] [INFO] [ScannerMMXM] [EURUSD] Liquidity sweep: True
[2026-06-02 14:53:15,123] [INFO] [ScannerMMXM] [EURUSD] Displacement: False
[2026-06-02 14:53:15,123] [DEBUG] [ScannerMMXM] [EURUSD] No MSS/displacement detected. Skipping.
[2026-06-02 14:53:15,124] [INFO] [ScannerMMXM] [EURUSD] scan() called | session=London | killzone=London
[2026-06-02 14:53:15,124] [INFO] [ScannerMMXM] [EURUSD] Cooldown check passed
[2026-06-02 14:53:15,126] [INFO] [ScannerMMXM] [EURUSD] M15 candles: 100 | M1 candles: 100
[2026-06-02 14:53:15,127] [INFO] [ScannerMMXM] [EURUSD] Bias: SELL | Price: 1.1105570469798658 | Midpoint: 1.1098557046979867
[2026-06-02 14:53:15,127] [INFO] [ScannerMMXM] [EURUSD] Liquidity sweep: True
[2026-06-02 14:53:15,128] [INFO] [ScannerMMXM] [EURUSD] Displacement: False
[2026-06-02 14:53:15,128] [DEBUG] [ScannerMMXM] [EURUSD] No MSS/displacement detected. Skipping.
[2026-06-02 14:53:15,128] [INFO] [ScannerMMXM] [EURUSD] scan() called | session=London | killzone=London
[2026-06-02 14:53:15,128] [INFO] [ScannerMMXM] [EURUSD] Cooldown check passed
[2026-06-02 14:53:15,130] [INFO] [ScannerMMXM] [EURUSD] M15 candles: 100 | M1 candles: 100
[2026-06-02 14:53:15,131] [INFO] [ScannerMMXM] [EURUSD] Bias: SELL | Price: 1.1106308724832215 | Midpoint: 1.109929530201342
[2026-06-02 14:53:15,131] [INFO] [ScannerMMXM] [EURUSD] Liquidity sweep: True
[2026-06-02 14:53:15,132] [INFO] [ScannerMMXM] [EURUSD] Displacement: False
[2026-06-02 14:53:15,132] [DEBUG] [ScannerMMXM] [EURUSD] No MSS/displacement detected. Skipping.
[2026-06-02 14:53:15,132] [INFO] [ScannerMMXM] [EURUSD] scan() called | session=London | killzone=London
[2026-06-02 14:53:15,132] [INFO] [ScannerMMXM] [EURUSD] Cooldown check passed
[2026-06-02 14:53:15,134] [INFO] [ScannerMMXM] [EURUSD] M15 candles: 100 | M1 candles: 100
[2026-06-02 14:53:15,134] [INFO] [ScannerMMXM] [EURUSD] Bias: SELL | Price: 1.1107046979865771 | Midpoint: 1.110003355704698
[2026-06-02 14:53:15,135] [INFO] [ScannerMMXM] [EURUSD] Liquidity sweep: True
[2026-06-02 14:53:15,135] [INFO] [ScannerMMXM] [EURUSD] Displacement: False
[2026-06-02 14:53:15,136] [DEBUG] [ScannerMMXM] [EURUSD] No MSS/displacement detected. Skipping.
[2026-06-02 14:53:15,136] [INFO] [ScannerMMXM] [EURUSD] scan() called | session=London | killzone=London
[2026-06-02 14:53:15,136] [INFO] [ScannerMMXM] [EURUSD] Cooldown check passed
[2026-06-02 14:53:15,138] [INFO] [ScannerMMXM] [EURUSD] M15 candles: 100 | M1 candles: 100
[2026-06-02 14:53:15,138] [INFO] [ScannerMMXM] [EURUSD] Bias: SELL | Price: 1.1107785234899328 | Midpoint: 1.1100771812080537
[2026-06-02 14:53:15,139] [INFO] [ScannerMMXM] [EURUSD] Liquidity sweep: True
[2026-06-02 14:53:15,139] [INFO] [ScannerMMXM] [EURUSD] Displacement: False
[2026-06-02 14:53:15,139] [DEBUG] [ScannerMMXM] [EURUSD] No MSS/displacement detected. Skipping.
[2026-06-02 14:53:15,140] [INFO] [ScannerMMXM] [EURUSD] scan() called | session=London | killzone=London
[2026-06-02 14:53:15,140] [INFO] [ScannerMMXM] [EURUSD] Cooldown check passed
[2026-06-02 14:53:15,142] [INFO] [ScannerMMXM] [EURUSD] M15 candles: 100 | M1 candles: 100
[2026-06-02 14:53:15,142] [INFO] [ScannerMMXM] [EURUSD] Bias: SELL | Price: 1.1108523489932887 | Midpoint: 1.1101510067114093
[2026-06-02 14:53:15,143] [INFO] [ScannerMMXM] [EURUSD] Liquidity sweep: True
[2026-06-02 14:53:15,144] [INFO] [ScannerMMXM] [EURUSD] Displacement: False
[2026-06-02 14:53:15,144] [DEBUG] [ScannerMMXM] [EURUSD] No MSS/displacement detected. Skipping.
[2026-06-02 14:53:15,144] [INFO] [ScannerMMXM] [EURUSD] scan() called | session=London | killzone=London
[2026-06-02 14:53:15,144] [INFO] [ScannerMMXM] [EURUSD] Cooldown check passed
[2026-06-02 14:53:15,146] [INFO] [ScannerMMXM] [EURUSD] M15 candles: 100 | M1 candles: 100
[2026-06-02 14:53:15,147] [INFO] [ScannerMMXM] [EURUSD] Bias: SELL | Price: 1.1109261744966443 | Midpoint: 1.1102248322147652
[2026-06-02 14:53:15,147] [INFO] [ScannerMMXM] [EURUSD] Liquidity sweep: True
[2026-06-02 14:53:15,148] [INFO] [ScannerMMXM] [EURUSD] Displacement: False
[2026-06-02 14:53:15,148] [DEBUG] [ScannerMMXM] [EURUSD] No MSS/displacement detected. Skipping.
[2026-06-02 14:53:15,148] [INFO] [ScannerMMXM] [EURUSD] scan() called | session=London | killzone=London
[2026-06-02 14:53:15,148] [INFO] [ScannerMMXM] [EURUSD] Cooldown check passed
[2026-06-02 14:53:15,149] [INFO] [ScannerMMXM] [EURUSD] M15 candles: 100 | M1 candles: 100
[2026-06-02 14:53:15,150] [INFO] [ScannerMMXM] [EURUSD] Bias: SELL | Price: 1.111 | Midpoint: 1.1102986577181206
[2026-06-02 14:53:15,150] [INFO] [ScannerMMXM] [EURUSD] Liquidity sweep: True
[2026-06-02 14:53:15,151] [INFO] [ScannerMMXM] [EURUSD] Displacement: False
[2026-06-02 14:53:15,151] [DEBUG] [ScannerMMXM] [EURUSD] No MSS/displacement detected. Skipping.
[2026-06-02 14:53:15,151] [INFO] [BacktestEngine] [BT] Replay complete | Signals: 0 | Trades: 0
[2026-06-02 14:53:15,153] [WARNING] [BacktestEngine] [BT] ⚠️  breakeven_buffer_pips (30) > sl_pips_fx (25) for EURUSD. Runner SL will be placed 5 pips ABOVE TP1, causing almost all runners to stop immediately. Consider setting breakeven_buffer_pips <= 25 in config.json.
[2026-06-02 14:53:15,154] [INFO] [BacktestEngine] [BT] Starting replay: EURUSD | 200 M1 bars
[2026-06-02 14:53:15,155] [INFO] [ScannerMMXM] [EURUSD] scan() called | session=London | killzone=London
[2026-06-02 14:53:15,155] [INFO] [ScannerMMXM] [EURUSD] Cooldown check passed
[2026-06-02 14:53:15,156] [INFO] [ScannerMMXM] [EURUSD] M15 candles: 100 | M1 candles: 100
[2026-06-02 14:53:15,157] [INFO] [ScannerMMXM] [EURUSD] Bias: SELL | Price: 1.1066331658291457 | Midpoint: 1.106108040201005
[2026-06-02 14:53:15,158] [INFO] [ScannerMMXM] [EURUSD] Liquidity sweep: True
[2026-06-02 14:53:15,158] [INFO] [ScannerMMXM] [EURUSD] Displacement: False
[2026-06-02 14:53:15,158] [DEBUG] [ScannerMMXM] [EURUSD] No MSS/displacement detected. Skipping.
[2026-06-02 14:53:15,159] [INFO] [ScannerMMXM] [EURUSD] scan() called | session=London | killzone=London
[2026-06-02 14:53:15,159] [INFO] [ScannerMMXM] [EURUSD] Cooldown check passed
[2026-06-02 14:53:15,161] [INFO] [ScannerMMXM] [EURUSD] M15 candles: 100 | M1 candles: 100
[2026-06-02 14:53:15,161] [INFO] [ScannerMMXM] [EURUSD] Bias: SELL | Price: 1.1066884422110552 | Midpoint: 1.1061633165829146
[2026-06-02 14:53:15,162] [INFO] [ScannerMMXM] [EURUSD] Liquidity sweep: True
[2026-06-02 14:53:15,162] [INFO] [ScannerMMXM] [EURUSD] Displacement: False
[2026-06-02 14:53:15,162] [DEBUG] [ScannerMMXM] [EURUSD] No MSS/displacement detected. Skipping.
[2026-06-02 14:53:15,163] [INFO] [ScannerMMXM] [EURUSD] scan() called | session=London | killzone=London
[2026-06-02 14:53:15,163] [INFO] [ScannerMMXM] [EURUSD] Cooldown check passed
[2026-06-02 14:53:15,164] [INFO] [ScannerMMXM] [EURUSD] M15 candles: 100 | M1 candles: 100
[2026-06-02 14:53:15,165] [INFO] [ScannerMMXM] [EURUSD] Bias: SELL | Price: 1.106743718592965 | Midpoint: 1.106218592964824
[2026-06-02 14:53:15,165] [INFO] [ScannerMMXM] [EURUSD] Liquidity sweep: True
[2026-06-02 14:53:15,166] [INFO] [ScannerMMXM] [EURUSD] Displacement: False
[2026-06-02 14:53:15,166] [DEBUG] [ScannerMMXM] [EURUSD] No MSS/displacement detected. Skipping.
[2026-06-02 14:53:15,166] [INFO] [ScannerMMXM] [EURUSD] scan() called | session=London | killzone=London
[2026-06-02 14:53:15,166] [INFO] [ScannerMMXM] [EURUSD] Cooldown check passed
[2026-06-02 14:53:15,168] [INFO] [ScannerMMXM] [EURUSD] M15 candles: 100 | M1 candles: 100
[2026-06-02 14:53:15,169] [INFO] [ScannerMMXM] [EURUSD] Bias: SELL | Price: 1.1067989949748744 | Midpoint: 1.1062738693467338
[2026-06-02 14:53:15,169] [INFO] [ScannerMMXM] [EURUSD] Liquidity sweep: True
[2026-06-02 14:53:15,170] [INFO] [ScannerMMXM] [EURUSD] Displacement: False
[2026-06-02 14:53:15,170] [DEBUG] [ScannerMMXM] [EURUSD] No MSS/displacement detected. Skipping.
[2026-06-02 14:53:15,170] [INFO] [ScannerMMXM] [EURUSD] scan() called | session=London | killzone=London
[2026-06-02 14:53:15,170] [INFO] [ScannerMMXM] [EURUSD] Cooldown check passed
[2026-06-02 14:53:15,172] [INFO] [ScannerMMXM] [EURUSD] M15 candles: 100 | M1 candles: 100
[2026-06-02 14:53:15,172] [INFO] [ScannerMMXM] [EURUSD] Bias: SELL | Price: 1.106854271356784 | Midpoint: 1.1063291457286433
[2026-06-02 14:53:15,173] [INFO] [ScannerMMXM] [EURUSD] Liquidity sweep: True
[2026-06-02 14:53:15,173] [INFO] [ScannerMMXM] [EURUSD] Displacement: False
[2026-06-02 14:53:15,174] [DEBUG] [ScannerMMXM] [EURUSD] No MSS/displacement detected. Skipping.
[2026-06-02 14:53:15,174] [INFO] [ScannerMMXM] [EURUSD] scan() called | session=London | killzone=London
[2026-06-02 14:53:15,174] [INFO] [ScannerMMXM] [EURUSD] Cooldown check passed
[2026-06-02 14:53:15,176] [INFO] [ScannerMMXM] [EURUSD] M15 candles: 100 | M1 candles: 100
[2026-06-02 14:53:15,177] [INFO] [ScannerMMXM] [EURUSD] Bias: SELL | Price: 1.1069095477386934 | Midpoint: 1.1063844221105528
[2026-06-02 14:53:15,177] [INFO] [ScannerMMXM] [EURUSD] Liquidity sweep: True
[2026-06-02 14:53:15,178] [INFO] [ScannerMMXM] [EURUSD] Displacement: False
[2026-06-02 14:53:15,178] [DEBUG] [ScannerMMXM] [EURUSD] No MSS/displacement detected. Skipping.
[2026-06-02 14:53:15,178] [INFO] [ScannerMMXM] [EURUSD] scan() called | session=London | killzone=London
[2026-06-02 14:53:15,178] [INFO] [ScannerMMXM] [EURUSD] Cooldown check passed
[2026-06-02 14:53:15,180] [INFO] [ScannerMMXM] [EURUSD] M15 candles: 100 | M1 candles: 100
[2026-06-02 14:53:15,180] [INFO] [ScannerMMXM] [EURUSD] Bias: SELL | Price: 1.106964824120603 | Midpoint: 1.1064396984924623
[2026-06-02 14:53:15,181] [INFO] [ScannerMMXM] [EURUSD] Liquidity sweep: True
[2026-06-02 14:53:15,181] [INFO] [ScannerMMXM] [EURUSD] Displacement: False
[2026-06-02 14:53:15,182] [DEBUG] [ScannerMMXM] [EURUSD] No MSS/displacement detected. Skipping.
[2026-06-02 14:53:15,182] [INFO] [ScannerMMXM] [EURUSD] scan() called | session=London | killzone=London
[2026-06-02 14:53:15,182] [INFO] [ScannerMMXM] [EURUSD] Cooldown check passed
[2026-06-02 14:53:15,184] [INFO] [ScannerMMXM] [EURUSD] M15 candles: 100 | M1 candles: 100
[2026-06-02 14:53:15,184] [INFO] [ScannerMMXM] [EURUSD] Bias: SELL | Price: 1.1070201005025126 | Midpoint: 1.106494974874372
[2026-06-02 14:53:15,185] [INFO] [ScannerMMXM] [EURUSD] Liquidity sweep: True
[2026-06-02 14:53:15,185] [INFO] [ScannerMMXM] [EURUSD] Displacement: False
[2026-06-02 14:53:15,185] [DEBUG] [ScannerMMXM] [EURUSD] No MSS/displacement detected. Skipping.
[2026-06-02 14:53:15,186] [INFO] [ScannerMMXM] [EURUSD] scan() called | session=London | killzone=London
[2026-06-02 14:53:15,186] [INFO] [ScannerMMXM] [EURUSD] Cooldown check passed
[2026-06-02 14:53:15,187] [INFO] [ScannerMMXM] [EURUSD] M15 candles: 100 | M1 candles: 100
[2026-06-02 14:53:15,188] [INFO] [ScannerMMXM] [EURUSD] Bias: SELL | Price: 1.1070753768844221 | Midpoint: 1.1065502512562815
[2026-06-02 14:53:15,188] [INFO] [ScannerMMXM] [EURUSD] Liquidity sweep: True
[2026-06-02 14:53:15,189] [INFO] [ScannerMMXM] [EURUSD] Displacement: False
[2026-06-02 14:53:15,189] [DEBUG] [ScannerMMXM] [EURUSD] No MSS/displacement detected. Skipping.
[2026-06-02 14:53:15,189] [INFO] [ScannerMMXM] [EURUSD] scan() called | session=London | killzone=London
[2026-06-02 14:53:15,189] [INFO] [ScannerMMXM] [EURUSD] Cooldown check passed
[2026-06-02 14:53:15,191] [INFO] [ScannerMMXM] [EURUSD] M15 candles: 100 | M1 candles: 100
[2026-06-02 14:53:15,192] [INFO] [ScannerMMXM] [EURUSD] Bias: SELL | Price: 1.1071306532663316 | Midpoint: 1.106605527638191
[2026-06-02 14:53:15,193] [INFO] [ScannerMMXM] [EURUSD] Liquidity sweep: True
[2026-06-02 14:53:15,193] [INFO] [ScannerMMXM] [EURUSD] Displacement: False
[2026-06-02 14:53:15,193] [DEBUG] [ScannerMMXM] [EURUSD] No MSS/displacement detected. Skipping.
[2026-06-02 14:53:15,194] [INFO] [ScannerMMXM] [EURUSD] scan() called | session=London | killzone=London
[2026-06-02 14:53:15,194] [INFO] [ScannerMMXM] [EURUSD] Cooldown check passed
[2026-06-02 14:53:15,195] [INFO] [ScannerMMXM] [EURUSD] M15 candles: 100 | M1 candles: 100
[2026-06-02 14:53:15,196] [INFO] [ScannerMMXM] [EURUSD] Bias: SELL | Price: 1.1071859296482411 | Midpoint: 1.1066608040201005
[2026-06-02 14:53:15,196] [INFO] [ScannerMMXM] [EURUSD] Liquidity sweep: True
[2026-06-02 14:53:15,197] [INFO] [ScannerMMXM] [EURUSD] Displacement: False
[2026-06-02 14:53:15,197] [DEBUG] [ScannerMMXM] [EURUSD] No MSS/displacement detected. Skipping.
[2026-06-02 14:53:15,197] [INFO] [ScannerMMXM] [EURUSD] scan() called | session=London | killzone=London
[2026-06-02 14:53:15,198] [INFO] [ScannerMMXM] [EURUSD] Cooldown check passed
[2026-06-02 14:53:15,199] [INFO] [ScannerMMXM] [EURUSD] M15 candles: 100 | M1 candles: 100
[2026-06-02 14:53:15,200] [INFO] [ScannerMMXM] [EURUSD] Bias: SELL | Price: 1.1072412060301509 | Midpoint: 1.10671608040201
[2026-06-02 14:53:15,200] [INFO] [ScannerMMXM] [EURUSD] Liquidity sweep: True
[2026-06-02 14:53:15,201] [INFO] [ScannerMMXM] [EURUSD] Displacement: False
[2026-06-02 14:53:15,201] [DEBUG] [ScannerMMXM] [EURUSD] No MSS/displacement detected. Skipping.
[2026-06-02 14:53:15,201] [INFO] [ScannerMMXM] [EURUSD] scan() called | session=London | killzone=London
[2026-06-02 14:53:15,201] [INFO] [ScannerMMXM] [EURUSD] Cooldown check passed
[2026-06-02 14:53:15,203] [INFO] [ScannerMMXM] [EURUSD] M15 candles: 100 | M1 candles: 100
[2026-06-02 14:53:15,203] [INFO] [ScannerMMXM] [EURUSD] Bias: SELL | Price: 1.1072964824120604 | Midpoint: 1.1067713567839197
[2026-06-02 14:53:15,204] [INFO] [ScannerMMXM] [EURUSD] Liquidity sweep: True
[2026-06-02 14:53:15,204] [INFO] [ScannerMMXM] [EURUSD] Displacement: False
[2026-06-02 14:53:15,204] [DEBUG] [ScannerMMXM] [EURUSD] No MSS/displacement detected. Skipping.
[2026-06-02 14:53:15,205] [INFO] [ScannerMMXM] [EURUSD] scan() called | session=London | killzone=London
[2026-06-02 14:53:15,205] [INFO] [ScannerMMXM] [EURUSD] Cooldown check passed
[2026-06-02 14:53:15,206] [INFO] [ScannerMMXM] [EURUSD] M15 candles: 100 | M1 candles: 100
[2026-06-02 14:53:15,207] [INFO] [ScannerMMXM] [EURUSD] Bias: SELL | Price: 1.1073517587939699 | Midpoint: 1.1068266331658292
[2026-06-02 14:53:15,208] [INFO] [ScannerMMXM] [EURUSD] Liquidity sweep: True
[2026-06-02 14:53:15,208] [INFO] [ScannerMMXM] [EURUSD] Displacement: False
[2026-06-02 14:53:15,208] [DEBUG] [ScannerMMXM] [EURUSD] No MSS/displacement detected. Skipping.
[2026-06-02 14:53:15,208] [INFO] [ScannerMMXM] [EURUSD] scan() called | session=London | killzone=London
[2026-06-02 14:53:15,209] [INFO] [ScannerMMXM] [EURUSD] Cooldown check passed
[2026-06-02 14:53:15,210] [INFO] [ScannerMMXM] [EURUSD] M15 candles: 100 | M1 candles: 100
[2026-06-02 14:53:15,211] [INFO] [ScannerMMXM] [EURUSD] Bias: SELL | Price: 1.1074070351758794 | Midpoint: 1.1068819095477387
[2026-06-02 14:53:15,211] [INFO] [ScannerMMXM] [EURUSD] Liquidity sweep: True
[2026-06-02 14:53:15,212] [INFO] [ScannerMMXM] [EURUSD] Displacement: False
[2026-06-02 14:53:15,212] [DEBUG] [ScannerMMXM] [EURUSD] No MSS/displacement detected. Skipping.
[2026-06-02 14:53:15,212] [INFO] [ScannerMMXM] [EURUSD] scan() called | session=London | killzone=London
[2026-06-02 14:53:15,212] [INFO] [ScannerMMXM] [EURUSD] Cooldown check passed
[2026-06-02 14:53:15,214] [INFO] [ScannerMMXM] [EURUSD] M15 candles: 100 | M1 candles: 100
[2026-06-02 14:53:15,214] [INFO] [ScannerMMXM] [EURUSD] Bias: SELL | Price: 1.107462311557789 | Midpoint: 1.1069371859296484
[2026-06-02 14:53:15,215] [INFO] [ScannerMMXM] [EURUSD] Liquidity sweep: True
[2026-06-02 14:53:15,215] [INFO] [ScannerMMXM] [EURUSD] Displacement: False
[2026-06-02 14:53:15,215] [DEBUG] [ScannerMMXM] [EURUSD] No MSS/displacement detected. Skipping.
[2026-06-02 14:53:15,216] [INFO] [ScannerMMXM] [EURUSD] scan() called | session=London | killzone=London
[2026-06-02 14:53:15,216] [INFO] [ScannerMMXM] [EURUSD] Cooldown check passed
[2026-06-02 14:53:15,217] [INFO] [ScannerMMXM] [EURUSD] M15 candles: 100 | M1 candles: 100
[2026-06-02 14:53:15,218] [INFO] [ScannerMMXM] [EURUSD] Bias: SELL | Price: 1.1075175879396986 | Midpoint: 1.106992462311558
[2026-06-02 14:53:15,218] [INFO] [ScannerMMXM] [EURUSD] Liquidity sweep: True
[2026-06-02 14:53:15,219] [INFO] [ScannerMMXM] [EURUSD] Displacement: False
[2026-06-02 14:53:15,219] [DEBUG] [ScannerMMXM] [EURUSD] No MSS/displacement detected. Skipping.
[2026-06-02 14:53:15,219] [INFO] [ScannerMMXM] [EURUSD] scan() called | session=London | killzone=London
[2026-06-02 14:53:15,219] [INFO] [ScannerMMXM] [EURUSD] Cooldown check passed
[2026-06-02 14:53:15,221] [INFO] [ScannerMMXM] [EURUSD] M15 candles: 100 | M1 candles: 100
[2026-06-02 14:53:15,221] [INFO] [ScannerMMXM] [EURUSD] Bias: SELL | Price: 1.107572864321608 | Midpoint: 1.1070477386934674
[2026-06-02 14:53:15,222] [INFO] [ScannerMMXM] [EURUSD] Liquidity sweep: True
[2026-06-02 14:53:15,222] [INFO] [ScannerMMXM] [EURUSD] Displacement: False
[2026-06-02 14:53:15,222] [DEBUG] [ScannerMMXM] [EURUSD] No MSS/displacement detected. Skipping.
[2026-06-02 14:53:15,222] [INFO] [ScannerMMXM] [EURUSD] scan() called | session=London | killzone=London
[2026-06-02 14:53:15,223] [INFO] [ScannerMMXM] [EURUSD] Cooldown check passed
[2026-06-02 14:53:15,224] [INFO] [ScannerMMXM] [EURUSD] M15 candles: 100 | M1 candles: 100
[2026-06-02 14:53:15,225] [INFO] [ScannerMMXM] [EURUSD] Bias: SELL | Price: 1.1076281407035176 | Midpoint: 1.107103015075377
[2026-06-02 14:53:15,225] [INFO] [ScannerMMXM] [EURUSD] Liquidity sweep: True
[2026-06-02 14:53:15,226] [INFO] [ScannerMMXM] [EURUSD] Displacement: False
[2026-06-02 14:53:15,226] [DEBUG] [ScannerMMXM] [EURUSD] No MSS/displacement detected. Skipping.
[2026-06-02 14:53:15,226] [INFO] [ScannerMMXM] [EURUSD] scan() called | session=London | killzone=London
[2026-06-02 14:53:15,226] [INFO] [ScannerMMXM] [EURUSD] Cooldown check passed
[2026-06-02 14:53:15,228] [INFO] [ScannerMMXM] [EURUSD] M15 candles: 100 | M1 candles: 100
[2026-06-02 14:53:15,229] [INFO] [ScannerMMXM] [EURUSD] Bias: SELL | Price: 1.107683417085427 | Midpoint: 1.1071582914572864
[2026-06-02 14:53:15,229] [INFO] [ScannerMMXM] [EURUSD] Liquidity sweep: True
[2026-06-02 14:53:15,229] [INFO] [ScannerMMXM] [EURUSD] Displacement: False
[2026-06-02 14:53:15,230] [DEBUG] [ScannerMMXM] [EURUSD] No MSS/displacement detected. Skipping.
[2026-06-02 14:53:15,230] [INFO] [ScannerMMXM] [EURUSD] scan() called | session=London | killzone=London
[2026-06-02 14:53:15,230] [INFO] [ScannerMMXM] [EURUSD] Cooldown check passed
[2026-06-02 14:53:15,232] [INFO] [ScannerMMXM] [EURUSD] M15 candles: 100 | M1 candles: 100
[2026-06-02 14:53:15,232] [INFO] [ScannerMMXM] [EURUSD] Bias: SELL | Price: 1.1077386934673368 | Midpoint: 1.107213567839196
[2026-06-02 14:53:15,233] [INFO] [ScannerMMXM] [EURUSD] Liquidity sweep: True
[2026-06-02 14:53:15,233] [INFO] [ScannerMMXM] [EURUSD] Displacement: False
[2026-06-02 14:53:15,233] [DEBUG] [ScannerMMXM] [EURUSD] No MSS/displacement detected. Skipping.
[2026-06-02 14:53:15,233] [INFO] [ScannerMMXM] [EURUSD] scan() called | session=London | killzone=London
[2026-06-02 14:53:15,234] [INFO] [ScannerMMXM] [EURUSD] Cooldown check passed
[2026-06-02 14:53:15,235] [INFO] [ScannerMMXM] [EURUSD] M15 candles: 100 | M1 candles: 100
[2026-06-02 14:53:15,236] [INFO] [ScannerMMXM] [EURUSD] Bias: SELL | Price: 1.1077939698492463 | Midpoint: 1.1072688442211056
[2026-06-02 14:53:15,236] [INFO] [ScannerMMXM] [EURUSD] Liquidity sweep: True
[2026-06-02 14:53:15,237] [INFO] [ScannerMMXM] [EURUSD] Displacement: False
[2026-06-02 14:53:15,237] [DEBUG] [ScannerMMXM] [EURUSD] No MSS/displacement detected. Skipping.
[2026-06-02 14:53:15,237] [INFO] [ScannerMMXM] [EURUSD] scan() called | session=London | killzone=London
[2026-06-02 14:53:15,237] [INFO] [ScannerMMXM] [EURUSD] Cooldown check passed
[2026-06-02 14:53:15,238] [INFO] [ScannerMMXM] [EURUSD] M15 candles: 100 | M1 candles: 100
[2026-06-02 14:53:15,239] [INFO] [ScannerMMXM] [EURUSD] Bias: SELL | Price: 1.1078492462311558 | Midpoint: 1.107324120603015
[2026-06-02 14:53:15,239] [INFO] [ScannerMMXM] [EURUSD] Liquidity sweep: True
[2026-06-02 14:53:15,240] [INFO] [ScannerMMXM] [EURUSD] Displacement: False
[2026-06-02 14:53:15,240] [DEBUG] [ScannerMMXM] [EURUSD] No MSS/displacement detected. Skipping.
[2026-06-02 14:53:15,240] [INFO] [ScannerMMXM] [EURUSD] scan() called | session=London | killzone=London
[2026-06-02 14:53:15,240] [INFO] [ScannerMMXM] [EURUSD] Cooldown check passed
[2026-06-02 14:53:15,242] [INFO] [ScannerMMXM] [EURUSD] M15 candles: 100 | M1 candles: 100
[2026-06-02 14:53:15,243] [INFO] [ScannerMMXM] [EURUSD] Bias: SELL | Price: 1.1079045226130653 | Midpoint: 1.1073793969849246
[2026-06-02 14:53:15,243] [INFO] [ScannerMMXM] [EURUSD] Liquidity sweep: True
[2026-06-02 14:53:15,244] [INFO] [ScannerMMXM] [EURUSD] Displacement: False
[2026-06-02 14:53:15,244] [DEBUG] [ScannerMMXM] [EURUSD] No MSS/displacement detected. Skipping.
[2026-06-02 14:53:15,244] [INFO] [ScannerMMXM] [EURUSD] scan() called | session=London | killzone=London
[2026-06-02 14:53:15,244] [INFO] [ScannerMMXM] [EURUSD] Cooldown check passed
[2026-06-02 14:53:15,246] [INFO] [ScannerMMXM] [EURUSD] M15 candles: 100 | M1 candles: 100
[2026-06-02 14:53:15,246] [INFO] [ScannerMMXM] [EURUSD] Bias: SELL | Price: 1.107959798994975 | Midpoint: 1.1074346733668343
[2026-06-02 14:53:15,247] [INFO] [ScannerMMXM] [EURUSD] Liquidity sweep: True
[2026-06-02 14:53:15,247] [INFO] [ScannerMMXM] [EURUSD] Displacement: False
[2026-06-02 14:53:15,247] [DEBUG] [ScannerMMXM] [EURUSD] No MSS/displacement detected. Skipping.
[2026-06-02 14:53:15,248] [INFO] [ScannerMMXM] [EURUSD] scan() called | session=London | killzone=London
[2026-06-02 14:53:15,248] [INFO] [ScannerMMXM] [EURUSD] Cooldown check passed
[2026-06-02 14:53:15,249] [INFO] [ScannerMMXM] [EURUSD] M15 candles: 100 | M1 candles: 100
[2026-06-02 14:53:15,250] [INFO] [ScannerMMXM] [EURUSD] Bias: SELL | Price: 1.1080150753768845 | Midpoint: 1.1074899497487438
[2026-06-02 14:53:15,250] [INFO] [ScannerMMXM] [EURUSD] Liquidity sweep: True
[2026-06-02 14:53:15,251] [INFO] [ScannerMMXM] [EURUSD] Displacement: False
[2026-06-02 14:53:15,251] [DEBUG] [ScannerMMXM] [EURUSD] No MSS/displacement detected. Skipping.
[2026-06-02 14:53:15,251] [INFO] [ScannerMMXM] [EURUSD] scan() called | session=London | killzone=London
[2026-06-02 14:53:15,251] [INFO] [ScannerMMXM] [EURUSD] Cooldown check passed
[2026-06-02 14:53:15,253] [INFO] [ScannerMMXM] [EURUSD] M15 candles: 100 | M1 candles: 100
[2026-06-02 14:53:15,253] [INFO] [ScannerMMXM] [EURUSD] Bias: SELL | Price: 1.108070351758794 | Midpoint: 1.1075452261306533
[2026-06-02 14:53:15,254] [INFO] [ScannerMMXM] [EURUSD] Liquidity sweep: True
[2026-06-02 14:53:15,254] [INFO] [ScannerMMXM] [EURUSD] Displacement: False
[2026-06-02 14:53:15,254] [DEBUG] [ScannerMMXM] [EURUSD] No MSS/displacement detected. Skipping.
[2026-06-02 14:53:15,255] [INFO] [ScannerMMXM] [EURUSD] scan() called | session=London | killzone=London
[2026-06-02 14:53:15,255] [INFO] [ScannerMMXM] [EURUSD] Cooldown check passed
[2026-06-02 14:53:15,256] [INFO] [ScannerMMXM] [EURUSD] M15 candles: 100 | M1 candles: 100
[2026-06-02 14:53:15,257] [INFO] [ScannerMMXM] [EURUSD] Bias: SELL | Price: 1.1081256281407035 | Midpoint: 1.1076005025125628
[2026-06-02 14:53:15,257] [INFO] [ScannerMMXM] [EURUSD] Liquidity sweep: True
[2026-06-02 14:53:15,258] [INFO] [ScannerMMXM] [EURUSD] Displacement: False
[2026-06-02 14:53:15,258] [DEBUG] [ScannerMMXM] [EURUSD] No MSS/displacement detected. Skipping.
[2026-06-02 14:53:15,258] [INFO] [ScannerMMXM] [EURUSD] scan() called | session=London | killzone=London
[2026-06-02 14:53:15,258] [INFO] [ScannerMMXM] [EURUSD] Cooldown check passed
[2026-06-02 14:53:15,260] [INFO] [ScannerMMXM] [EURUSD] M15 candles: 100 | M1 candles: 100
[2026-06-02 14:53:15,261] [INFO] [ScannerMMXM] [EURUSD] Bias: SELL | Price: 1.108180904522613 | Midpoint: 1.1076557788944723
[2026-06-02 14:53:15,261] [INFO] [ScannerMMXM] [EURUSD] Liquidity sweep: True
[2026-06-02 14:53:15,262] [INFO] [ScannerMMXM] [EURUSD] Displacement: False
[2026-06-02 14:53:15,262] [DEBUG] [ScannerMMXM] [EURUSD] No MSS/displacement detected. Skipping.
[2026-06-02 14:53:15,262] [INFO] [ScannerMMXM] [EURUSD] scan() called | session=London | killzone=London
[2026-06-02 14:53:15,262] [INFO] [ScannerMMXM] [EURUSD] Cooldown check passed
[2026-06-02 14:53:15,264] [INFO] [ScannerMMXM] [EURUSD] M15 candles: 100 | M1 candles: 100
[2026-06-02 14:53:15,264] [INFO] [ScannerMMXM] [EURUSD] Bias: SELL | Price: 1.1082361809045227 | Midpoint: 1.1077110552763818
[2026-06-02 14:53:15,265] [INFO] [ScannerMMXM] [EURUSD] Liquidity sweep: True
[2026-06-02 14:53:15,265] [INFO] [ScannerMMXM] [EURUSD] Displacement: False
[2026-06-02 14:53:15,265] [DEBUG] [ScannerMMXM] [EURUSD] No MSS/displacement detected. Skipping.
[2026-06-02 14:53:15,265] [INFO] [ScannerMMXM] [EURUSD] scan() called | session=London | killzone=London
[2026-06-02 14:53:15,266] [INFO] [ScannerMMXM] [EURUSD] Cooldown check passed
[2026-06-02 14:53:15,267] [INFO] [ScannerMMXM] [EURUSD] M15 candles: 100 | M1 candles: 100
[2026-06-02 14:53:15,267] [INFO] [ScannerMMXM] [EURUSD] Bias: SELL | Price: 1.1082914572864322 | Midpoint: 1.1077663316582915
[2026-06-02 14:53:15,268] [INFO] [ScannerMMXM] [EURUSD] Liquidity sweep: True
[2026-06-02 14:53:15,268] [INFO] [ScannerMMXM] [EURUSD] Displacement: False
[2026-06-02 14:53:15,268] [DEBUG] [ScannerMMXM] [EURUSD] No MSS/displacement detected. Skipping.
[2026-06-02 14:53:15,269] [INFO] [ScannerMMXM] [EURUSD] scan() called | session=London | killzone=London
[2026-06-02 14:53:15,269] [INFO] [ScannerMMXM] [EURUSD] Cooldown check passed
[2026-06-02 14:53:15,270] [INFO] [ScannerMMXM] [EURUSD] M15 candles: 100 | M1 candles: 100
[2026-06-02 14:53:15,271] [INFO] [ScannerMMXM] [EURUSD] Bias: SELL | Price: 1.1083467336683417 | Midpoint: 1.107821608040201
[2026-06-02 14:53:15,271] [INFO] [ScannerMMXM] [EURUSD] Liquidity sweep: True
[2026-06-02 14:53:15,272] [INFO] [ScannerMMXM] [EURUSD] Displacement: False
[2026-06-02 14:53:15,272] [DEBUG] [ScannerMMXM] [EURUSD] No MSS/displacement detected. Skipping.
[2026-06-02 14:53:15,272] [INFO] [ScannerMMXM] [EURUSD] scan() called | session=London | killzone=London
[2026-06-02 14:53:15,272] [INFO] [ScannerMMXM] [EURUSD] Cooldown check passed
[2026-06-02 14:53:15,274] [INFO] [ScannerMMXM] [EURUSD] M15 candles: 100 | M1 candles: 100
[2026-06-02 14:53:15,275] [INFO] [ScannerMMXM] [EURUSD] Bias: SELL | Price: 1.1084020100502512 | Midpoint: 1.1078768844221105
[2026-06-02 14:53:15,275] [INFO] [ScannerMMXM] [EURUSD] Liquidity sweep: True
[2026-06-02 14:53:15,276] [INFO] [ScannerMMXM] [EURUSD] Displacement: False
[2026-06-02 14:53:15,276] [DEBUG] [ScannerMMXM] [EURUSD] No MSS/displacement detected. Skipping.
[2026-06-02 14:53:15,276] [INFO] [ScannerMMXM] [EURUSD] scan() called | session=London | killzone=London
[2026-06-02 14:53:15,276] [INFO] [ScannerMMXM] [EURUSD] Cooldown check passed
[2026-06-02 14:53:15,278] [INFO] [ScannerMMXM] [EURUSD] M15 candles: 100 | M1 candles: 100
[2026-06-02 14:53:15,278] [INFO] [ScannerMMXM] [EURUSD] Bias: SELL | Price: 1.108457286432161 | Midpoint: 1.1079321608040202
[2026-06-02 14:53:15,279] [INFO] [ScannerMMXM] [EURUSD] Liquidity sweep: True
[2026-06-02 14:53:15,279] [INFO] [ScannerMMXM] [EURUSD] Displacement: False
[2026-06-02 14:53:15,279] [DEBUG] [ScannerMMXM] [EURUSD] No MSS/displacement detected. Skipping.
[2026-06-02 14:53:15,280] [INFO] [ScannerMMXM] [EURUSD] scan() called | session=London | killzone=London
[2026-06-02 14:53:15,280] [INFO] [ScannerMMXM] [EURUSD] Cooldown check passed
[2026-06-02 14:53:15,281] [INFO] [ScannerMMXM] [EURUSD] M15 candles: 100 | M1 candles: 100
[2026-06-02 14:53:15,282] [INFO] [ScannerMMXM] [EURUSD] Bias: SELL | Price: 1.1085125628140704 | Midpoint: 1.1079874371859297
[2026-06-02 14:53:15,282] [INFO] [ScannerMMXM] [EURUSD] Liquidity sweep: True
[2026-06-02 14:53:15,283] [INFO] [ScannerMMXM] [EURUSD] Displacement: False
[2026-06-02 14:53:15,283] [DEBUG] [ScannerMMXM] [EURUSD] No MSS/displacement detected. Skipping.
[2026-06-02 14:53:15,283] [INFO] [ScannerMMXM] [EURUSD] scan() called | session=London | killzone=London
[2026-06-02 14:53:15,283] [INFO] [ScannerMMXM] [EURUSD] Cooldown check passed
[2026-06-02 14:53:15,284] [INFO] [ScannerMMXM] [EURUSD] M15 candles: 100 | M1 candles: 100
[2026-06-02 14:53:15,285] [INFO] [ScannerMMXM] [EURUSD] Bias: SELL | Price: 1.10856783919598 | Midpoint: 1.1080427135678392
[2026-06-02 14:53:15,285] [INFO] [ScannerMMXM] [EURUSD] Liquidity sweep: True
[2026-06-02 14:53:15,286] [INFO] [ScannerMMXM] [EURUSD] Displacement: False
[2026-06-02 14:53:15,286] [DEBUG] [ScannerMMXM] [EURUSD] No MSS/displacement detected. Skipping.
[2026-06-02 14:53:15,286] [INFO] [ScannerMMXM] [EURUSD] scan() called | session=London | killzone=London
[2026-06-02 14:53:15,286] [INFO] [ScannerMMXM] [EURUSD] Cooldown check passed
[2026-06-02 14:53:15,288] [INFO] [ScannerMMXM] [EURUSD] M15 candles: 100 | M1 candles: 100
[2026-06-02 14:53:15,288] [INFO] [ScannerMMXM] [EURUSD] Bias: SELL | Price: 1.1086231155778894 | Midpoint: 1.1080979899497487
[2026-06-02 14:53:15,289] [INFO] [ScannerMMXM] [EURUSD] Liquidity sweep: True
[2026-06-02 14:53:15,289] [INFO] [ScannerMMXM] [EURUSD] Displacement: False
[2026-06-02 14:53:15,289] [DEBUG] [ScannerMMXM] [EURUSD] No MSS/displacement detected. Skipping.
[2026-06-02 14:53:15,289] [INFO] [ScannerMMXM] [EURUSD] scan() called | session=London | killzone=London
[2026-06-02 14:53:15,290] [INFO] [ScannerMMXM] [EURUSD] Cooldown check passed
[2026-06-02 14:53:15,291] [INFO] [ScannerMMXM] [EURUSD] M15 candles: 100 | M1 candles: 100
[2026-06-02 14:53:15,292] [INFO] [ScannerMMXM] [EURUSD] Bias: SELL | Price: 1.1086783919597991 | Midpoint: 1.1081532663316582
[2026-06-02 14:53:15,293] [INFO] [ScannerMMXM] [EURUSD] Liquidity sweep: True
[2026-06-02 14:53:15,293] [INFO] [ScannerMMXM] [EURUSD] Displacement: False
[2026-06-02 14:53:15,293] [DEBUG] [ScannerMMXM] [EURUSD] No MSS/displacement detected. Skipping.
[2026-06-02 14:53:15,294] [INFO] [ScannerMMXM] [EURUSD] scan() called | session=London | killzone=London
[2026-06-02 14:53:15,294] [INFO] [ScannerMMXM] [EURUSD] Cooldown check passed
[2026-06-02 14:53:15,295] [INFO] [ScannerMMXM] [EURUSD] M15 candles: 100 | M1 candles: 100
[2026-06-02 14:53:15,296] [INFO] [ScannerMMXM] [EURUSD] Bias: SELL | Price: 1.1087336683417086 | Midpoint: 1.1082085427135677
[2026-06-02 14:53:15,296] [INFO] [ScannerMMXM] [EURUSD] Liquidity sweep: True
[2026-06-02 14:53:15,296] [INFO] [ScannerMMXM] [EURUSD] Displacement: False
[2026-06-02 14:53:15,297] [DEBUG] [ScannerMMXM] [EURUSD] No MSS/displacement detected. Skipping.
[2026-06-02 14:53:15,297] [INFO] [ScannerMMXM] [EURUSD] scan() called | session=London | killzone=London
[2026-06-02 14:53:15,297] [INFO] [ScannerMMXM] [EURUSD] Cooldown check passed
[2026-06-02 14:53:15,298] [INFO] [ScannerMMXM] [EURUSD] M15 candles: 100 | M1 candles: 100
[2026-06-02 14:53:15,299] [INFO] [ScannerMMXM] [EURUSD] Bias: SELL | Price: 1.108788944723618 | Midpoint: 1.1082638190954774
[2026-06-02 14:53:15,299] [INFO] [ScannerMMXM] [EURUSD] Liquidity sweep: True
[2026-06-02 14:53:15,300] [INFO] [ScannerMMXM] [EURUSD] Displacement: False
[2026-06-02 14:53:15,300] [DEBUG] [ScannerMMXM] [EURUSD] No MSS/displacement detected. Skipping.
[2026-06-02 14:53:15,300] [INFO] [ScannerMMXM] [EURUSD] scan() called | session=London | killzone=London
[2026-06-02 14:53:15,300] [INFO] [ScannerMMXM] [EURUSD] Cooldown check passed
[2026-06-02 14:53:15,301] [INFO] [ScannerMMXM] [EURUSD] M15 candles: 100 | M1 candles: 100
[2026-06-02 14:53:15,302] [INFO] [ScannerMMXM] [EURUSD] Bias: SELL | Price: 1.1088442211055276 | Midpoint: 1.108319095477387
[2026-06-02 14:53:15,302] [INFO] [ScannerMMXM] [EURUSD] Liquidity sweep: True
[2026-06-02 14:53:15,303] [INFO] [ScannerMMXM] [EURUSD] Displacement: False
[2026-06-02 14:53:15,303] [DEBUG] [ScannerMMXM] [EURUSD] No MSS/displacement detected. Skipping.
[2026-06-02 14:53:15,303] [INFO] [ScannerMMXM] [EURUSD] scan() called | session=London | killzone=London
[2026-06-02 14:53:15,303] [INFO] [ScannerMMXM] [EURUSD] Cooldown check passed
[2026-06-02 14:53:15,305] [INFO] [ScannerMMXM] [EURUSD] M15 candles: 100 | M1 candles: 100
[2026-06-02 14:53:15,305] [INFO] [ScannerMMXM] [EURUSD] Bias: SELL | Price: 1.108899497487437 | Midpoint: 1.1083743718592964
[2026-06-02 14:53:15,306] [INFO] [ScannerMMXM] [EURUSD] Liquidity sweep: True
[2026-06-02 14:53:15,306] [INFO] [ScannerMMXM] [EURUSD] Displacement: False
[2026-06-02 14:53:15,306] [DEBUG] [ScannerMMXM] [EURUSD] No MSS/displacement detected. Skipping.
[2026-06-02 14:53:15,307] [INFO] [ScannerMMXM] [EURUSD] scan() called | session=London | killzone=London
[2026-06-02 14:53:15,307] [INFO] [ScannerMMXM] [EURUSD] Cooldown check passed
[2026-06-02 14:53:15,309] [INFO] [ScannerMMXM] [EURUSD] M15 candles: 100 | M1 candles: 100
[2026-06-02 14:53:15,310] [INFO] [ScannerMMXM] [EURUSD] Bias: SELL | Price: 1.1089547738693468 | Midpoint: 1.1084296482412062
[2026-06-02 14:53:15,310] [INFO] [ScannerMMXM] [EURUSD] Liquidity sweep: True
[2026-06-02 14:53:15,311] [INFO] [ScannerMMXM] [EURUSD] Displacement: False
[2026-06-02 14:53:15,311] [DEBUG] [ScannerMMXM] [EURUSD] No MSS/displacement detected. Skipping.
[2026-06-02 14:53:15,311] [INFO] [ScannerMMXM] [EURUSD] scan() called | session=London | killzone=London
[2026-06-02 14:53:15,311] [INFO] [ScannerMMXM] [EURUSD] Cooldown check passed
[2026-06-02 14:53:15,312] [INFO] [ScannerMMXM] [EURUSD] M15 candles: 100 | M1 candles: 100
[2026-06-02 14:53:15,313] [INFO] [ScannerMMXM] [EURUSD] Bias: SELL | Price: 1.1090100502512563 | Midpoint: 1.1084849246231157
[2026-06-02 14:53:15,313] [INFO] [ScannerMMXM] [EURUSD] Liquidity sweep: True
[2026-06-02 14:53:15,314] [INFO] [ScannerMMXM] [EURUSD] Displacement: False
[2026-06-02 14:53:15,314] [DEBUG] [ScannerMMXM] [EURUSD] No MSS/displacement detected. Skipping.
[2026-06-02 14:53:15,314] [INFO] [ScannerMMXM] [EURUSD] scan() called | session=London | killzone=London
[2026-06-02 14:53:15,314] [INFO] [ScannerMMXM] [EURUSD] Cooldown check passed
[2026-06-02 14:53:15,316] [INFO] [ScannerMMXM] [EURUSD] M15 candles: 100 | M1 candles: 100
[2026-06-02 14:53:15,316] [INFO] [ScannerMMXM] [EURUSD] Bias: SELL | Price: 1.1090653266331658 | Midpoint: 1.1085402010050251
[2026-06-02 14:53:15,317] [INFO] [ScannerMMXM] [EURUSD] Liquidity sweep: True
[2026-06-02 14:53:15,317] [INFO] [ScannerMMXM] [EURUSD] Displacement: False
[2026-06-02 14:53:15,317] [DEBUG] [ScannerMMXM] [EURUSD] No MSS/displacement detected. Skipping.
[2026-06-02 14:53:15,318] [INFO] [ScannerMMXM] [EURUSD] scan() called | session=London | killzone=London
[2026-06-02 14:53:15,318] [INFO] [ScannerMMXM] [EURUSD] Cooldown check passed
[2026-06-02 14:53:15,319] [INFO] [ScannerMMXM] [EURUSD] M15 candles: 100 | M1 candles: 100
[2026-06-02 14:53:15,320] [INFO] [ScannerMMXM] [EURUSD] Bias: SELL | Price: 1.1091206030150753 | Midpoint: 1.1085954773869346
[2026-06-02 14:53:15,320] [INFO] [ScannerMMXM] [EURUSD] Liquidity sweep: True
[2026-06-02 14:53:15,320] [INFO] [ScannerMMXM] [EURUSD] Displacement: False
[2026-06-02 14:53:15,321] [DEBUG] [ScannerMMXM] [EURUSD] No MSS/displacement detected. Skipping.
[2026-06-02 14:53:15,321] [INFO] [ScannerMMXM] [EURUSD] scan() called | session=London | killzone=London
[2026-06-02 14:53:15,321] [INFO] [ScannerMMXM] [EURUSD] Cooldown check passed
[2026-06-02 14:53:15,322] [INFO] [ScannerMMXM] [EURUSD] M15 candles: 100 | M1 candles: 100
[2026-06-02 14:53:15,323] [INFO] [ScannerMMXM] [EURUSD] Bias: SELL | Price: 1.109175879396985 | Midpoint: 1.1086507537688441
[2026-06-02 14:53:15,323] [INFO] [ScannerMMXM] [EURUSD] Liquidity sweep: True
[2026-06-02 14:53:15,324] [INFO] [ScannerMMXM] [EURUSD] Displacement: False
[2026-06-02 14:53:15,324] [DEBUG] [ScannerMMXM] [EURUSD] No MSS/displacement detected. Skipping.
[2026-06-02 14:53:15,324] [INFO] [ScannerMMXM] [EURUSD] scan() called | session=London | killzone=London
[2026-06-02 14:53:15,325] [INFO] [ScannerMMXM] [EURUSD] Cooldown check passed
[2026-06-02 14:53:15,326] [INFO] [ScannerMMXM] [EURUSD] M15 candles: 100 | M1 candles: 100
[2026-06-02 14:53:15,327] [INFO] [ScannerMMXM] [EURUSD] Bias: SELL | Price: 1.1092311557788945 | Midpoint: 1.1087060301507536
[2026-06-02 14:53:15,327] [INFO] [ScannerMMXM] [EURUSD] Liquidity sweep: True
[2026-06-02 14:53:15,328] [INFO] [ScannerMMXM] [EURUSD] Displacement: False
[2026-06-02 14:53:15,328] [DEBUG] [ScannerMMXM] [EURUSD] No MSS/displacement detected. Skipping.
[2026-06-02 14:53:15,328] [INFO] [ScannerMMXM] [EURUSD] scan() called | session=London | killzone=London
[2026-06-02 14:53:15,328] [INFO] [ScannerMMXM] [EURUSD] Cooldown check passed
[2026-06-02 14:53:15,330] [INFO] [ScannerMMXM] [EURUSD] M15 candles: 100 | M1 candles: 100
[2026-06-02 14:53:15,330] [INFO] [ScannerMMXM] [EURUSD] Bias: SELL | Price: 1.109286432160804 | Midpoint: 1.1087613065326634
[2026-06-02 14:53:15,331] [INFO] [ScannerMMXM] [EURUSD] Liquidity sweep: True
[2026-06-02 14:53:15,331] [INFO] [ScannerMMXM] [EURUSD] Displacement: False
[2026-06-02 14:53:15,331] [DEBUG] [ScannerMMXM] [EURUSD] No MSS/displacement detected. Skipping.
[2026-06-02 14:53:15,331] [INFO] [ScannerMMXM] [EURUSD] scan() called | session=London | killzone=London
[2026-06-02 14:53:15,332] [INFO] [ScannerMMXM] [EURUSD] Cooldown check passed
[2026-06-02 14:53:15,333] [INFO] [ScannerMMXM] [EURUSD] M15 candles: 100 | M1 candles: 100
[2026-06-02 14:53:15,333] [INFO] [ScannerMMXM] [EURUSD] Bias: SELL | Price: 1.1093417085427135 | Midpoint: 1.1088165829145729
[2026-06-02 14:53:15,334] [INFO] [ScannerMMXM] [EURUSD] Liquidity sweep: True
[2026-06-02 14:53:15,334] [INFO] [ScannerMMXM] [EURUSD] Displacement: False
[2026-06-02 14:53:15,334] [DEBUG] [ScannerMMXM] [EURUSD] No MSS/displacement detected. Skipping.
[2026-06-02 14:53:15,335] [INFO] [ScannerMMXM] [EURUSD] scan() called | session=London | killzone=London
[2026-06-02 14:53:15,335] [INFO] [ScannerMMXM] [EURUSD] Cooldown check passed
[2026-06-02 14:53:15,336] [INFO] [ScannerMMXM] [EURUSD] M15 candles: 100 | M1 candles: 100
[2026-06-02 14:53:15,337] [INFO] [ScannerMMXM] [EURUSD] Bias: SELL | Price: 1.109396984924623 | Midpoint: 1.1088718592964824
[2026-06-02 14:53:15,337] [INFO] [ScannerMMXM] [EURUSD] Liquidity sweep: True
[2026-06-02 14:53:15,338] [INFO] [ScannerMMXM] [EURUSD] Displacement: False
[2026-06-02 14:53:15,338] [DEBUG] [ScannerMMXM] [EURUSD] No MSS/displacement detected. Skipping.
[2026-06-02 14:53:15,338] [INFO] [BacktestEngine] [BT] 📊 TP1 Hit | EURUSD | Partial locked: +50.00 | SL → BE
[2026-06-02 14:53:15,338] [INFO] [ScannerMMXM] [EURUSD] scan() called | session=London | killzone=London
[2026-06-02 14:53:15,338] [INFO] [ScannerMMXM] [EURUSD] Cooldown check passed
[2026-06-02 14:53:15,340] [INFO] [ScannerMMXM] [EURUSD] M15 candles: 100 | M1 candles: 100
[2026-06-02 14:53:15,340] [INFO] [ScannerMMXM] [EURUSD] Bias: SELL | Price: 1.1094522613065327 | Midpoint: 1.108927135678392
[2026-06-02 14:53:15,341] [INFO] [ScannerMMXM] [EURUSD] Liquidity sweep: True
[2026-06-02 14:53:15,342] [INFO] [ScannerMMXM] [EURUSD] Displacement: False
[2026-06-02 14:53:15,342] [DEBUG] [ScannerMMXM] [EURUSD] No MSS/displacement detected. Skipping.
[2026-06-02 14:53:15,343] [INFO] [ScannerMMXM] [EURUSD] scan() called | session=London | killzone=London
[2026-06-02 14:53:15,343] [INFO] [ScannerMMXM] [EURUSD] Cooldown check passed
[2026-06-02 14:53:15,345] [INFO] [ScannerMMXM] [EURUSD] M15 candles: 100 | M1 candles: 100
[2026-06-02 14:53:15,345] [INFO] [ScannerMMXM] [EURUSD] Bias: SELL | Price: 1.1095075376884422 | Midpoint: 1.1089824120603016
[2026-06-02 14:53:15,346] [INFO] [ScannerMMXM] [EURUSD] Liquidity sweep: True
[2026-06-02 14:53:15,346] [INFO] [ScannerMMXM] [EURUSD] Displacement: False
[2026-06-02 14:53:15,346] [DEBUG] [ScannerMMXM] [EURUSD] No MSS/displacement detected. Skipping.
[2026-06-02 14:53:15,347] [INFO] [ScannerMMXM] [EURUSD] scan() called | session=London | killzone=London
[2026-06-02 14:53:15,347] [INFO] [ScannerMMXM] [EURUSD] Cooldown check passed
[2026-06-02 14:53:15,348] [INFO] [ScannerMMXM] [EURUSD] M15 candles: 100 | M1 candles: 100
[2026-06-02 14:53:15,349] [INFO] [ScannerMMXM] [EURUSD] Bias: SELL | Price: 1.1095628140703517 | Midpoint: 1.109037688442211
[2026-06-02 14:53:15,349] [INFO] [ScannerMMXM] [EURUSD] Liquidity sweep: True
[2026-06-02 14:53:15,350] [INFO] [ScannerMMXM] [EURUSD] Displacement: False
[2026-06-02 14:53:15,350] [DEBUG] [ScannerMMXM] [EURUSD] No MSS/displacement detected. Skipping.
[2026-06-02 14:53:15,350] [INFO] [ScannerMMXM] [EURUSD] scan() called | session=London | killzone=London
[2026-06-02 14:53:15,350] [INFO] [ScannerMMXM] [EURUSD] Cooldown check passed
[2026-06-02 14:53:15,352] [INFO] [ScannerMMXM] [EURUSD] M15 candles: 100 | M1 candles: 100
[2026-06-02 14:53:15,353] [INFO] [ScannerMMXM] [EURUSD] Bias: SELL | Price: 1.1096180904522612 | Midpoint: 1.1090929648241206
[2026-06-02 14:53:15,353] [INFO] [ScannerMMXM] [EURUSD] Liquidity sweep: True
[2026-06-02 14:53:15,354] [INFO] [ScannerMMXM] [EURUSD] Displacement: False
[2026-06-02 14:53:15,354] [DEBUG] [ScannerMMXM] [EURUSD] No MSS/displacement detected. Skipping.
[2026-06-02 14:53:15,354] [INFO] [ScannerMMXM] [EURUSD] scan() called | session=London | killzone=London
[2026-06-02 14:53:15,354] [INFO] [ScannerMMXM] [EURUSD] Cooldown check passed
[2026-06-02 14:53:15,355] [INFO] [ScannerMMXM] [EURUSD] M15 candles: 100 | M1 candles: 100
[2026-06-02 14:53:15,356] [INFO] [ScannerMMXM] [EURUSD] Bias: SELL | Price: 1.109673366834171 | Midpoint: 1.10914824120603
[2026-06-02 14:53:15,357] [INFO] [ScannerMMXM] [EURUSD] Liquidity sweep: True
[2026-06-02 14:53:15,357] [INFO] [ScannerMMXM] [EURUSD] Displacement: False
[2026-06-02 14:53:15,357] [DEBUG] [ScannerMMXM] [EURUSD] No MSS/displacement detected. Skipping.
[2026-06-02 14:53:15,357] [INFO] [ScannerMMXM] [EURUSD] scan() called | session=London | killzone=London
[2026-06-02 14:53:15,358] [INFO] [ScannerMMXM] [EURUSD] Cooldown check passed
[2026-06-02 14:53:15,359] [INFO] [ScannerMMXM] [EURUSD] M15 candles: 100 | M1 candles: 100
[2026-06-02 14:53:15,360] [INFO] [ScannerMMXM] [EURUSD] Bias: SELL | Price: 1.1097286432160804 | Midpoint: 1.1092035175879398
[2026-06-02 14:53:15,361] [INFO] [ScannerMMXM] [EURUSD] Liquidity sweep: True
[2026-06-02 14:53:15,361] [INFO] [ScannerMMXM] [EURUSD] Displacement: False
[2026-06-02 14:53:15,361] [DEBUG] [ScannerMMXM] [EURUSD] No MSS/displacement detected. Skipping.
[2026-06-02 14:53:15,361] [INFO] [ScannerMMXM] [EURUSD] scan() called | session=London | killzone=London
[2026-06-02 14:53:15,362] [INFO] [ScannerMMXM] [EURUSD] Cooldown check passed
[2026-06-02 14:53:15,363] [INFO] [ScannerMMXM] [EURUSD] M15 candles: 100 | M1 candles: 100
[2026-06-02 14:53:15,364] [INFO] [ScannerMMXM] [EURUSD] Bias: SELL | Price: 1.10978391959799 | Midpoint: 1.1092587939698493
[2026-06-02 14:53:15,364] [INFO] [ScannerMMXM] [EURUSD] Liquidity sweep: True
[2026-06-02 14:53:15,365] [INFO] [ScannerMMXM] [EURUSD] Displacement: False
[2026-06-02 14:53:15,365] [DEBUG] [ScannerMMXM] [EURUSD] No MSS/displacement detected. Skipping.
[2026-06-02 14:53:15,365] [INFO] [ScannerMMXM] [EURUSD] scan() called | session=London | killzone=London
[2026-06-02 14:53:15,365] [INFO] [ScannerMMXM] [EURUSD] Cooldown check passed
[2026-06-02 14:53:15,367] [INFO] [ScannerMMXM] [EURUSD] M15 candles: 100 | M1 candles: 100
[2026-06-02 14:53:15,368] [INFO] [ScannerMMXM] [EURUSD] Bias: SELL | Price: 1.1098391959798994 | Midpoint: 1.1093140703517588
[2026-06-02 14:53:15,368] [INFO] [ScannerMMXM] [EURUSD] Liquidity sweep: True
[2026-06-02 14:53:15,368] [INFO] [ScannerMMXM] [EURUSD] Displacement: False
[2026-06-02 14:53:15,369] [DEBUG] [ScannerMMXM] [EURUSD] No MSS/displacement detected. Skipping.
[2026-06-02 14:53:15,369] [INFO] [ScannerMMXM] [EURUSD] scan() called | session=London | killzone=London
[2026-06-02 14:53:15,369] [INFO] [ScannerMMXM] [EURUSD] Cooldown check passed
[2026-06-02 14:53:15,370] [INFO] [ScannerMMXM] [EURUSD] M15 candles: 100 | M1 candles: 100
[2026-06-02 14:53:15,371] [INFO] [ScannerMMXM] [EURUSD] Bias: SELL | Price: 1.109894472361809 | Midpoint: 1.1093693467336683
[2026-06-02 14:53:15,371] [INFO] [ScannerMMXM] [EURUSD] Liquidity sweep: True
[2026-06-02 14:53:15,372] [INFO] [ScannerMMXM] [EURUSD] Displacement: False
[2026-06-02 14:53:15,372] [DEBUG] [ScannerMMXM] [EURUSD] No MSS/displacement detected. Skipping.
[2026-06-02 14:53:15,372] [INFO] [ScannerMMXM] [EURUSD] scan() called | session=London | killzone=London
[2026-06-02 14:53:15,372] [INFO] [ScannerMMXM] [EURUSD] Cooldown check passed
[2026-06-02 14:53:15,374] [INFO] [ScannerMMXM] [EURUSD] M15 candles: 100 | M1 candles: 100
[2026-06-02 14:53:15,375] [INFO] [ScannerMMXM] [EURUSD] Bias: SELL | Price: 1.1099497487437187 | Midpoint: 1.109424623115578
[2026-06-02 14:53:15,375] [INFO] [ScannerMMXM] [EURUSD] Liquidity sweep: True
[2026-06-02 14:53:15,376] [INFO] [ScannerMMXM] [EURUSD] Displacement: False
[2026-06-02 14:53:15,376] [DEBUG] [ScannerMMXM] [EURUSD] No MSS/displacement detected. Skipping.
[2026-06-02 14:53:15,376] [INFO] [ScannerMMXM] [EURUSD] scan() called | session=London | killzone=London
[2026-06-02 14:53:15,376] [INFO] [ScannerMMXM] [EURUSD] Cooldown check passed
[2026-06-02 14:53:15,378] [INFO] [ScannerMMXM] [EURUSD] M15 candles: 100 | M1 candles: 100
[2026-06-02 14:53:15,379] [INFO] [ScannerMMXM] [EURUSD] Bias: SELL | Price: 1.1100050251256282 | Midpoint: 1.1094798994974875
[2026-06-02 14:53:15,379] [INFO] [ScannerMMXM] [EURUSD] Liquidity sweep: True
[2026-06-02 14:53:15,379] [INFO] [ScannerMMXM] [EURUSD] Displacement: False
[2026-06-02 14:53:15,380] [DEBUG] [ScannerMMXM] [EURUSD] No MSS/displacement detected. Skipping.
[2026-06-02 14:53:15,380] [INFO] [ScannerMMXM] [EURUSD] scan() called | session=London | killzone=London
[2026-06-02 14:53:15,380] [INFO] [ScannerMMXM] [EURUSD] Cooldown check passed
[2026-06-02 14:53:15,382] [INFO] [ScannerMMXM] [EURUSD] M15 candles: 100 | M1 candles: 100
[2026-06-02 14:53:15,382] [INFO] [ScannerMMXM] [EURUSD] Bias: SELL | Price: 1.1100603015075377 | Midpoint: 1.109535175879397
[2026-06-02 14:53:15,383] [INFO] [ScannerMMXM] [EURUSD] Liquidity sweep: True
[2026-06-02 14:53:15,383] [INFO] [ScannerMMXM] [EURUSD] Displacement: False
[2026-06-02 14:53:15,383] [DEBUG] [ScannerMMXM] [EURUSD] No MSS/displacement detected. Skipping.
[2026-06-02 14:53:15,384] [INFO] [ScannerMMXM] [EURUSD] scan() called | session=London | killzone=London
[2026-06-02 14:53:15,384] [INFO] [ScannerMMXM] [EURUSD] Cooldown check passed
[2026-06-02 14:53:15,385] [INFO] [ScannerMMXM] [EURUSD] M15 candles: 100 | M1 candles: 100
[2026-06-02 14:53:15,386] [INFO] [ScannerMMXM] [EURUSD] Bias: SELL | Price: 1.1101155778894471 | Midpoint: 1.1095904522613065
[2026-06-02 14:53:15,387] [INFO] [ScannerMMXM] [EURUSD] Liquidity sweep: True
[2026-06-02 14:53:15,387] [INFO] [ScannerMMXM] [EURUSD] Displacement: False
[2026-06-02 14:53:15,387] [DEBUG] [ScannerMMXM] [EURUSD] No MSS/displacement detected. Skipping.
[2026-06-02 14:53:15,387] [INFO] [ScannerMMXM] [EURUSD] scan() called | session=London | killzone=London
[2026-06-02 14:53:15,387] [INFO] [ScannerMMXM] [EURUSD] Cooldown check passed
[2026-06-02 14:53:15,389] [INFO] [ScannerMMXM] [EURUSD] M15 candles: 100 | M1 candles: 100
[2026-06-02 14:53:15,390] [INFO] [ScannerMMXM] [EURUSD] Bias: SELL | Price: 1.1101708542713569 | Midpoint: 1.109645728643216
[2026-06-02 14:53:15,390] [INFO] [ScannerMMXM] [EURUSD] Liquidity sweep: True
[2026-06-02 14:53:15,391] [INFO] [ScannerMMXM] [EURUSD] Displacement: False
[2026-06-02 14:53:15,391] [DEBUG] [ScannerMMXM] [EURUSD] No MSS/displacement detected. Skipping.
[2026-06-02 14:53:15,391] [INFO] [ScannerMMXM] [EURUSD] scan() called | session=London | killzone=London
[2026-06-02 14:53:15,391] [INFO] [ScannerMMXM] [EURUSD] Cooldown check passed
[2026-06-02 14:53:15,393] [INFO] [ScannerMMXM] [EURUSD] M15 candles: 100 | M1 candles: 100
[2026-06-02 14:53:15,394] [INFO] [ScannerMMXM] [EURUSD] Bias: SELL | Price: 1.1102261306532664 | Midpoint: 1.1097010050251257
[2026-06-02 14:53:15,394] [INFO] [ScannerMMXM] [EURUSD] Liquidity sweep: True
[2026-06-02 14:53:15,395] [INFO] [ScannerMMXM] [EURUSD] Displacement: False
[2026-06-02 14:53:15,395] [DEBUG] [ScannerMMXM] [EURUSD] No MSS/displacement detected. Skipping.
[2026-06-02 14:53:15,395] [INFO] [ScannerMMXM] [EURUSD] scan() called | session=London | killzone=London
[2026-06-02 14:53:15,395] [INFO] [ScannerMMXM] [EURUSD] Cooldown check passed
[2026-06-02 14:53:15,397] [INFO] [ScannerMMXM] [EURUSD] M15 candles: 100 | M1 candles: 100
[2026-06-02 14:53:15,397] [INFO] [ScannerMMXM] [EURUSD] Bias: SELL | Price: 1.1102814070351759 | Midpoint: 1.1097562814070352
[2026-06-02 14:53:15,398] [INFO] [ScannerMMXM] [EURUSD] Liquidity sweep: True
[2026-06-02 14:53:15,398] [INFO] [ScannerMMXM] [EURUSD] Displacement: False
[2026-06-02 14:53:15,399] [DEBUG] [ScannerMMXM] [EURUSD] No MSS/displacement detected. Skipping.
[2026-06-02 14:53:15,399] [INFO] [ScannerMMXM] [EURUSD] scan() called | session=London | killzone=London
[2026-06-02 14:53:15,399] [INFO] [ScannerMMXM] [EURUSD] Cooldown check passed
[2026-06-02 14:53:15,400] [INFO] [ScannerMMXM] [EURUSD] M15 candles: 100 | M1 candles: 100
[2026-06-02 14:53:15,401] [INFO] [ScannerMMXM] [EURUSD] Bias: SELL | Price: 1.1103366834170854 | Midpoint: 1.1098115577889447
[2026-06-02 14:53:15,402] [INFO] [ScannerMMXM] [EURUSD] Liquidity sweep: True
[2026-06-02 14:53:15,402] [INFO] [ScannerMMXM] [EURUSD] Displacement: False
[2026-06-02 14:53:15,402] [DEBUG] [ScannerMMXM] [EURUSD] No MSS/displacement detected. Skipping.
[2026-06-02 14:53:15,402] [INFO] [ScannerMMXM] [EURUSD] scan() called | session=London | killzone=London
[2026-06-02 14:53:15,402] [INFO] [ScannerMMXM] [EURUSD] Cooldown check passed
[2026-06-02 14:53:15,404] [INFO] [ScannerMMXM] [EURUSD] M15 candles: 100 | M1 candles: 100
[2026-06-02 14:53:15,405] [INFO] [ScannerMMXM] [EURUSD] Bias: SELL | Price: 1.110391959798995 | Midpoint: 1.1098668341708544
[2026-06-02 14:53:15,405] [INFO] [ScannerMMXM] [EURUSD] Liquidity sweep: True
[2026-06-02 14:53:15,406] [INFO] [ScannerMMXM] [EURUSD] Displacement: False
[2026-06-02 14:53:15,406] [DEBUG] [ScannerMMXM] [EURUSD] No MSS/displacement detected. Skipping.
[2026-06-02 14:53:15,406] [INFO] [ScannerMMXM] [EURUSD] scan() called | session=London | killzone=London
[2026-06-02 14:53:15,406] [INFO] [ScannerMMXM] [EURUSD] Cooldown check passed
[2026-06-02 14:53:15,408] [INFO] [ScannerMMXM] [EURUSD] M15 candles: 100 | M1 candles: 100
[2026-06-02 14:53:15,409] [INFO] [ScannerMMXM] [EURUSD] Bias: SELL | Price: 1.1104472361809046 | Midpoint: 1.109922110552764
[2026-06-02 14:53:15,409] [INFO] [ScannerMMXM] [EURUSD] Liquidity sweep: True
[2026-06-02 14:53:15,410] [INFO] [ScannerMMXM] [EURUSD] Displacement: False
[2026-06-02 14:53:15,410] [DEBUG] [ScannerMMXM] [EURUSD] No MSS/displacement detected. Skipping.
[2026-06-02 14:53:15,410] [INFO] [ScannerMMXM] [EURUSD] scan() called | session=London | killzone=London
[2026-06-02 14:53:15,410] [INFO] [ScannerMMXM] [EURUSD] Cooldown check passed
[2026-06-02 14:53:15,412] [INFO] [ScannerMMXM] [EURUSD] M15 candles: 100 | M1 candles: 100
[2026-06-02 14:53:15,413] [INFO] [ScannerMMXM] [EURUSD] Bias: SELL | Price: 1.110502512562814 | Midpoint: 1.1099773869346734
[2026-06-02 14:53:15,413] [INFO] [ScannerMMXM] [EURUSD] Liquidity sweep: True
[2026-06-02 14:53:15,413] [INFO] [ScannerMMXM] [EURUSD] Displacement: False
[2026-06-02 14:53:15,414] [DEBUG] [ScannerMMXM] [EURUSD] No MSS/displacement detected. Skipping.
[2026-06-02 14:53:15,414] [INFO] [ScannerMMXM] [EURUSD] scan() called | session=London | killzone=London
[2026-06-02 14:53:15,414] [INFO] [ScannerMMXM] [EURUSD] Cooldown check passed
[2026-06-02 14:53:15,415] [INFO] [ScannerMMXM] [EURUSD] M15 candles: 100 | M1 candles: 100
[2026-06-02 14:53:15,416] [INFO] [ScannerMMXM] [EURUSD] Bias: SELL | Price: 1.1105577889447236 | Midpoint: 1.110032663316583
[2026-06-02 14:53:15,417] [INFO] [ScannerMMXM] [EURUSD] Liquidity sweep: True
[2026-06-02 14:53:15,417] [INFO] [ScannerMMXM] [EURUSD] Displacement: False
[2026-06-02 14:53:15,417] [DEBUG] [ScannerMMXM] [EURUSD] No MSS/displacement detected. Skipping.
[2026-06-02 14:53:15,417] [INFO] [ScannerMMXM] [EURUSD] scan() called | session=London | killzone=London
[2026-06-02 14:53:15,417] [INFO] [ScannerMMXM] [EURUSD] Cooldown check passed
[2026-06-02 14:53:15,419] [INFO] [ScannerMMXM] [EURUSD] M15 candles: 100 | M1 candles: 100
[2026-06-02 14:53:15,419] [INFO] [ScannerMMXM] [EURUSD] Bias: SELL | Price: 1.110613065326633 | Midpoint: 1.1100879396984924
[2026-06-02 14:53:15,420] [INFO] [ScannerMMXM] [EURUSD] Liquidity sweep: True
[2026-06-02 14:53:15,420] [INFO] [ScannerMMXM] [EURUSD] Displacement: False
[2026-06-02 14:53:15,420] [DEBUG] [ScannerMMXM] [EURUSD] No MSS/displacement detected. Skipping.
[2026-06-02 14:53:15,421] [INFO] [ScannerMMXM] [EURUSD] scan() called | session=London | killzone=London
[2026-06-02 14:53:15,421] [INFO] [ScannerMMXM] [EURUSD] Cooldown check passed
[2026-06-02 14:53:15,422] [INFO] [ScannerMMXM] [EURUSD] M15 candles: 100 | M1 candles: 100
[2026-06-02 14:53:15,423] [INFO] [ScannerMMXM] [EURUSD] Bias: SELL | Price: 1.1106683417085428 | Midpoint: 1.110143216080402
[2026-06-02 14:53:15,423] [INFO] [ScannerMMXM] [EURUSD] Liquidity sweep: True
[2026-06-02 14:53:15,424] [INFO] [ScannerMMXM] [EURUSD] Displacement: False
[2026-06-02 14:53:15,424] [DEBUG] [ScannerMMXM] [EURUSD] No MSS/displacement detected. Skipping.
[2026-06-02 14:53:15,424] [INFO] [ScannerMMXM] [EURUSD] scan() called | session=London | killzone=London
[2026-06-02 14:53:15,425] [INFO] [ScannerMMXM] [EURUSD] Cooldown check passed
[2026-06-02 14:53:15,426] [INFO] [ScannerMMXM] [EURUSD] M15 candles: 100 | M1 candles: 100
[2026-06-02 14:53:15,427] [INFO] [ScannerMMXM] [EURUSD] Bias: SELL | Price: 1.1107236180904523 | Midpoint: 1.1101984924623116
[2026-06-02 14:53:15,427] [INFO] [ScannerMMXM] [EURUSD] Liquidity sweep: True
[2026-06-02 14:53:15,428] [INFO] [ScannerMMXM] [EURUSD] Displacement: False
[2026-06-02 14:53:15,428] [DEBUG] [ScannerMMXM] [EURUSD] No MSS/displacement detected. Skipping.
[2026-06-02 14:53:15,428] [INFO] [ScannerMMXM] [EURUSD] scan() called | session=London | killzone=London
[2026-06-02 14:53:15,428] [INFO] [ScannerMMXM] [EURUSD] Cooldown check passed
[2026-06-02 14:53:15,430] [INFO] [ScannerMMXM] [EURUSD] M15 candles: 100 | M1 candles: 100
[2026-06-02 14:53:15,431] [INFO] [ScannerMMXM] [EURUSD] Bias: SELL | Price: 1.1107788944723618 | Midpoint: 1.1102537688442211
[2026-06-02 14:53:15,431] [INFO] [ScannerMMXM] [EURUSD] Liquidity sweep: True
[2026-06-02 14:53:15,431] [INFO] [ScannerMMXM] [EURUSD] Displacement: False
[2026-06-02 14:53:15,432] [DEBUG] [ScannerMMXM] [EURUSD] No MSS/displacement detected. Skipping.
[2026-06-02 14:53:15,432] [INFO] [ScannerMMXM] [EURUSD] scan() called | session=London | killzone=London
[2026-06-02 14:53:15,432] [INFO] [ScannerMMXM] [EURUSD] Cooldown check passed
[2026-06-02 14:53:15,433] [INFO] [ScannerMMXM] [EURUSD] M15 candles: 100 | M1 candles: 100
[2026-06-02 14:53:15,434] [INFO] [ScannerMMXM] [EURUSD] Bias: SELL | Price: 1.1108341708542713 | Midpoint: 1.1103090452261306
[2026-06-02 14:53:15,434] [INFO] [ScannerMMXM] [EURUSD] Liquidity sweep: True
[2026-06-02 14:53:15,435] [INFO] [ScannerMMXM] [EURUSD] Displacement: False
[2026-06-02 14:53:15,437] [DEBUG] [ScannerMMXM] [EURUSD] No MSS/displacement detected. Skipping.
[2026-06-02 14:53:15,437] [INFO] [ScannerMMXM] [EURUSD] scan() called | session=London | killzone=London
[2026-06-02 14:53:15,437] [INFO] [ScannerMMXM] [EURUSD] Cooldown check passed
[2026-06-02 14:53:15,439] [INFO] [ScannerMMXM] [EURUSD] M15 candles: 100 | M1 candles: 100
[2026-06-02 14:53:15,440] [INFO] [ScannerMMXM] [EURUSD] Bias: SELL | Price: 1.110889447236181 | Midpoint: 1.1103643216080403
[2026-06-02 14:53:15,440] [INFO] [ScannerMMXM] [EURUSD] Liquidity sweep: True
[2026-06-02 14:53:15,441] [INFO] [ScannerMMXM] [EURUSD] Displacement: False
[2026-06-02 14:53:15,441] [DEBUG] [ScannerMMXM] [EURUSD] No MSS/displacement detected. Skipping.
[2026-06-02 14:53:15,441] [INFO] [ScannerMMXM] [EURUSD] scan() called | session=London | killzone=London
[2026-06-02 14:53:15,441] [INFO] [ScannerMMXM] [EURUSD] Cooldown check passed
[2026-06-02 14:53:15,443] [INFO] [ScannerMMXM] [EURUSD] M15 candles: 100 | M1 candles: 100
[2026-06-02 14:53:15,444] [INFO] [ScannerMMXM] [EURUSD] Bias: SELL | Price: 1.1109447236180905 | Midpoint: 1.1104195979899498
[2026-06-02 14:53:15,445] [INFO] [ScannerMMXM] [EURUSD] Liquidity sweep: True
[2026-06-02 14:53:15,445] [INFO] [ScannerMMXM] [EURUSD] Displacement: False
[2026-06-02 14:53:15,445] [DEBUG] [ScannerMMXM] [EURUSD] No MSS/displacement detected. Skipping.
[2026-06-02 14:53:15,445] [INFO] [ScannerMMXM] [EURUSD] scan() called | session=London | killzone=London
[2026-06-02 14:53:15,446] [INFO] [ScannerMMXM] [EURUSD] Cooldown check passed
[2026-06-02 14:53:15,447] [INFO] [ScannerMMXM] [EURUSD] M15 candles: 100 | M1 candles: 100
[2026-06-02 14:53:15,447] [INFO] [ScannerMMXM] [EURUSD] Bias: SELL | Price: 1.111 | Midpoint: 1.1104748743718593
[2026-06-02 14:53:15,448] [INFO] [ScannerMMXM] [EURUSD] Liquidity sweep: True
[2026-06-02 14:53:15,448] [INFO] [ScannerMMXM] [EURUSD] Displacement: False
[2026-06-02 14:53:15,449] [DEBUG] [ScannerMMXM] [EURUSD] No MSS/displacement detected. Skipping.
[2026-06-02 14:53:15,449] [INFO] [BacktestEngine] [BT] Trade EXPIRED at session end: test_id
[2026-06-02 14:53:15,449] [INFO] [BacktestEngine] [BT] Replay complete | Signals: 0 | Trades: 1
[2026-06-02 14:53:15,454] [WARNING] [BacktestEngine] [BT] ⚠️  breakeven_buffer_pips (30) > sl_pips_fx (25) for EURUSD. Runner SL will be placed 5 pips ABOVE TP1, causing almost all runners to stop immediately. Consider setting breakeven_buffer_pips <= 25 in config.json.
[2026-06-02 14:53:15,455] [INFO] [BacktestEngine] [BT] Starting replay: EURUSD | 200 M1 bars
[2026-06-02 14:53:15,466] [INFO] [BacktestEngine] [BT] Replay complete | Signals: 0 | Trades: 0
[2026-06-02 14:53:15,471] [DEBUG] [ScannerZGMT] [EURUSD] ZGMT: Scan started | Session=London | KZ=Asia
[2026-06-02 14:53:15,471] [DEBUG] [ScannerZGMT] [EURUSD] ZGMT: Insufficient D1 candles for PD bias (0/20).
[2026-06-02 14:53:15,471] [INFO] [ScannerZGMT] [EURUSD] ZGMT: Could not determine D1 PD bias — skipping.
[2026-06-02 14:53:15,472] [DEBUG] [ScannerZGMT] [EURUSD] ZGMT: Scan started | Session=London | KZ=Asia
[2026-06-02 14:53:15,472] [DEBUG] [ScannerZGMT] [EURUSD] ZGMT: D1 Range High=1.12000 Low=1.08000 Mid=1.10000 BID=1.09000 → Bias=BULLISH
[2026-06-02 14:53:15,472] [DEBUG] [ScannerZGMT] [EURUSD] ZGMT: No H1 candles returned.
[2026-06-02 14:53:15,473] [INFO] [ScannerZGMT] [EURUSD] ZGMT: 0 GMT open price not available — skipping.
[2026-06-02 14:53:15,480] [WARNING] [BacktestEngine] [BT] ⚠️  breakeven_buffer_pips (30) > sl_pips_fx (25) for GBPJPY. Runner SL will be placed 5 pips ABOVE TP1, causing almost all runners to stop immediately. Consider setting breakeven_buffer_pips <= 25 in config.json.
[2026-06-02 14:53:15,482] [WARNING] [BacktestEngine] [BT] ⚠️  breakeven_buffer_pips (30) > sl_pips_fx (25) for USDJPY. Runner SL will be placed 5 pips ABOVE TP1, causing almost all runners to stop immediately. Consider setting breakeven_buffer_pips <= 25 in config.json.
[2026-06-02 14:53:15,484] [WARNING] [BacktestEngine] [BT] ⚠️  breakeven_buffer_pips (30) > sl_pips_fx (25) for EURJPY. Runner SL will be placed 5 pips ABOVE TP1, causing almost all runners to stop immediately. Consider setting breakeven_buffer_pips <= 25 in config.json.
[2026-06-02 14:53:15,490] [INFO] [BacktestEngine] [BT] Starting replay: XAUUSD | 130 M1 bars
[2026-06-02 14:53:15,490] [INFO] [BacktestEngine] [BT] Trade OPENED | XAUUSD BUY | Bar 120 | Entry: 2000.00000 | SL: 1999.05000 | TP1: 2000.95000 | TP2: 2001.90000 | Lot: 0.11 | Score: 90.0
[2026-06-02 14:53:15,491] [INFO] [BacktestEngine] [BT] 📊 TP1 Hit | XAUUSD | Partial locked: +5.70 | SL → BE
[2026-06-02 14:53:15,491] [INFO] [BacktestEngine] [BT] ✅ TP2 Hit | XAUUSD | P&L: +15.20
[2026-06-02 14:53:15,493] [INFO] [BacktestEngine] [BT] Replay complete | Signals: 1 | Trades: 1
[2026-06-02 14:53:15,497] [INFO] [Backtest] Fetching EURUSD M1 from MT5: 2024-04-01 → 2024-04-01
[2026-06-02 14:53:15,502] [INFO] [Backtest]   ✓ EURUSD M1: 10 bars fetched.
[2026-06-02 14:53:15,505] [DEBUG] [ScannerZGMT] [EURUSD] ZGMT Step 2B: Still inside exclusion window (now=00:05 UTC, window_ends=00:15 UTC). Deferring check.
[2026-06-02 14:53:15,506] [DEBUG] [ScannerZGMT] [EURUSD] ZGMT Step 2B: Level NOT YET TESTED. Proceeding.
[2026-06-02 14:53:15,508] [DEBUG] [ScannerZGMT] [EURUSD] ZGMT Step 2B: Level ALREADY TESTED (price touched). Candle H=1.25010 L=1.24990 vs ZGMT=1.25000
[2026-06-02 14:53:15,515] [DEBUG] [ScannerZGMT] [GBPUSD] ZGMT: Scan started | Session=Asia | KZ=Asia
[2026-06-02 14:53:15,516] [DEBUG] [ScannerZGMT] [GBPUSD] ZGMT: D1 Range High=1.37000 Low=1.35000 Mid=1.36000 BID=1.35200 → Bias=BULLISH
[2026-06-02 14:53:15,516] [DEBUG] [ScannerZGMT] [GBPUSD] ZGMT: Found 0 GMT open price = 1.35000 at 2026-05-21 00:00:00+00:00
[2026-06-02 14:53:15,516] [DEBUG] [ScannerZGMT] [GBPUSD] ZGMT Step 2B: Level NOT YET TESTED. Proceeding.
[2026-06-02 14:53:15,517] [DEBUG] [ScannerZGMT] [GBPUSD] ZGMT: ADR SL (100.0 pips) exceeds cap (50.0 pips). Capping.
[2026-06-02 14:53:15,517] [INFO] [ScannerZGMT] [GBPUSD] ZGMT Signal ✅ BUY | Entry=1.35000 SL=1.34500 TP2=1.36000 | 0GMT=1.35000 | Mode=ZGMT | Score=70.0
[2026-06-02 14:53:15,520] [INFO] [BacktestEngine] [BT] 📊 TP1 Hit | XAUUSD | Closed 0.010 lot @ 3250.00000 | P&L locked: +50.00 | SL → BE+30pips @ 3200.30000 | Remaining: 0.010 lot
[2026-06-02 14:53:15,521] [INFO] [BacktestEngine] [BT] ✅ TP2 Hit | XAUUSD | TP1 partial: +50.00 | TP2 runner: +100.00 | Total P&L: +150.00
[2026-06-02 14:53:15,524] [INFO] [BacktestEngine] [BT] ❌ SL Hit (pre-TP1) | XAUUSD | P&L: -100.00
[2026-06-02 14:53:15,528] [INFO] [BacktestEngine] [BT] 📊 TP1 Hit | XAUUSD | Closed 0.010 lot @ 3250.00000 | P&L locked: +50.00 | SL → BE+30pips @ 3200.30000 | Remaining: 0.010 lot
[2026-06-02 14:53:15,528] [INFO] [BacktestEngine] [BT] 🔶 Runner SL | XAUUSD | TP1 locked: +50.00 | Runner SL: +0.30 @ 3200.30000 | Total P&L: +50.30
[2026-06-02 14:53:15,531] [INFO] [BacktestEngine] [BT] 📊 TP1 Hit | XAUUSD | Closed 0.010 lot @ 3250.00000 | P&L locked: +50.00 | SL → BE+30pips @ 3200.30000 | Remaining: 0.010 lot
[2026-06-02 14:53:15,531] [INFO] [BacktestEngine] [BT] ✅ TP1+TP2 same bar | XAUUSD | TP1: +50.00 | TP2: +100.00 | Total P&L: +150.00
[2026-06-02 14:53:15,534] [INFO] [BacktestEngine] [BT] 📊 TP1 Hit | XAUUSD | Closed 0.010 lot @ 3150.00000 | P&L locked: +50.00 | SL → BE+30pips @ 3199.70000 | Remaining: 0.010 lot
[2026-06-02 14:53:15,535] [INFO] [BacktestEngine] [BT] ✅ TP2 Hit | XAUUSD | TP1 partial: +50.00 | TP2 runner: +100.00 | Total P&L: +150.00
[2026-06-02 14:53:15,593] [WARNING] [ScannerZGMT] [EURUSD] ZGMT-EXCEPTION: Insufficient D1 candles for ADR (2 available).
[2026-06-02 14:53:15,610] [WARNING] [ScannerZGMT] [EURUSD] ZGMT: ADR(5) unavailable — falling back to fixed SL/TP pips from config.
[2026-06-02 14:53:15,632] [DEBUG] [ScannerZGMT] [EURUSD] ZGMT: Scan started | Session=LONDON | KZ=OPEN
[2026-06-02 14:53:15,633] [DEBUG] [ScannerZGMT] [EURUSD] ZGMT: PD array check disabled — using tick direction.
[2026-06-02 14:53:15,634] [INFO] [ScannerZGMT] [EURUSD] ZGMT Signal ✅ BUY | Entry=1.10000 SL=1.09700 TP2=1.10600 | 0GMT=1.10000 | Mode=ZGMT | Score=70.0
[2026-06-02 14:53:15,634] [INFO] [ScannerZGMT] [EURUSD] ZGMT Signal ✅ BUY | Entry=1.09750 SL=1.09450 TP2=1.10350 | 0GMT=1.10000 | Mode=ZGMT | Score=70.0
