[2026-05-29 13:38:48,432] [INFO] [MT5Connector] MT5 connected: <MagicMock name='mt5.account_info().login' id='4528593552'>
[2026-05-29 13:38:48,434] [ERROR] [MT5Connector] MT5 initialization failed: <MagicMock name='mt5.last_error()' id='4525151568'>
[2026-05-29 13:38:48,438] [WARNING] [MT5Connector] Failed to get candles for EURUSD. Attempting one-time reconnect.
[2026-05-29 13:38:48,440] [INFO] [MT5Connector] MT5 connected: <MagicMock name='mt5.account_info().login' id='4528597248'>
[2026-05-29 13:38:48,440] [ERROR] [MT5Connector] Could not retrieve candles for EURUSD after retry.
[2026-05-29 13:38:48,462] [ERROR] [ExecutionEngine] Signal not found in DB: missing_id
[2026-05-29 13:38:48,464] [WARNING] [ExecutionEngine] [EURUSD] EXECUTION_BLOCKED: spread too high at execution (5.0 > 2.0)
[2026-05-29 13:38:48,467] [WARNING] [ExecutionEngine] [EURUSD] Bot disabled for today. Blocking execution.
[2026-05-29 13:38:48,471] [INFO] [TelegramBridge] Signal sent to Telegram: sig_1
[2026-05-29 13:38:48,473] [WARNING] [TelegramBridge] Signal expired on YES press: sig_1
[2026-05-29 13:38:48,480] [WARNING] [TradeManager] [EURUSD] Partial lot 0.00500 floored to 0.00000 < step 0.01000. Broker may not support this volume.
[2026-05-29 13:38:48,489] [WARNING] [TradeManager] 🛑 Daily loss limit reached (250.00 USD). Bot disabled for today.
[2026-05-29 13:38:48,498] [INFO] [GoogleSheetReporter] Added header row to Google Sheet.
[2026-05-29 13:38:48,498] [INFO] [GoogleSheetReporter] Successfully connected to Google Sheet.
[2026-05-29 13:38:48,499] [INFO] [GoogleSheetReporter] Added header row to Denied Google Sheet.
[2026-05-29 13:38:48,501] [ERROR] [GoogleSheetReporter] Google credentials file not found: dummy.json
[2026-05-29 13:38:48,521] [INFO] [ExecutionEngine] ✅ Trade OPEN | EURUSD BUY | Ticket: 12345
[2026-05-29 13:38:48,532] [INFO] [BacktestConnector] [BT] Order placed: EURUSD BUY 0.1 @ 1.10611 | Ticket: 1000001
[2026-05-29 13:38:48,534] [WARNING] [BacktestEngine] [BT] ⚠️  breakeven_buffer_pips (30) > sl_pips_fx (25) for EURUSD. Runner SL will be placed 5 pips ABOVE TP1, causing almost all runners to stop immediately. Consider setting breakeven_buffer_pips <= 25 in config.json.
[2026-05-29 13:38:48,535] [INFO] [BacktestEngine] [BT] Starting replay: EURUSD | 150 M1 bars
[2026-05-29 13:38:48,537] [INFO] [ScannerMMXM] [EURUSD] scan() called | session=London | killzone=London
[2026-05-29 13:38:48,537] [INFO] [ScannerMMXM] [EURUSD] Cooldown check passed
[2026-05-29 13:38:48,539] [INFO] [ScannerMMXM] [EURUSD] M15 candles: 100 | M1 candles: 100
[2026-05-29 13:38:48,540] [INFO] [ScannerMMXM] [EURUSD] Bias: SELL | Price: 1.1088590604026847 | Midpoint: 1.1081577181208053
[2026-05-29 13:38:48,541] [INFO] [ScannerMMXM] [EURUSD] Liquidity sweep: True
[2026-05-29 13:38:48,542] [INFO] [ScannerMMXM] [EURUSD] Displacement: False
[2026-05-29 13:38:48,542] [DEBUG] [ScannerMMXM] [EURUSD] No MSS/displacement detected. Skipping.
[2026-05-29 13:38:48,542] [INFO] [ScannerMMXM] [EURUSD] scan() called | session=London | killzone=London
[2026-05-29 13:38:48,543] [INFO] [ScannerMMXM] [EURUSD] Cooldown check passed
[2026-05-29 13:38:48,544] [INFO] [ScannerMMXM] [EURUSD] M15 candles: 100 | M1 candles: 100
[2026-05-29 13:38:48,545] [INFO] [ScannerMMXM] [EURUSD] Bias: SELL | Price: 1.1089328859060403 | Midpoint: 1.1082315436241612
[2026-05-29 13:38:48,546] [INFO] [ScannerMMXM] [EURUSD] Liquidity sweep: True
[2026-05-29 13:38:48,546] [INFO] [ScannerMMXM] [EURUSD] Displacement: False
[2026-05-29 13:38:48,546] [DEBUG] [ScannerMMXM] [EURUSD] No MSS/displacement detected. Skipping.
[2026-05-29 13:38:48,547] [INFO] [ScannerMMXM] [EURUSD] scan() called | session=London | killzone=London
[2026-05-29 13:38:48,547] [INFO] [ScannerMMXM] [EURUSD] Cooldown check passed
[2026-05-29 13:38:48,548] [INFO] [ScannerMMXM] [EURUSD] M15 candles: 100 | M1 candles: 100
[2026-05-29 13:38:48,549] [INFO] [ScannerMMXM] [EURUSD] Bias: SELL | Price: 1.109006711409396 | Midpoint: 1.1083053691275166
[2026-05-29 13:38:48,550] [INFO] [ScannerMMXM] [EURUSD] Liquidity sweep: True
[2026-05-29 13:38:48,550] [INFO] [ScannerMMXM] [EURUSD] Displacement: False
[2026-05-29 13:38:48,550] [DEBUG] [ScannerMMXM] [EURUSD] No MSS/displacement detected. Skipping.
[2026-05-29 13:38:48,551] [INFO] [ScannerMMXM] [EURUSD] scan() called | session=London | killzone=London
[2026-05-29 13:38:48,551] [INFO] [ScannerMMXM] [EURUSD] Cooldown check passed
[2026-05-29 13:38:48,552] [INFO] [ScannerMMXM] [EURUSD] M15 candles: 100 | M1 candles: 100
[2026-05-29 13:38:48,553] [INFO] [ScannerMMXM] [EURUSD] Bias: SELL | Price: 1.1090805369127517 | Midpoint: 1.1083791946308725
[2026-05-29 13:38:48,554] [INFO] [ScannerMMXM] [EURUSD] Liquidity sweep: True
[2026-05-29 13:38:48,554] [INFO] [ScannerMMXM] [EURUSD] Displacement: False
[2026-05-29 13:38:48,554] [DEBUG] [ScannerMMXM] [EURUSD] No MSS/displacement detected. Skipping.
[2026-05-29 13:38:48,555] [INFO] [ScannerMMXM] [EURUSD] scan() called | session=London | killzone=London
[2026-05-29 13:38:48,555] [INFO] [ScannerMMXM] [EURUSD] Cooldown check passed
[2026-05-29 13:38:48,557] [INFO] [ScannerMMXM] [EURUSD] M15 candles: 100 | M1 candles: 100
[2026-05-29 13:38:48,558] [INFO] [ScannerMMXM] [EURUSD] Bias: SELL | Price: 1.1091543624161073 | Midpoint: 1.1084530201342282
[2026-05-29 13:38:48,559] [INFO] [ScannerMMXM] [EURUSD] Liquidity sweep: True
[2026-05-29 13:38:48,559] [INFO] [ScannerMMXM] [EURUSD] Displacement: False
[2026-05-29 13:38:48,560] [DEBUG] [ScannerMMXM] [EURUSD] No MSS/displacement detected. Skipping.
[2026-05-29 13:38:48,560] [INFO] [ScannerMMXM] [EURUSD] scan() called | session=London | killzone=London
[2026-05-29 13:38:48,560] [INFO] [ScannerMMXM] [EURUSD] Cooldown check passed
[2026-05-29 13:38:48,562] [INFO] [ScannerMMXM] [EURUSD] M15 candles: 100 | M1 candles: 100
[2026-05-29 13:38:48,563] [INFO] [ScannerMMXM] [EURUSD] Bias: SELL | Price: 1.109228187919463 | Midpoint: 1.1085268456375839
[2026-05-29 13:38:48,564] [INFO] [ScannerMMXM] [EURUSD] Liquidity sweep: True
[2026-05-29 13:38:48,565] [INFO] [ScannerMMXM] [EURUSD] Displacement: False
[2026-05-29 13:38:48,565] [DEBUG] [ScannerMMXM] [EURUSD] No MSS/displacement detected. Skipping.
[2026-05-29 13:38:48,566] [INFO] [ScannerMMXM] [EURUSD] scan() called | session=London | killzone=London
[2026-05-29 13:38:48,567] [INFO] [ScannerMMXM] [EURUSD] Cooldown check passed
[2026-05-29 13:38:48,569] [INFO] [ScannerMMXM] [EURUSD] M15 candles: 100 | M1 candles: 100
[2026-05-29 13:38:48,569] [INFO] [ScannerMMXM] [EURUSD] Bias: SELL | Price: 1.1093020134228189 | Midpoint: 1.1086006711409397
[2026-05-29 13:38:48,570] [INFO] [ScannerMMXM] [EURUSD] Liquidity sweep: True
[2026-05-29 13:38:48,571] [INFO] [ScannerMMXM] [EURUSD] Displacement: False
[2026-05-29 13:38:48,571] [DEBUG] [ScannerMMXM] [EURUSD] No MSS/displacement detected. Skipping.
[2026-05-29 13:38:48,571] [INFO] [ScannerMMXM] [EURUSD] scan() called | session=London | killzone=London
[2026-05-29 13:38:48,571] [INFO] [ScannerMMXM] [EURUSD] Cooldown check passed
[2026-05-29 13:38:48,573] [INFO] [ScannerMMXM] [EURUSD] M15 candles: 100 | M1 candles: 100
[2026-05-29 13:38:48,574] [INFO] [ScannerMMXM] [EURUSD] Bias: SELL | Price: 1.1093758389261745 | Midpoint: 1.1086744966442952
[2026-05-29 13:38:48,574] [INFO] [ScannerMMXM] [EURUSD] Liquidity sweep: True
[2026-05-29 13:38:48,575] [INFO] [ScannerMMXM] [EURUSD] Displacement: False
[2026-05-29 13:38:48,575] [DEBUG] [ScannerMMXM] [EURUSD] No MSS/displacement detected. Skipping.
[2026-05-29 13:38:48,576] [INFO] [ScannerMMXM] [EURUSD] scan() called | session=London | killzone=London
[2026-05-29 13:38:48,576] [INFO] [ScannerMMXM] [EURUSD] Cooldown check passed
[2026-05-29 13:38:48,578] [INFO] [ScannerMMXM] [EURUSD] M15 candles: 100 | M1 candles: 100
[2026-05-29 13:38:48,578] [INFO] [ScannerMMXM] [EURUSD] Bias: SELL | Price: 1.1094496644295302 | Midpoint: 1.108748322147651
[2026-05-29 13:38:48,579] [INFO] [ScannerMMXM] [EURUSD] Liquidity sweep: True
[2026-05-29 13:38:48,579] [INFO] [ScannerMMXM] [EURUSD] Displacement: False
[2026-05-29 13:38:48,579] [DEBUG] [ScannerMMXM] [EURUSD] No MSS/displacement detected. Skipping.
[2026-05-29 13:38:48,580] [INFO] [ScannerMMXM] [EURUSD] scan() called | session=London | killzone=London
[2026-05-29 13:38:48,580] [INFO] [ScannerMMXM] [EURUSD] Cooldown check passed
[2026-05-29 13:38:48,582] [INFO] [ScannerMMXM] [EURUSD] M15 candles: 100 | M1 candles: 100
[2026-05-29 13:38:48,582] [INFO] [ScannerMMXM] [EURUSD] Bias: SELL | Price: 1.1095234899328859 | Midpoint: 1.1088221476510067
[2026-05-29 13:38:48,583] [INFO] [ScannerMMXM] [EURUSD] Liquidity sweep: True
[2026-05-29 13:38:48,584] [INFO] [ScannerMMXM] [EURUSD] Displacement: False
[2026-05-29 13:38:48,584] [DEBUG] [ScannerMMXM] [EURUSD] No MSS/displacement detected. Skipping.
[2026-05-29 13:38:48,584] [INFO] [ScannerMMXM] [EURUSD] scan() called | session=London | killzone=London
[2026-05-29 13:38:48,585] [INFO] [ScannerMMXM] [EURUSD] Cooldown check passed
[2026-05-29 13:38:48,586] [INFO] [ScannerMMXM] [EURUSD] M15 candles: 100 | M1 candles: 100
[2026-05-29 13:38:48,587] [INFO] [ScannerMMXM] [EURUSD] Bias: SELL | Price: 1.1095973154362415 | Midpoint: 1.1088959731543624
[2026-05-29 13:38:48,588] [INFO] [ScannerMMXM] [EURUSD] Liquidity sweep: True
[2026-05-29 13:38:48,588] [INFO] [ScannerMMXM] [EURUSD] Displacement: False
[2026-05-29 13:38:48,589] [DEBUG] [ScannerMMXM] [EURUSD] No MSS/displacement detected. Skipping.
[2026-05-29 13:38:48,589] [INFO] [ScannerMMXM] [EURUSD] scan() called | session=London | killzone=London
[2026-05-29 13:38:48,589] [INFO] [ScannerMMXM] [EURUSD] Cooldown check passed
[2026-05-29 13:38:48,591] [INFO] [ScannerMMXM] [EURUSD] M15 candles: 100 | M1 candles: 100
[2026-05-29 13:38:48,592] [INFO] [ScannerMMXM] [EURUSD] Bias: SELL | Price: 1.1096711409395974 | Midpoint: 1.1089697986577183
[2026-05-29 13:38:48,592] [INFO] [ScannerMMXM] [EURUSD] Liquidity sweep: True
[2026-05-29 13:38:48,593] [INFO] [ScannerMMXM] [EURUSD] Displacement: False
[2026-05-29 13:38:48,593] [DEBUG] [ScannerMMXM] [EURUSD] No MSS/displacement detected. Skipping.
[2026-05-29 13:38:48,594] [INFO] [ScannerMMXM] [EURUSD] scan() called | session=London | killzone=London
[2026-05-29 13:38:48,594] [INFO] [ScannerMMXM] [EURUSD] Cooldown check passed
[2026-05-29 13:38:48,596] [INFO] [ScannerMMXM] [EURUSD] M15 candles: 100 | M1 candles: 100
[2026-05-29 13:38:48,596] [INFO] [ScannerMMXM] [EURUSD] Bias: SELL | Price: 1.109744966442953 | Midpoint: 1.1090436241610737
[2026-05-29 13:38:48,597] [INFO] [ScannerMMXM] [EURUSD] Liquidity sweep: True
[2026-05-29 13:38:48,597] [INFO] [ScannerMMXM] [EURUSD] Displacement: False
[2026-05-29 13:38:48,598] [DEBUG] [ScannerMMXM] [EURUSD] No MSS/displacement detected. Skipping.
[2026-05-29 13:38:48,598] [INFO] [ScannerMMXM] [EURUSD] scan() called | session=London | killzone=London
[2026-05-29 13:38:48,598] [INFO] [ScannerMMXM] [EURUSD] Cooldown check passed
[2026-05-29 13:38:48,600] [INFO] [ScannerMMXM] [EURUSD] M15 candles: 100 | M1 candles: 100
[2026-05-29 13:38:48,601] [INFO] [ScannerMMXM] [EURUSD] Bias: SELL | Price: 1.1098187919463087 | Midpoint: 1.1091174496644296
[2026-05-29 13:38:48,602] [INFO] [ScannerMMXM] [EURUSD] Liquidity sweep: True
[2026-05-29 13:38:48,602] [INFO] [ScannerMMXM] [EURUSD] Displacement: False
[2026-05-29 13:38:48,602] [DEBUG] [ScannerMMXM] [EURUSD] No MSS/displacement detected. Skipping.
[2026-05-29 13:38:48,603] [INFO] [ScannerMMXM] [EURUSD] scan() called | session=London | killzone=London
[2026-05-29 13:38:48,603] [INFO] [ScannerMMXM] [EURUSD] Cooldown check passed
[2026-05-29 13:38:48,604] [INFO] [ScannerMMXM] [EURUSD] M15 candles: 100 | M1 candles: 100
[2026-05-29 13:38:48,605] [INFO] [ScannerMMXM] [EURUSD] Bias: SELL | Price: 1.1098926174496644 | Midpoint: 1.1091912751677853
[2026-05-29 13:38:48,606] [INFO] [ScannerMMXM] [EURUSD] Liquidity sweep: True
[2026-05-29 13:38:48,606] [INFO] [ScannerMMXM] [EURUSD] Displacement: False
[2026-05-29 13:38:48,606] [DEBUG] [ScannerMMXM] [EURUSD] No MSS/displacement detected. Skipping.
[2026-05-29 13:38:48,607] [INFO] [ScannerMMXM] [EURUSD] scan() called | session=London | killzone=London
[2026-05-29 13:38:48,607] [INFO] [ScannerMMXM] [EURUSD] Cooldown check passed
[2026-05-29 13:38:48,609] [INFO] [ScannerMMXM] [EURUSD] M15 candles: 100 | M1 candles: 100
[2026-05-29 13:38:48,609] [INFO] [ScannerMMXM] [EURUSD] Bias: SELL | Price: 1.10996644295302 | Midpoint: 1.109265100671141
[2026-05-29 13:38:48,610] [INFO] [ScannerMMXM] [EURUSD] Liquidity sweep: True
[2026-05-29 13:38:48,610] [INFO] [ScannerMMXM] [EURUSD] Displacement: False
[2026-05-29 13:38:48,611] [DEBUG] [ScannerMMXM] [EURUSD] No MSS/displacement detected. Skipping.
[2026-05-29 13:38:48,611] [INFO] [ScannerMMXM] [EURUSD] scan() called | session=London | killzone=London
[2026-05-29 13:38:48,611] [INFO] [ScannerMMXM] [EURUSD] Cooldown check passed
[2026-05-29 13:38:48,613] [INFO] [ScannerMMXM] [EURUSD] M15 candles: 100 | M1 candles: 100
[2026-05-29 13:38:48,613] [INFO] [ScannerMMXM] [EURUSD] Bias: SELL | Price: 1.110040268456376 | Midpoint: 1.1093389261744968
[2026-05-29 13:38:48,614] [INFO] [ScannerMMXM] [EURUSD] Liquidity sweep: True
[2026-05-29 13:38:48,614] [INFO] [ScannerMMXM] [EURUSD] Displacement: False
[2026-05-29 13:38:48,615] [DEBUG] [ScannerMMXM] [EURUSD] No MSS/displacement detected. Skipping.
[2026-05-29 13:38:48,615] [INFO] [ScannerMMXM] [EURUSD] scan() called | session=London | killzone=London
[2026-05-29 13:38:48,615] [INFO] [ScannerMMXM] [EURUSD] Cooldown check passed
[2026-05-29 13:38:48,617] [INFO] [ScannerMMXM] [EURUSD] M15 candles: 100 | M1 candles: 100
[2026-05-29 13:38:48,618] [INFO] [ScannerMMXM] [EURUSD] Bias: SELL | Price: 1.1101140939597316 | Midpoint: 1.1094127516778522
[2026-05-29 13:38:48,618] [INFO] [ScannerMMXM] [EURUSD] Liquidity sweep: True
[2026-05-29 13:38:48,619] [INFO] [ScannerMMXM] [EURUSD] Displacement: False
[2026-05-29 13:38:48,619] [DEBUG] [ScannerMMXM] [EURUSD] No MSS/displacement detected. Skipping.
[2026-05-29 13:38:48,619] [INFO] [ScannerMMXM] [EURUSD] scan() called | session=London | killzone=London
[2026-05-29 13:38:48,619] [INFO] [ScannerMMXM] [EURUSD] Cooldown check passed
[2026-05-29 13:38:48,621] [INFO] [ScannerMMXM] [EURUSD] M15 candles: 100 | M1 candles: 100
[2026-05-29 13:38:48,622] [INFO] [ScannerMMXM] [EURUSD] Bias: SELL | Price: 1.1101879194630873 | Midpoint: 1.1094865771812081
[2026-05-29 13:38:48,622] [INFO] [ScannerMMXM] [EURUSD] Liquidity sweep: True
[2026-05-29 13:38:48,623] [INFO] [ScannerMMXM] [EURUSD] Displacement: False
[2026-05-29 13:38:48,623] [DEBUG] [ScannerMMXM] [EURUSD] No MSS/displacement detected. Skipping.
[2026-05-29 13:38:48,623] [INFO] [ScannerMMXM] [EURUSD] scan() called | session=London | killzone=London
[2026-05-29 13:38:48,624] [INFO] [ScannerMMXM] [EURUSD] Cooldown check passed
[2026-05-29 13:38:48,625] [INFO] [ScannerMMXM] [EURUSD] M15 candles: 100 | M1 candles: 100
[2026-05-29 13:38:48,626] [INFO] [ScannerMMXM] [EURUSD] Bias: SELL | Price: 1.110261744966443 | Midpoint: 1.1095604026845638
[2026-05-29 13:38:48,626] [INFO] [ScannerMMXM] [EURUSD] Liquidity sweep: True
[2026-05-29 13:38:48,627] [INFO] [ScannerMMXM] [EURUSD] Displacement: False
[2026-05-29 13:38:48,627] [DEBUG] [ScannerMMXM] [EURUSD] No MSS/displacement detected. Skipping.
[2026-05-29 13:38:48,628] [INFO] [ScannerMMXM] [EURUSD] scan() called | session=London | killzone=London
[2026-05-29 13:38:48,628] [INFO] [ScannerMMXM] [EURUSD] Cooldown check passed
[2026-05-29 13:38:48,629] [INFO] [ScannerMMXM] [EURUSD] M15 candles: 100 | M1 candles: 100
[2026-05-29 13:38:48,630] [INFO] [ScannerMMXM] [EURUSD] Bias: SELL | Price: 1.1103355704697986 | Midpoint: 1.1096342281879195
[2026-05-29 13:38:48,631] [INFO] [ScannerMMXM] [EURUSD] Liquidity sweep: True
[2026-05-29 13:38:48,631] [INFO] [ScannerMMXM] [EURUSD] Displacement: False
[2026-05-29 13:38:48,631] [DEBUG] [ScannerMMXM] [EURUSD] No MSS/displacement detected. Skipping.
[2026-05-29 13:38:48,632] [INFO] [ScannerMMXM] [EURUSD] scan() called | session=London | killzone=London
[2026-05-29 13:38:48,632] [INFO] [ScannerMMXM] [EURUSD] Cooldown check passed
[2026-05-29 13:38:48,634] [INFO] [ScannerMMXM] [EURUSD] M15 candles: 100 | M1 candles: 100
[2026-05-29 13:38:48,634] [INFO] [ScannerMMXM] [EURUSD] Bias: SELL | Price: 1.1104093959731545 | Midpoint: 1.1097080536912753
[2026-05-29 13:38:48,635] [INFO] [ScannerMMXM] [EURUSD] Liquidity sweep: True
[2026-05-29 13:38:48,635] [INFO] [ScannerMMXM] [EURUSD] Displacement: False
[2026-05-29 13:38:48,636] [DEBUG] [ScannerMMXM] [EURUSD] No MSS/displacement detected. Skipping.
[2026-05-29 13:38:48,636] [INFO] [ScannerMMXM] [EURUSD] scan() called | session=London | killzone=London
[2026-05-29 13:38:48,636] [INFO] [ScannerMMXM] [EURUSD] Cooldown check passed
[2026-05-29 13:38:48,638] [INFO] [ScannerMMXM] [EURUSD] M15 candles: 100 | M1 candles: 100
[2026-05-29 13:38:48,639] [INFO] [ScannerMMXM] [EURUSD] Bias: SELL | Price: 1.1104832214765101 | Midpoint: 1.1097818791946308
[2026-05-29 13:38:48,639] [INFO] [ScannerMMXM] [EURUSD] Liquidity sweep: True
[2026-05-29 13:38:48,640] [INFO] [ScannerMMXM] [EURUSD] Displacement: False
[2026-05-29 13:38:48,640] [DEBUG] [ScannerMMXM] [EURUSD] No MSS/displacement detected. Skipping.
[2026-05-29 13:38:48,640] [INFO] [ScannerMMXM] [EURUSD] scan() called | session=London | killzone=London
[2026-05-29 13:38:48,640] [INFO] [ScannerMMXM] [EURUSD] Cooldown check passed
[2026-05-29 13:38:48,642] [INFO] [ScannerMMXM] [EURUSD] M15 candles: 100 | M1 candles: 100
[2026-05-29 13:38:48,643] [INFO] [ScannerMMXM] [EURUSD] Bias: SELL | Price: 1.1105570469798658 | Midpoint: 1.1098557046979867
[2026-05-29 13:38:48,643] [INFO] [ScannerMMXM] [EURUSD] Liquidity sweep: True
[2026-05-29 13:38:48,644] [INFO] [ScannerMMXM] [EURUSD] Displacement: False
[2026-05-29 13:38:48,644] [DEBUG] [ScannerMMXM] [EURUSD] No MSS/displacement detected. Skipping.
[2026-05-29 13:38:48,644] [INFO] [ScannerMMXM] [EURUSD] scan() called | session=London | killzone=London
[2026-05-29 13:38:48,644] [INFO] [ScannerMMXM] [EURUSD] Cooldown check passed
[2026-05-29 13:38:48,646] [INFO] [ScannerMMXM] [EURUSD] M15 candles: 100 | M1 candles: 100
[2026-05-29 13:38:48,647] [INFO] [ScannerMMXM] [EURUSD] Bias: SELL | Price: 1.1106308724832215 | Midpoint: 1.109929530201342
[2026-05-29 13:38:48,647] [INFO] [ScannerMMXM] [EURUSD] Liquidity sweep: True
[2026-05-29 13:38:48,648] [INFO] [ScannerMMXM] [EURUSD] Displacement: False
[2026-05-29 13:38:48,648] [DEBUG] [ScannerMMXM] [EURUSD] No MSS/displacement detected. Skipping.
[2026-05-29 13:38:48,648] [INFO] [ScannerMMXM] [EURUSD] scan() called | session=London | killzone=London
[2026-05-29 13:38:48,648] [INFO] [ScannerMMXM] [EURUSD] Cooldown check passed
[2026-05-29 13:38:48,650] [INFO] [ScannerMMXM] [EURUSD] M15 candles: 100 | M1 candles: 100
[2026-05-29 13:38:48,651] [INFO] [ScannerMMXM] [EURUSD] Bias: SELL | Price: 1.1107046979865771 | Midpoint: 1.110003355704698
[2026-05-29 13:38:48,651] [INFO] [ScannerMMXM] [EURUSD] Liquidity sweep: True
[2026-05-29 13:38:48,652] [INFO] [ScannerMMXM] [EURUSD] Displacement: False
[2026-05-29 13:38:48,652] [DEBUG] [ScannerMMXM] [EURUSD] No MSS/displacement detected. Skipping.
[2026-05-29 13:38:48,652] [INFO] [ScannerMMXM] [EURUSD] scan() called | session=London | killzone=London
[2026-05-29 13:38:48,652] [INFO] [ScannerMMXM] [EURUSD] Cooldown check passed
[2026-05-29 13:38:48,654] [INFO] [ScannerMMXM] [EURUSD] M15 candles: 100 | M1 candles: 100
[2026-05-29 13:38:48,655] [INFO] [ScannerMMXM] [EURUSD] Bias: SELL | Price: 1.1107785234899328 | Midpoint: 1.1100771812080537
[2026-05-29 13:38:48,655] [INFO] [ScannerMMXM] [EURUSD] Liquidity sweep: True
[2026-05-29 13:38:48,656] [INFO] [ScannerMMXM] [EURUSD] Displacement: False
[2026-05-29 13:38:48,656] [DEBUG] [ScannerMMXM] [EURUSD] No MSS/displacement detected. Skipping.
[2026-05-29 13:38:48,656] [INFO] [ScannerMMXM] [EURUSD] scan() called | session=London | killzone=London
[2026-05-29 13:38:48,656] [INFO] [ScannerMMXM] [EURUSD] Cooldown check passed
[2026-05-29 13:38:48,658] [INFO] [ScannerMMXM] [EURUSD] M15 candles: 100 | M1 candles: 100
[2026-05-29 13:38:48,659] [INFO] [ScannerMMXM] [EURUSD] Bias: SELL | Price: 1.1108523489932887 | Midpoint: 1.1101510067114093
[2026-05-29 13:38:48,659] [INFO] [ScannerMMXM] [EURUSD] Liquidity sweep: True
[2026-05-29 13:38:48,660] [INFO] [ScannerMMXM] [EURUSD] Displacement: False
[2026-05-29 13:38:48,660] [DEBUG] [ScannerMMXM] [EURUSD] No MSS/displacement detected. Skipping.
[2026-05-29 13:38:48,660] [INFO] [ScannerMMXM] [EURUSD] scan() called | session=London | killzone=London
[2026-05-29 13:38:48,660] [INFO] [ScannerMMXM] [EURUSD] Cooldown check passed
[2026-05-29 13:38:48,662] [INFO] [ScannerMMXM] [EURUSD] M15 candles: 100 | M1 candles: 100
[2026-05-29 13:38:48,663] [INFO] [ScannerMMXM] [EURUSD] Bias: SELL | Price: 1.1109261744966443 | Midpoint: 1.1102248322147652
[2026-05-29 13:38:48,663] [INFO] [ScannerMMXM] [EURUSD] Liquidity sweep: True
[2026-05-29 13:38:48,664] [INFO] [ScannerMMXM] [EURUSD] Displacement: False
[2026-05-29 13:38:48,664] [DEBUG] [ScannerMMXM] [EURUSD] No MSS/displacement detected. Skipping.
[2026-05-29 13:38:48,664] [INFO] [ScannerMMXM] [EURUSD] scan() called | session=London | killzone=London
[2026-05-29 13:38:48,664] [INFO] [ScannerMMXM] [EURUSD] Cooldown check passed
[2026-05-29 13:38:48,666] [INFO] [ScannerMMXM] [EURUSD] M15 candles: 100 | M1 candles: 100
[2026-05-29 13:38:48,666] [INFO] [ScannerMMXM] [EURUSD] Bias: SELL | Price: 1.111 | Midpoint: 1.1102986577181206
[2026-05-29 13:38:48,667] [INFO] [ScannerMMXM] [EURUSD] Liquidity sweep: True
[2026-05-29 13:38:48,667] [INFO] [ScannerMMXM] [EURUSD] Displacement: False
[2026-05-29 13:38:48,668] [DEBUG] [ScannerMMXM] [EURUSD] No MSS/displacement detected. Skipping.
[2026-05-29 13:38:48,668] [INFO] [BacktestEngine] [BT] Replay complete | Signals: 0 | Trades: 0
[2026-05-29 13:38:48,670] [WARNING] [BacktestEngine] [BT] ⚠️  breakeven_buffer_pips (30) > sl_pips_fx (25) for EURUSD. Runner SL will be placed 5 pips ABOVE TP1, causing almost all runners to stop immediately. Consider setting breakeven_buffer_pips <= 25 in config.json.
[2026-05-29 13:38:48,671] [INFO] [BacktestEngine] [BT] Starting replay: EURUSD | 200 M1 bars
[2026-05-29 13:38:48,671] [INFO] [ScannerMMXM] [EURUSD] scan() called | session=London | killzone=London
[2026-05-29 13:38:48,671] [INFO] [ScannerMMXM] [EURUSD] Cooldown check passed
[2026-05-29 13:38:48,673] [INFO] [ScannerMMXM] [EURUSD] M15 candles: 100 | M1 candles: 100
[2026-05-29 13:38:48,674] [INFO] [ScannerMMXM] [EURUSD] Bias: SELL | Price: 1.1066331658291457 | Midpoint: 1.106108040201005
[2026-05-29 13:38:48,674] [INFO] [ScannerMMXM] [EURUSD] Liquidity sweep: True
[2026-05-29 13:38:48,675] [INFO] [ScannerMMXM] [EURUSD] Displacement: False
[2026-05-29 13:38:48,675] [DEBUG] [ScannerMMXM] [EURUSD] No MSS/displacement detected. Skipping.
[2026-05-29 13:38:48,676] [INFO] [ScannerMMXM] [EURUSD] scan() called | session=London | killzone=London
[2026-05-29 13:38:48,676] [INFO] [ScannerMMXM] [EURUSD] Cooldown check passed
[2026-05-29 13:38:48,677] [INFO] [ScannerMMXM] [EURUSD] M15 candles: 100 | M1 candles: 100
[2026-05-29 13:38:48,678] [INFO] [ScannerMMXM] [EURUSD] Bias: SELL | Price: 1.1066884422110552 | Midpoint: 1.1061633165829146
[2026-05-29 13:38:48,679] [INFO] [ScannerMMXM] [EURUSD] Liquidity sweep: True
[2026-05-29 13:38:48,679] [INFO] [ScannerMMXM] [EURUSD] Displacement: False
[2026-05-29 13:38:48,679] [DEBUG] [ScannerMMXM] [EURUSD] No MSS/displacement detected. Skipping.
[2026-05-29 13:38:48,680] [INFO] [ScannerMMXM] [EURUSD] scan() called | session=London | killzone=London
[2026-05-29 13:38:48,680] [INFO] [ScannerMMXM] [EURUSD] Cooldown check passed
[2026-05-29 13:38:48,681] [INFO] [ScannerMMXM] [EURUSD] M15 candles: 100 | M1 candles: 100
[2026-05-29 13:38:48,682] [INFO] [ScannerMMXM] [EURUSD] Bias: SELL | Price: 1.106743718592965 | Midpoint: 1.106218592964824
[2026-05-29 13:38:48,682] [INFO] [ScannerMMXM] [EURUSD] Liquidity sweep: True
[2026-05-29 13:38:48,683] [INFO] [ScannerMMXM] [EURUSD] Displacement: False
[2026-05-29 13:38:48,683] [DEBUG] [ScannerMMXM] [EURUSD] No MSS/displacement detected. Skipping.
[2026-05-29 13:38:48,684] [INFO] [ScannerMMXM] [EURUSD] scan() called | session=London | killzone=London
[2026-05-29 13:38:48,684] [INFO] [ScannerMMXM] [EURUSD] Cooldown check passed
[2026-05-29 13:38:48,685] [INFO] [ScannerMMXM] [EURUSD] M15 candles: 100 | M1 candles: 100
[2026-05-29 13:38:48,686] [INFO] [ScannerMMXM] [EURUSD] Bias: SELL | Price: 1.1067989949748744 | Midpoint: 1.1062738693467338
[2026-05-29 13:38:48,686] [INFO] [ScannerMMXM] [EURUSD] Liquidity sweep: True
[2026-05-29 13:38:48,687] [INFO] [ScannerMMXM] [EURUSD] Displacement: False
[2026-05-29 13:38:48,687] [DEBUG] [ScannerMMXM] [EURUSD] No MSS/displacement detected. Skipping.
[2026-05-29 13:38:48,687] [INFO] [ScannerMMXM] [EURUSD] scan() called | session=London | killzone=London
[2026-05-29 13:38:48,688] [INFO] [ScannerMMXM] [EURUSD] Cooldown check passed
[2026-05-29 13:38:48,689] [INFO] [ScannerMMXM] [EURUSD] M15 candles: 100 | M1 candles: 100
[2026-05-29 13:38:48,690] [INFO] [ScannerMMXM] [EURUSD] Bias: SELL | Price: 1.106854271356784 | Midpoint: 1.1063291457286433
[2026-05-29 13:38:48,690] [INFO] [ScannerMMXM] [EURUSD] Liquidity sweep: True
[2026-05-29 13:38:48,691] [INFO] [ScannerMMXM] [EURUSD] Displacement: False
[2026-05-29 13:38:48,691] [DEBUG] [ScannerMMXM] [EURUSD] No MSS/displacement detected. Skipping.
[2026-05-29 13:38:48,692] [INFO] [ScannerMMXM] [EURUSD] scan() called | session=London | killzone=London
[2026-05-29 13:38:48,692] [INFO] [ScannerMMXM] [EURUSD] Cooldown check passed
[2026-05-29 13:38:48,693] [INFO] [ScannerMMXM] [EURUSD] M15 candles: 100 | M1 candles: 100
[2026-05-29 13:38:48,694] [INFO] [ScannerMMXM] [EURUSD] Bias: SELL | Price: 1.1069095477386934 | Midpoint: 1.1063844221105528
[2026-05-29 13:38:48,695] [INFO] [ScannerMMXM] [EURUSD] Liquidity sweep: True
[2026-05-29 13:38:48,695] [INFO] [ScannerMMXM] [EURUSD] Displacement: False
[2026-05-29 13:38:48,695] [DEBUG] [ScannerMMXM] [EURUSD] No MSS/displacement detected. Skipping.
[2026-05-29 13:38:48,696] [INFO] [ScannerMMXM] [EURUSD] scan() called | session=London | killzone=London
[2026-05-29 13:38:48,696] [INFO] [ScannerMMXM] [EURUSD] Cooldown check passed
[2026-05-29 13:38:48,697] [INFO] [ScannerMMXM] [EURUSD] M15 candles: 100 | M1 candles: 100
[2026-05-29 13:38:48,698] [INFO] [ScannerMMXM] [EURUSD] Bias: SELL | Price: 1.106964824120603 | Midpoint: 1.1064396984924623
[2026-05-29 13:38:48,698] [INFO] [ScannerMMXM] [EURUSD] Liquidity sweep: True
[2026-05-29 13:38:48,699] [INFO] [ScannerMMXM] [EURUSD] Displacement: False
[2026-05-29 13:38:48,699] [DEBUG] [ScannerMMXM] [EURUSD] No MSS/displacement detected. Skipping.
[2026-05-29 13:38:48,699] [INFO] [ScannerMMXM] [EURUSD] scan() called | session=London | killzone=London
[2026-05-29 13:38:48,700] [INFO] [ScannerMMXM] [EURUSD] Cooldown check passed
[2026-05-29 13:38:48,701] [INFO] [ScannerMMXM] [EURUSD] M15 candles: 100 | M1 candles: 100
[2026-05-29 13:38:48,702] [INFO] [ScannerMMXM] [EURUSD] Bias: SELL | Price: 1.1070201005025126 | Midpoint: 1.106494974874372
[2026-05-29 13:38:48,702] [INFO] [ScannerMMXM] [EURUSD] Liquidity sweep: True
[2026-05-29 13:38:48,703] [INFO] [ScannerMMXM] [EURUSD] Displacement: False
[2026-05-29 13:38:48,703] [DEBUG] [ScannerMMXM] [EURUSD] No MSS/displacement detected. Skipping.
[2026-05-29 13:38:48,703] [INFO] [ScannerMMXM] [EURUSD] scan() called | session=London | killzone=London
[2026-05-29 13:38:48,703] [INFO] [ScannerMMXM] [EURUSD] Cooldown check passed
[2026-05-29 13:38:48,705] [INFO] [ScannerMMXM] [EURUSD] M15 candles: 100 | M1 candles: 100
[2026-05-29 13:38:48,705] [INFO] [ScannerMMXM] [EURUSD] Bias: SELL | Price: 1.1070753768844221 | Midpoint: 1.1065502512562815
[2026-05-29 13:38:48,706] [INFO] [ScannerMMXM] [EURUSD] Liquidity sweep: True
[2026-05-29 13:38:48,706] [INFO] [ScannerMMXM] [EURUSD] Displacement: False
[2026-05-29 13:38:48,706] [DEBUG] [ScannerMMXM] [EURUSD] No MSS/displacement detected. Skipping.
[2026-05-29 13:38:48,707] [INFO] [ScannerMMXM] [EURUSD] scan() called | session=London | killzone=London
[2026-05-29 13:38:48,707] [INFO] [ScannerMMXM] [EURUSD] Cooldown check passed
[2026-05-29 13:38:48,709] [INFO] [ScannerMMXM] [EURUSD] M15 candles: 100 | M1 candles: 100
[2026-05-29 13:38:48,709] [INFO] [ScannerMMXM] [EURUSD] Bias: SELL | Price: 1.1071306532663316 | Midpoint: 1.106605527638191
[2026-05-29 13:38:48,710] [INFO] [ScannerMMXM] [EURUSD] Liquidity sweep: True
[2026-05-29 13:38:48,710] [INFO] [ScannerMMXM] [EURUSD] Displacement: False
[2026-05-29 13:38:48,710] [DEBUG] [ScannerMMXM] [EURUSD] No MSS/displacement detected. Skipping.
[2026-05-29 13:38:48,711] [INFO] [ScannerMMXM] [EURUSD] scan() called | session=London | killzone=London
[2026-05-29 13:38:48,711] [INFO] [ScannerMMXM] [EURUSD] Cooldown check passed
[2026-05-29 13:38:48,712] [INFO] [ScannerMMXM] [EURUSD] M15 candles: 100 | M1 candles: 100
[2026-05-29 13:38:48,713] [INFO] [ScannerMMXM] [EURUSD] Bias: SELL | Price: 1.1071859296482411 | Midpoint: 1.1066608040201005
[2026-05-29 13:38:48,713] [INFO] [ScannerMMXM] [EURUSD] Liquidity sweep: True
[2026-05-29 13:38:48,714] [INFO] [ScannerMMXM] [EURUSD] Displacement: False
[2026-05-29 13:38:48,714] [DEBUG] [ScannerMMXM] [EURUSD] No MSS/displacement detected. Skipping.
[2026-05-29 13:38:48,714] [INFO] [ScannerMMXM] [EURUSD] scan() called | session=London | killzone=London
[2026-05-29 13:38:48,714] [INFO] [ScannerMMXM] [EURUSD] Cooldown check passed
[2026-05-29 13:38:48,716] [INFO] [ScannerMMXM] [EURUSD] M15 candles: 100 | M1 candles: 100
[2026-05-29 13:38:48,717] [INFO] [ScannerMMXM] [EURUSD] Bias: SELL | Price: 1.1072412060301509 | Midpoint: 1.10671608040201
[2026-05-29 13:38:48,717] [INFO] [ScannerMMXM] [EURUSD] Liquidity sweep: True
[2026-05-29 13:38:48,718] [INFO] [ScannerMMXM] [EURUSD] Displacement: False
[2026-05-29 13:38:48,718] [DEBUG] [ScannerMMXM] [EURUSD] No MSS/displacement detected. Skipping.
[2026-05-29 13:38:48,718] [INFO] [ScannerMMXM] [EURUSD] scan() called | session=London | killzone=London
[2026-05-29 13:38:48,718] [INFO] [ScannerMMXM] [EURUSD] Cooldown check passed
[2026-05-29 13:38:48,720] [INFO] [ScannerMMXM] [EURUSD] M15 candles: 100 | M1 candles: 100
[2026-05-29 13:38:48,721] [INFO] [ScannerMMXM] [EURUSD] Bias: SELL | Price: 1.1072964824120604 | Midpoint: 1.1067713567839197
[2026-05-29 13:38:48,721] [INFO] [ScannerMMXM] [EURUSD] Liquidity sweep: True
[2026-05-29 13:38:48,722] [INFO] [ScannerMMXM] [EURUSD] Displacement: False
[2026-05-29 13:38:48,722] [DEBUG] [ScannerMMXM] [EURUSD] No MSS/displacement detected. Skipping.
[2026-05-29 13:38:48,722] [INFO] [ScannerMMXM] [EURUSD] scan() called | session=London | killzone=London
[2026-05-29 13:38:48,722] [INFO] [ScannerMMXM] [EURUSD] Cooldown check passed
[2026-05-29 13:38:48,724] [INFO] [ScannerMMXM] [EURUSD] M15 candles: 100 | M1 candles: 100
[2026-05-29 13:38:48,725] [INFO] [ScannerMMXM] [EURUSD] Bias: SELL | Price: 1.1073517587939699 | Midpoint: 1.1068266331658292
[2026-05-29 13:38:48,725] [INFO] [ScannerMMXM] [EURUSD] Liquidity sweep: True
[2026-05-29 13:38:48,726] [INFO] [ScannerMMXM] [EURUSD] Displacement: False
[2026-05-29 13:38:48,726] [DEBUG] [ScannerMMXM] [EURUSD] No MSS/displacement detected. Skipping.
[2026-05-29 13:38:48,726] [INFO] [ScannerMMXM] [EURUSD] scan() called | session=London | killzone=London
[2026-05-29 13:38:48,726] [INFO] [ScannerMMXM] [EURUSD] Cooldown check passed
[2026-05-29 13:38:48,728] [INFO] [ScannerMMXM] [EURUSD] M15 candles: 100 | M1 candles: 100
[2026-05-29 13:38:48,729] [INFO] [ScannerMMXM] [EURUSD] Bias: SELL | Price: 1.1074070351758794 | Midpoint: 1.1068819095477387
[2026-05-29 13:38:48,729] [INFO] [ScannerMMXM] [EURUSD] Liquidity sweep: True
[2026-05-29 13:38:48,729] [INFO] [ScannerMMXM] [EURUSD] Displacement: False
[2026-05-29 13:38:48,730] [DEBUG] [ScannerMMXM] [EURUSD] No MSS/displacement detected. Skipping.
[2026-05-29 13:38:48,730] [INFO] [ScannerMMXM] [EURUSD] scan() called | session=London | killzone=London
[2026-05-29 13:38:48,730] [INFO] [ScannerMMXM] [EURUSD] Cooldown check passed
[2026-05-29 13:38:48,731] [INFO] [ScannerMMXM] [EURUSD] M15 candles: 100 | M1 candles: 100
[2026-05-29 13:38:48,732] [INFO] [ScannerMMXM] [EURUSD] Bias: SELL | Price: 1.107462311557789 | Midpoint: 1.1069371859296484
[2026-05-29 13:38:48,733] [INFO] [ScannerMMXM] [EURUSD] Liquidity sweep: True
[2026-05-29 13:38:48,733] [INFO] [ScannerMMXM] [EURUSD] Displacement: False
[2026-05-29 13:38:48,733] [DEBUG] [ScannerMMXM] [EURUSD] No MSS/displacement detected. Skipping.
[2026-05-29 13:38:48,733] [INFO] [ScannerMMXM] [EURUSD] scan() called | session=London | killzone=London
[2026-05-29 13:38:48,734] [INFO] [ScannerMMXM] [EURUSD] Cooldown check passed
[2026-05-29 13:38:48,735] [INFO] [ScannerMMXM] [EURUSD] M15 candles: 100 | M1 candles: 100
[2026-05-29 13:38:48,736] [INFO] [ScannerMMXM] [EURUSD] Bias: SELL | Price: 1.1075175879396986 | Midpoint: 1.106992462311558
[2026-05-29 13:38:48,736] [INFO] [ScannerMMXM] [EURUSD] Liquidity sweep: True
[2026-05-29 13:38:48,736] [INFO] [ScannerMMXM] [EURUSD] Displacement: False
[2026-05-29 13:38:48,737] [DEBUG] [ScannerMMXM] [EURUSD] No MSS/displacement detected. Skipping.
[2026-05-29 13:38:48,737] [INFO] [ScannerMMXM] [EURUSD] scan() called | session=London | killzone=London
[2026-05-29 13:38:48,737] [INFO] [ScannerMMXM] [EURUSD] Cooldown check passed
[2026-05-29 13:38:48,738] [INFO] [ScannerMMXM] [EURUSD] M15 candles: 100 | M1 candles: 100
[2026-05-29 13:38:48,739] [INFO] [ScannerMMXM] [EURUSD] Bias: SELL | Price: 1.107572864321608 | Midpoint: 1.1070477386934674
[2026-05-29 13:38:48,739] [INFO] [ScannerMMXM] [EURUSD] Liquidity sweep: True
[2026-05-29 13:38:48,740] [INFO] [ScannerMMXM] [EURUSD] Displacement: False
[2026-05-29 13:38:48,740] [DEBUG] [ScannerMMXM] [EURUSD] No MSS/displacement detected. Skipping.
[2026-05-29 13:38:48,740] [INFO] [ScannerMMXM] [EURUSD] scan() called | session=London | killzone=London
[2026-05-29 13:38:48,740] [INFO] [ScannerMMXM] [EURUSD] Cooldown check passed
[2026-05-29 13:38:48,742] [INFO] [ScannerMMXM] [EURUSD] M15 candles: 100 | M1 candles: 100
[2026-05-29 13:38:48,742] [INFO] [ScannerMMXM] [EURUSD] Bias: SELL | Price: 1.1076281407035176 | Midpoint: 1.107103015075377
[2026-05-29 13:38:48,743] [INFO] [ScannerMMXM] [EURUSD] Liquidity sweep: True
[2026-05-29 13:38:48,743] [INFO] [ScannerMMXM] [EURUSD] Displacement: False
[2026-05-29 13:38:48,743] [DEBUG] [ScannerMMXM] [EURUSD] No MSS/displacement detected. Skipping.
[2026-05-29 13:38:48,744] [INFO] [ScannerMMXM] [EURUSD] scan() called | session=London | killzone=London
[2026-05-29 13:38:48,744] [INFO] [ScannerMMXM] [EURUSD] Cooldown check passed
[2026-05-29 13:38:48,745] [INFO] [ScannerMMXM] [EURUSD] M15 candles: 100 | M1 candles: 100
[2026-05-29 13:38:48,746] [INFO] [ScannerMMXM] [EURUSD] Bias: SELL | Price: 1.107683417085427 | Midpoint: 1.1071582914572864
[2026-05-29 13:38:48,746] [INFO] [ScannerMMXM] [EURUSD] Liquidity sweep: True
[2026-05-29 13:38:48,747] [INFO] [ScannerMMXM] [EURUSD] Displacement: False
[2026-05-29 13:38:48,747] [DEBUG] [ScannerMMXM] [EURUSD] No MSS/displacement detected. Skipping.
[2026-05-29 13:38:48,747] [INFO] [ScannerMMXM] [EURUSD] scan() called | session=London | killzone=London
[2026-05-29 13:38:48,747] [INFO] [ScannerMMXM] [EURUSD] Cooldown check passed
[2026-05-29 13:38:48,748] [INFO] [ScannerMMXM] [EURUSD] M15 candles: 100 | M1 candles: 100
[2026-05-29 13:38:48,749] [INFO] [ScannerMMXM] [EURUSD] Bias: SELL | Price: 1.1077386934673368 | Midpoint: 1.107213567839196
[2026-05-29 13:38:48,750] [INFO] [ScannerMMXM] [EURUSD] Liquidity sweep: True
[2026-05-29 13:38:48,750] [INFO] [ScannerMMXM] [EURUSD] Displacement: False
[2026-05-29 13:38:48,750] [DEBUG] [ScannerMMXM] [EURUSD] No MSS/displacement detected. Skipping.
[2026-05-29 13:38:48,751] [INFO] [ScannerMMXM] [EURUSD] scan() called | session=London | killzone=London
[2026-05-29 13:38:48,751] [INFO] [ScannerMMXM] [EURUSD] Cooldown check passed
[2026-05-29 13:38:48,752] [INFO] [ScannerMMXM] [EURUSD] M15 candles: 100 | M1 candles: 100
[2026-05-29 13:38:48,753] [INFO] [ScannerMMXM] [EURUSD] Bias: SELL | Price: 1.1077939698492463 | Midpoint: 1.1072688442211056
[2026-05-29 13:38:48,753] [INFO] [ScannerMMXM] [EURUSD] Liquidity sweep: True
[2026-05-29 13:38:48,754] [INFO] [ScannerMMXM] [EURUSD] Displacement: False
[2026-05-29 13:38:48,754] [DEBUG] [ScannerMMXM] [EURUSD] No MSS/displacement detected. Skipping.
[2026-05-29 13:38:48,754] [INFO] [ScannerMMXM] [EURUSD] scan() called | session=London | killzone=London
[2026-05-29 13:38:48,754] [INFO] [ScannerMMXM] [EURUSD] Cooldown check passed
[2026-05-29 13:38:48,756] [INFO] [ScannerMMXM] [EURUSD] M15 candles: 100 | M1 candles: 100
[2026-05-29 13:38:48,756] [INFO] [ScannerMMXM] [EURUSD] Bias: SELL | Price: 1.1078492462311558 | Midpoint: 1.107324120603015
[2026-05-29 13:38:48,757] [INFO] [ScannerMMXM] [EURUSD] Liquidity sweep: True
[2026-05-29 13:38:48,758] [INFO] [ScannerMMXM] [EURUSD] Displacement: False
[2026-05-29 13:38:48,758] [DEBUG] [ScannerMMXM] [EURUSD] No MSS/displacement detected. Skipping.
[2026-05-29 13:38:48,758] [INFO] [ScannerMMXM] [EURUSD] scan() called | session=London | killzone=London
[2026-05-29 13:38:48,758] [INFO] [ScannerMMXM] [EURUSD] Cooldown check passed
[2026-05-29 13:38:48,760] [INFO] [ScannerMMXM] [EURUSD] M15 candles: 100 | M1 candles: 100
[2026-05-29 13:38:48,760] [INFO] [ScannerMMXM] [EURUSD] Bias: SELL | Price: 1.1079045226130653 | Midpoint: 1.1073793969849246
[2026-05-29 13:38:48,761] [INFO] [ScannerMMXM] [EURUSD] Liquidity sweep: True
[2026-05-29 13:38:48,761] [INFO] [ScannerMMXM] [EURUSD] Displacement: False
[2026-05-29 13:38:48,761] [DEBUG] [ScannerMMXM] [EURUSD] No MSS/displacement detected. Skipping.
[2026-05-29 13:38:48,761] [INFO] [ScannerMMXM] [EURUSD] scan() called | session=London | killzone=London
[2026-05-29 13:38:48,762] [INFO] [ScannerMMXM] [EURUSD] Cooldown check passed
[2026-05-29 13:38:48,763] [INFO] [ScannerMMXM] [EURUSD] M15 candles: 100 | M1 candles: 100
[2026-05-29 13:38:48,763] [INFO] [ScannerMMXM] [EURUSD] Bias: SELL | Price: 1.107959798994975 | Midpoint: 1.1074346733668343
[2026-05-29 13:38:48,764] [INFO] [ScannerMMXM] [EURUSD] Liquidity sweep: True
[2026-05-29 13:38:48,764] [INFO] [ScannerMMXM] [EURUSD] Displacement: False
[2026-05-29 13:38:48,764] [DEBUG] [ScannerMMXM] [EURUSD] No MSS/displacement detected. Skipping.
[2026-05-29 13:38:48,765] [INFO] [ScannerMMXM] [EURUSD] scan() called | session=London | killzone=London
[2026-05-29 13:38:48,765] [INFO] [ScannerMMXM] [EURUSD] Cooldown check passed
[2026-05-29 13:38:48,766] [INFO] [ScannerMMXM] [EURUSD] M15 candles: 100 | M1 candles: 100
[2026-05-29 13:38:48,767] [INFO] [ScannerMMXM] [EURUSD] Bias: SELL | Price: 1.1080150753768845 | Midpoint: 1.1074899497487438
[2026-05-29 13:38:48,768] [INFO] [ScannerMMXM] [EURUSD] Liquidity sweep: True
[2026-05-29 13:38:48,768] [INFO] [ScannerMMXM] [EURUSD] Displacement: False
[2026-05-29 13:38:48,768] [DEBUG] [ScannerMMXM] [EURUSD] No MSS/displacement detected. Skipping.
[2026-05-29 13:38:48,769] [INFO] [ScannerMMXM] [EURUSD] scan() called | session=London | killzone=London
[2026-05-29 13:38:48,769] [INFO] [ScannerMMXM] [EURUSD] Cooldown check passed
[2026-05-29 13:38:48,770] [INFO] [ScannerMMXM] [EURUSD] M15 candles: 100 | M1 candles: 100
[2026-05-29 13:38:48,771] [INFO] [ScannerMMXM] [EURUSD] Bias: SELL | Price: 1.108070351758794 | Midpoint: 1.1075452261306533
[2026-05-29 13:38:48,771] [INFO] [ScannerMMXM] [EURUSD] Liquidity sweep: True
[2026-05-29 13:38:48,771] [INFO] [ScannerMMXM] [EURUSD] Displacement: False
[2026-05-29 13:38:48,772] [DEBUG] [ScannerMMXM] [EURUSD] No MSS/displacement detected. Skipping.
[2026-05-29 13:38:48,772] [INFO] [ScannerMMXM] [EURUSD] scan() called | session=London | killzone=London
[2026-05-29 13:38:48,772] [INFO] [ScannerMMXM] [EURUSD] Cooldown check passed
[2026-05-29 13:38:48,774] [INFO] [ScannerMMXM] [EURUSD] M15 candles: 100 | M1 candles: 100
[2026-05-29 13:38:48,774] [INFO] [ScannerMMXM] [EURUSD] Bias: SELL | Price: 1.1081256281407035 | Midpoint: 1.1076005025125628
[2026-05-29 13:38:48,775] [INFO] [ScannerMMXM] [EURUSD] Liquidity sweep: True
[2026-05-29 13:38:48,775] [INFO] [ScannerMMXM] [EURUSD] Displacement: False
[2026-05-29 13:38:48,775] [DEBUG] [ScannerMMXM] [EURUSD] No MSS/displacement detected. Skipping.
[2026-05-29 13:38:48,776] [INFO] [ScannerMMXM] [EURUSD] scan() called | session=London | killzone=London
[2026-05-29 13:38:48,776] [INFO] [ScannerMMXM] [EURUSD] Cooldown check passed
[2026-05-29 13:38:48,777] [INFO] [ScannerMMXM] [EURUSD] M15 candles: 100 | M1 candles: 100
[2026-05-29 13:38:48,778] [INFO] [ScannerMMXM] [EURUSD] Bias: SELL | Price: 1.108180904522613 | Midpoint: 1.1076557788944723
[2026-05-29 13:38:48,778] [INFO] [ScannerMMXM] [EURUSD] Liquidity sweep: True
[2026-05-29 13:38:48,779] [INFO] [ScannerMMXM] [EURUSD] Displacement: False
[2026-05-29 13:38:48,779] [DEBUG] [ScannerMMXM] [EURUSD] No MSS/displacement detected. Skipping.
[2026-05-29 13:38:48,779] [INFO] [ScannerMMXM] [EURUSD] scan() called | session=London | killzone=London
[2026-05-29 13:38:48,779] [INFO] [ScannerMMXM] [EURUSD] Cooldown check passed
[2026-05-29 13:38:48,781] [INFO] [ScannerMMXM] [EURUSD] M15 candles: 100 | M1 candles: 100
[2026-05-29 13:38:48,781] [INFO] [ScannerMMXM] [EURUSD] Bias: SELL | Price: 1.1082361809045227 | Midpoint: 1.1077110552763818
[2026-05-29 13:38:48,782] [INFO] [ScannerMMXM] [EURUSD] Liquidity sweep: True
[2026-05-29 13:38:48,782] [INFO] [ScannerMMXM] [EURUSD] Displacement: False
[2026-05-29 13:38:48,782] [DEBUG] [ScannerMMXM] [EURUSD] No MSS/displacement detected. Skipping.
[2026-05-29 13:38:48,783] [INFO] [ScannerMMXM] [EURUSD] scan() called | session=London | killzone=London
[2026-05-29 13:38:48,783] [INFO] [ScannerMMXM] [EURUSD] Cooldown check passed
[2026-05-29 13:38:48,784] [INFO] [ScannerMMXM] [EURUSD] M15 candles: 100 | M1 candles: 100
[2026-05-29 13:38:48,785] [INFO] [ScannerMMXM] [EURUSD] Bias: SELL | Price: 1.1082914572864322 | Midpoint: 1.1077663316582915
[2026-05-29 13:38:48,785] [INFO] [ScannerMMXM] [EURUSD] Liquidity sweep: True
[2026-05-29 13:38:48,786] [INFO] [ScannerMMXM] [EURUSD] Displacement: False
[2026-05-29 13:38:48,786] [DEBUG] [ScannerMMXM] [EURUSD] No MSS/displacement detected. Skipping.
[2026-05-29 13:38:48,786] [INFO] [ScannerMMXM] [EURUSD] scan() called | session=London | killzone=London
[2026-05-29 13:38:48,786] [INFO] [ScannerMMXM] [EURUSD] Cooldown check passed
[2026-05-29 13:38:48,788] [INFO] [ScannerMMXM] [EURUSD] M15 candles: 100 | M1 candles: 100
[2026-05-29 13:38:48,788] [INFO] [ScannerMMXM] [EURUSD] Bias: SELL | Price: 1.1083467336683417 | Midpoint: 1.107821608040201
[2026-05-29 13:38:48,789] [INFO] [ScannerMMXM] [EURUSD] Liquidity sweep: True
[2026-05-29 13:38:48,789] [INFO] [ScannerMMXM] [EURUSD] Displacement: False
[2026-05-29 13:38:48,789] [DEBUG] [ScannerMMXM] [EURUSD] No MSS/displacement detected. Skipping.
[2026-05-29 13:38:48,790] [INFO] [ScannerMMXM] [EURUSD] scan() called | session=London | killzone=London
[2026-05-29 13:38:48,790] [INFO] [ScannerMMXM] [EURUSD] Cooldown check passed
[2026-05-29 13:38:48,791] [INFO] [ScannerMMXM] [EURUSD] M15 candles: 100 | M1 candles: 100
[2026-05-29 13:38:48,792] [INFO] [ScannerMMXM] [EURUSD] Bias: SELL | Price: 1.1084020100502512 | Midpoint: 1.1078768844221105
[2026-05-29 13:38:48,792] [INFO] [ScannerMMXM] [EURUSD] Liquidity sweep: True
[2026-05-29 13:38:48,793] [INFO] [ScannerMMXM] [EURUSD] Displacement: False
[2026-05-29 13:38:48,793] [DEBUG] [ScannerMMXM] [EURUSD] No MSS/displacement detected. Skipping.
[2026-05-29 13:38:48,793] [INFO] [ScannerMMXM] [EURUSD] scan() called | session=London | killzone=London
[2026-05-29 13:38:48,793] [INFO] [ScannerMMXM] [EURUSD] Cooldown check passed
[2026-05-29 13:38:48,795] [INFO] [ScannerMMXM] [EURUSD] M15 candles: 100 | M1 candles: 100
[2026-05-29 13:38:48,795] [INFO] [ScannerMMXM] [EURUSD] Bias: SELL | Price: 1.108457286432161 | Midpoint: 1.1079321608040202
[2026-05-29 13:38:48,796] [INFO] [ScannerMMXM] [EURUSD] Liquidity sweep: True
[2026-05-29 13:38:48,796] [INFO] [ScannerMMXM] [EURUSD] Displacement: False
[2026-05-29 13:38:48,796] [DEBUG] [ScannerMMXM] [EURUSD] No MSS/displacement detected. Skipping.
[2026-05-29 13:38:48,797] [INFO] [ScannerMMXM] [EURUSD] scan() called | session=London | killzone=London
[2026-05-29 13:38:48,797] [INFO] [ScannerMMXM] [EURUSD] Cooldown check passed
[2026-05-29 13:38:48,798] [INFO] [ScannerMMXM] [EURUSD] M15 candles: 100 | M1 candles: 100
[2026-05-29 13:38:48,799] [INFO] [ScannerMMXM] [EURUSD] Bias: SELL | Price: 1.1085125628140704 | Midpoint: 1.1079874371859297
[2026-05-29 13:38:48,799] [INFO] [ScannerMMXM] [EURUSD] Liquidity sweep: True
[2026-05-29 13:38:48,800] [INFO] [ScannerMMXM] [EURUSD] Displacement: False
[2026-05-29 13:38:48,800] [DEBUG] [ScannerMMXM] [EURUSD] No MSS/displacement detected. Skipping.
[2026-05-29 13:38:48,800] [INFO] [ScannerMMXM] [EURUSD] scan() called | session=London | killzone=London
[2026-05-29 13:38:48,800] [INFO] [ScannerMMXM] [EURUSD] Cooldown check passed
[2026-05-29 13:38:48,802] [INFO] [ScannerMMXM] [EURUSD] M15 candles: 100 | M1 candles: 100
[2026-05-29 13:38:48,802] [INFO] [ScannerMMXM] [EURUSD] Bias: SELL | Price: 1.10856783919598 | Midpoint: 1.1080427135678392
[2026-05-29 13:38:48,803] [INFO] [ScannerMMXM] [EURUSD] Liquidity sweep: True
[2026-05-29 13:38:48,803] [INFO] [ScannerMMXM] [EURUSD] Displacement: False
[2026-05-29 13:38:48,803] [DEBUG] [ScannerMMXM] [EURUSD] No MSS/displacement detected. Skipping.
[2026-05-29 13:38:48,804] [INFO] [ScannerMMXM] [EURUSD] scan() called | session=London | killzone=London
[2026-05-29 13:38:48,804] [INFO] [ScannerMMXM] [EURUSD] Cooldown check passed
[2026-05-29 13:38:48,806] [INFO] [ScannerMMXM] [EURUSD] M15 candles: 100 | M1 candles: 100
[2026-05-29 13:38:48,807] [INFO] [ScannerMMXM] [EURUSD] Bias: SELL | Price: 1.1086231155778894 | Midpoint: 1.1080979899497487
[2026-05-29 13:38:48,808] [INFO] [ScannerMMXM] [EURUSD] Liquidity sweep: True
[2026-05-29 13:38:48,808] [INFO] [ScannerMMXM] [EURUSD] Displacement: False
[2026-05-29 13:38:48,808] [DEBUG] [ScannerMMXM] [EURUSD] No MSS/displacement detected. Skipping.
[2026-05-29 13:38:48,809] [INFO] [ScannerMMXM] [EURUSD] scan() called | session=London | killzone=London
[2026-05-29 13:38:48,809] [INFO] [ScannerMMXM] [EURUSD] Cooldown check passed
[2026-05-29 13:38:48,811] [INFO] [ScannerMMXM] [EURUSD] M15 candles: 100 | M1 candles: 100
[2026-05-29 13:38:48,812] [INFO] [ScannerMMXM] [EURUSD] Bias: SELL | Price: 1.1086783919597991 | Midpoint: 1.1081532663316582
[2026-05-29 13:38:48,812] [INFO] [ScannerMMXM] [EURUSD] Liquidity sweep: True
[2026-05-29 13:38:48,813] [INFO] [ScannerMMXM] [EURUSD] Displacement: False
[2026-05-29 13:38:48,813] [DEBUG] [ScannerMMXM] [EURUSD] No MSS/displacement detected. Skipping.
[2026-05-29 13:38:48,813] [INFO] [ScannerMMXM] [EURUSD] scan() called | session=London | killzone=London
[2026-05-29 13:38:48,813] [INFO] [ScannerMMXM] [EURUSD] Cooldown check passed
[2026-05-29 13:38:48,815] [INFO] [ScannerMMXM] [EURUSD] M15 candles: 100 | M1 candles: 100
[2026-05-29 13:38:48,816] [INFO] [ScannerMMXM] [EURUSD] Bias: SELL | Price: 1.1087336683417086 | Midpoint: 1.1082085427135677
[2026-05-29 13:38:48,817] [INFO] [ScannerMMXM] [EURUSD] Liquidity sweep: True
[2026-05-29 13:38:48,818] [INFO] [ScannerMMXM] [EURUSD] Displacement: False
[2026-05-29 13:38:48,818] [DEBUG] [ScannerMMXM] [EURUSD] No MSS/displacement detected. Skipping.
[2026-05-29 13:38:48,818] [INFO] [ScannerMMXM] [EURUSD] scan() called | session=London | killzone=London
[2026-05-29 13:38:48,818] [INFO] [ScannerMMXM] [EURUSD] Cooldown check passed
[2026-05-29 13:38:48,820] [INFO] [ScannerMMXM] [EURUSD] M15 candles: 100 | M1 candles: 100
[2026-05-29 13:38:48,821] [INFO] [ScannerMMXM] [EURUSD] Bias: SELL | Price: 1.108788944723618 | Midpoint: 1.1082638190954774
[2026-05-29 13:38:48,821] [INFO] [ScannerMMXM] [EURUSD] Liquidity sweep: True
[2026-05-29 13:38:48,822] [INFO] [ScannerMMXM] [EURUSD] Displacement: False
[2026-05-29 13:38:48,822] [DEBUG] [ScannerMMXM] [EURUSD] No MSS/displacement detected. Skipping.
[2026-05-29 13:38:48,822] [INFO] [ScannerMMXM] [EURUSD] scan() called | session=London | killzone=London
[2026-05-29 13:38:48,823] [INFO] [ScannerMMXM] [EURUSD] Cooldown check passed
[2026-05-29 13:38:48,824] [INFO] [ScannerMMXM] [EURUSD] M15 candles: 100 | M1 candles: 100
[2026-05-29 13:38:48,825] [INFO] [ScannerMMXM] [EURUSD] Bias: SELL | Price: 1.1088442211055276 | Midpoint: 1.108319095477387
[2026-05-29 13:38:48,826] [INFO] [ScannerMMXM] [EURUSD] Liquidity sweep: True
[2026-05-29 13:38:48,826] [INFO] [ScannerMMXM] [EURUSD] Displacement: False
[2026-05-29 13:38:48,826] [DEBUG] [ScannerMMXM] [EURUSD] No MSS/displacement detected. Skipping.
[2026-05-29 13:38:48,827] [INFO] [ScannerMMXM] [EURUSD] scan() called | session=London | killzone=London
[2026-05-29 13:38:48,827] [INFO] [ScannerMMXM] [EURUSD] Cooldown check passed
[2026-05-29 13:38:48,829] [INFO] [ScannerMMXM] [EURUSD] M15 candles: 100 | M1 candles: 100
[2026-05-29 13:38:48,829] [INFO] [ScannerMMXM] [EURUSD] Bias: SELL | Price: 1.108899497487437 | Midpoint: 1.1083743718592964
[2026-05-29 13:38:48,830] [INFO] [ScannerMMXM] [EURUSD] Liquidity sweep: True
[2026-05-29 13:38:48,830] [INFO] [ScannerMMXM] [EURUSD] Displacement: False
[2026-05-29 13:38:48,830] [DEBUG] [ScannerMMXM] [EURUSD] No MSS/displacement detected. Skipping.
[2026-05-29 13:38:48,831] [INFO] [ScannerMMXM] [EURUSD] scan() called | session=London | killzone=London
[2026-05-29 13:38:48,831] [INFO] [ScannerMMXM] [EURUSD] Cooldown check passed
[2026-05-29 13:38:48,833] [INFO] [ScannerMMXM] [EURUSD] M15 candles: 100 | M1 candles: 100
[2026-05-29 13:38:48,833] [INFO] [ScannerMMXM] [EURUSD] Bias: SELL | Price: 1.1089547738693468 | Midpoint: 1.1084296482412062
[2026-05-29 13:38:48,834] [INFO] [ScannerMMXM] [EURUSD] Liquidity sweep: True
[2026-05-29 13:38:48,834] [INFO] [ScannerMMXM] [EURUSD] Displacement: False
[2026-05-29 13:38:48,835] [DEBUG] [ScannerMMXM] [EURUSD] No MSS/displacement detected. Skipping.
[2026-05-29 13:38:48,835] [INFO] [ScannerMMXM] [EURUSD] scan() called | session=London | killzone=London
[2026-05-29 13:38:48,835] [INFO] [ScannerMMXM] [EURUSD] Cooldown check passed
[2026-05-29 13:38:48,837] [INFO] [ScannerMMXM] [EURUSD] M15 candles: 100 | M1 candles: 100
[2026-05-29 13:38:48,838] [INFO] [ScannerMMXM] [EURUSD] Bias: SELL | Price: 1.1090100502512563 | Midpoint: 1.1084849246231157
[2026-05-29 13:38:48,838] [INFO] [ScannerMMXM] [EURUSD] Liquidity sweep: True
[2026-05-29 13:38:48,839] [INFO] [ScannerMMXM] [EURUSD] Displacement: False
[2026-05-29 13:38:48,839] [DEBUG] [ScannerMMXM] [EURUSD] No MSS/displacement detected. Skipping.
[2026-05-29 13:38:48,840] [INFO] [ScannerMMXM] [EURUSD] scan() called | session=London | killzone=London
[2026-05-29 13:38:48,840] [INFO] [ScannerMMXM] [EURUSD] Cooldown check passed
[2026-05-29 13:38:48,842] [INFO] [ScannerMMXM] [EURUSD] M15 candles: 100 | M1 candles: 100
[2026-05-29 13:38:48,842] [INFO] [ScannerMMXM] [EURUSD] Bias: SELL | Price: 1.1090653266331658 | Midpoint: 1.1085402010050251
[2026-05-29 13:38:48,843] [INFO] [ScannerMMXM] [EURUSD] Liquidity sweep: True
[2026-05-29 13:38:48,843] [INFO] [ScannerMMXM] [EURUSD] Displacement: False
[2026-05-29 13:38:48,844] [DEBUG] [ScannerMMXM] [EURUSD] No MSS/displacement detected. Skipping.
[2026-05-29 13:38:48,844] [INFO] [ScannerMMXM] [EURUSD] scan() called | session=London | killzone=London
[2026-05-29 13:38:48,844] [INFO] [ScannerMMXM] [EURUSD] Cooldown check passed
[2026-05-29 13:38:48,846] [INFO] [ScannerMMXM] [EURUSD] M15 candles: 100 | M1 candles: 100
[2026-05-29 13:38:48,847] [INFO] [ScannerMMXM] [EURUSD] Bias: SELL | Price: 1.1091206030150753 | Midpoint: 1.1085954773869346
[2026-05-29 13:38:48,847] [INFO] [ScannerMMXM] [EURUSD] Liquidity sweep: True
[2026-05-29 13:38:48,848] [INFO] [ScannerMMXM] [EURUSD] Displacement: False
[2026-05-29 13:38:48,848] [DEBUG] [ScannerMMXM] [EURUSD] No MSS/displacement detected. Skipping.
[2026-05-29 13:38:48,848] [INFO] [ScannerMMXM] [EURUSD] scan() called | session=London | killzone=London
[2026-05-29 13:38:48,848] [INFO] [ScannerMMXM] [EURUSD] Cooldown check passed
[2026-05-29 13:38:48,850] [INFO] [ScannerMMXM] [EURUSD] M15 candles: 100 | M1 candles: 100
[2026-05-29 13:38:48,851] [INFO] [ScannerMMXM] [EURUSD] Bias: SELL | Price: 1.109175879396985 | Midpoint: 1.1086507537688441
[2026-05-29 13:38:48,852] [INFO] [ScannerMMXM] [EURUSD] Liquidity sweep: True
[2026-05-29 13:38:48,852] [INFO] [ScannerMMXM] [EURUSD] Displacement: False
[2026-05-29 13:38:48,852] [DEBUG] [ScannerMMXM] [EURUSD] No MSS/displacement detected. Skipping.
[2026-05-29 13:38:48,853] [INFO] [ScannerMMXM] [EURUSD] scan() called | session=London | killzone=London
[2026-05-29 13:38:48,853] [INFO] [ScannerMMXM] [EURUSD] Cooldown check passed
[2026-05-29 13:38:48,855] [INFO] [ScannerMMXM] [EURUSD] M15 candles: 100 | M1 candles: 100
[2026-05-29 13:38:48,855] [INFO] [ScannerMMXM] [EURUSD] Bias: SELL | Price: 1.1092311557788945 | Midpoint: 1.1087060301507536
[2026-05-29 13:38:48,856] [INFO] [ScannerMMXM] [EURUSD] Liquidity sweep: True
[2026-05-29 13:38:48,856] [INFO] [ScannerMMXM] [EURUSD] Displacement: False
[2026-05-29 13:38:48,856] [DEBUG] [ScannerMMXM] [EURUSD] No MSS/displacement detected. Skipping.
[2026-05-29 13:38:48,857] [INFO] [ScannerMMXM] [EURUSD] scan() called | session=London | killzone=London
[2026-05-29 13:38:48,857] [INFO] [ScannerMMXM] [EURUSD] Cooldown check passed
[2026-05-29 13:38:48,859] [INFO] [ScannerMMXM] [EURUSD] M15 candles: 100 | M1 candles: 100
[2026-05-29 13:38:48,860] [INFO] [ScannerMMXM] [EURUSD] Bias: SELL | Price: 1.109286432160804 | Midpoint: 1.1087613065326634
[2026-05-29 13:38:48,860] [INFO] [ScannerMMXM] [EURUSD] Liquidity sweep: True
[2026-05-29 13:38:48,861] [INFO] [ScannerMMXM] [EURUSD] Displacement: False
[2026-05-29 13:38:48,861] [DEBUG] [ScannerMMXM] [EURUSD] No MSS/displacement detected. Skipping.
[2026-05-29 13:38:48,861] [INFO] [ScannerMMXM] [EURUSD] scan() called | session=London | killzone=London
[2026-05-29 13:38:48,861] [INFO] [ScannerMMXM] [EURUSD] Cooldown check passed
[2026-05-29 13:38:48,863] [INFO] [ScannerMMXM] [EURUSD] M15 candles: 100 | M1 candles: 100
[2026-05-29 13:38:48,864] [INFO] [ScannerMMXM] [EURUSD] Bias: SELL | Price: 1.1093417085427135 | Midpoint: 1.1088165829145729
[2026-05-29 13:38:48,864] [INFO] [ScannerMMXM] [EURUSD] Liquidity sweep: True
[2026-05-29 13:38:48,865] [INFO] [ScannerMMXM] [EURUSD] Displacement: False
[2026-05-29 13:38:48,865] [DEBUG] [ScannerMMXM] [EURUSD] No MSS/displacement detected. Skipping.
[2026-05-29 13:38:48,865] [INFO] [ScannerMMXM] [EURUSD] scan() called | session=London | killzone=London
[2026-05-29 13:38:48,865] [INFO] [ScannerMMXM] [EURUSD] Cooldown check passed
[2026-05-29 13:38:48,867] [INFO] [ScannerMMXM] [EURUSD] M15 candles: 100 | M1 candles: 100
[2026-05-29 13:38:48,868] [INFO] [ScannerMMXM] [EURUSD] Bias: SELL | Price: 1.109396984924623 | Midpoint: 1.1088718592964824
[2026-05-29 13:38:48,868] [INFO] [ScannerMMXM] [EURUSD] Liquidity sweep: True
[2026-05-29 13:38:48,869] [INFO] [ScannerMMXM] [EURUSD] Displacement: False
[2026-05-29 13:38:48,869] [DEBUG] [ScannerMMXM] [EURUSD] No MSS/displacement detected. Skipping.
[2026-05-29 13:38:48,869] [INFO] [BacktestEngine] [BT] 📊 TP1 Hit | EURUSD | Partial locked: +50.00 | SL → BE
[2026-05-29 13:38:48,870] [INFO] [ScannerMMXM] [EURUSD] scan() called | session=London | killzone=London
[2026-05-29 13:38:48,870] [INFO] [ScannerMMXM] [EURUSD] Cooldown check passed
[2026-05-29 13:38:48,871] [INFO] [ScannerMMXM] [EURUSD] M15 candles: 100 | M1 candles: 100
[2026-05-29 13:38:48,872] [INFO] [ScannerMMXM] [EURUSD] Bias: SELL | Price: 1.1094522613065327 | Midpoint: 1.108927135678392
[2026-05-29 13:38:48,873] [INFO] [ScannerMMXM] [EURUSD] Liquidity sweep: True
[2026-05-29 13:38:48,873] [INFO] [ScannerMMXM] [EURUSD] Displacement: False
[2026-05-29 13:38:48,873] [DEBUG] [ScannerMMXM] [EURUSD] No MSS/displacement detected. Skipping.
[2026-05-29 13:38:48,874] [INFO] [ScannerMMXM] [EURUSD] scan() called | session=London | killzone=London
[2026-05-29 13:38:48,874] [INFO] [ScannerMMXM] [EURUSD] Cooldown check passed
[2026-05-29 13:38:48,876] [INFO] [ScannerMMXM] [EURUSD] M15 candles: 100 | M1 candles: 100
[2026-05-29 13:38:48,876] [INFO] [ScannerMMXM] [EURUSD] Bias: SELL | Price: 1.1095075376884422 | Midpoint: 1.1089824120603016
[2026-05-29 13:38:48,877] [INFO] [ScannerMMXM] [EURUSD] Liquidity sweep: True
[2026-05-29 13:38:48,877] [INFO] [ScannerMMXM] [EURUSD] Displacement: False
[2026-05-29 13:38:48,877] [DEBUG] [ScannerMMXM] [EURUSD] No MSS/displacement detected. Skipping.
[2026-05-29 13:38:48,878] [INFO] [ScannerMMXM] [EURUSD] scan() called | session=London | killzone=London
[2026-05-29 13:38:48,878] [INFO] [ScannerMMXM] [EURUSD] Cooldown check passed
[2026-05-29 13:38:48,880] [INFO] [ScannerMMXM] [EURUSD] M15 candles: 100 | M1 candles: 100
[2026-05-29 13:38:48,880] [INFO] [ScannerMMXM] [EURUSD] Bias: SELL | Price: 1.1095628140703517 | Midpoint: 1.109037688442211
[2026-05-29 13:38:48,881] [INFO] [ScannerMMXM] [EURUSD] Liquidity sweep: True
[2026-05-29 13:38:48,881] [INFO] [ScannerMMXM] [EURUSD] Displacement: False
[2026-05-29 13:38:48,881] [DEBUG] [ScannerMMXM] [EURUSD] No MSS/displacement detected. Skipping.
[2026-05-29 13:38:48,882] [INFO] [ScannerMMXM] [EURUSD] scan() called | session=London | killzone=London
[2026-05-29 13:38:48,882] [INFO] [ScannerMMXM] [EURUSD] Cooldown check passed
[2026-05-29 13:38:48,884] [INFO] [ScannerMMXM] [EURUSD] M15 candles: 100 | M1 candles: 100
[2026-05-29 13:38:48,884] [INFO] [ScannerMMXM] [EURUSD] Bias: SELL | Price: 1.1096180904522612 | Midpoint: 1.1090929648241206
[2026-05-29 13:38:48,885] [INFO] [ScannerMMXM] [EURUSD] Liquidity sweep: True
[2026-05-29 13:38:48,885] [INFO] [ScannerMMXM] [EURUSD] Displacement: False
[2026-05-29 13:38:48,886] [DEBUG] [ScannerMMXM] [EURUSD] No MSS/displacement detected. Skipping.
[2026-05-29 13:38:48,886] [INFO] [ScannerMMXM] [EURUSD] scan() called | session=London | killzone=London
[2026-05-29 13:38:48,886] [INFO] [ScannerMMXM] [EURUSD] Cooldown check passed
[2026-05-29 13:38:48,888] [INFO] [ScannerMMXM] [EURUSD] M15 candles: 100 | M1 candles: 100
[2026-05-29 13:38:48,888] [INFO] [ScannerMMXM] [EURUSD] Bias: SELL | Price: 1.109673366834171 | Midpoint: 1.10914824120603
[2026-05-29 13:38:48,889] [INFO] [ScannerMMXM] [EURUSD] Liquidity sweep: True
[2026-05-29 13:38:48,889] [INFO] [ScannerMMXM] [EURUSD] Displacement: False
[2026-05-29 13:38:48,889] [DEBUG] [ScannerMMXM] [EURUSD] No MSS/displacement detected. Skipping.
[2026-05-29 13:38:48,890] [INFO] [ScannerMMXM] [EURUSD] scan() called | session=London | killzone=London
[2026-05-29 13:38:48,890] [INFO] [ScannerMMXM] [EURUSD] Cooldown check passed
[2026-05-29 13:38:48,892] [INFO] [ScannerMMXM] [EURUSD] M15 candles: 100 | M1 candles: 100
[2026-05-29 13:38:48,893] [INFO] [ScannerMMXM] [EURUSD] Bias: SELL | Price: 1.1097286432160804 | Midpoint: 1.1092035175879398
[2026-05-29 13:38:48,893] [INFO] [ScannerMMXM] [EURUSD] Liquidity sweep: True
[2026-05-29 13:38:48,894] [INFO] [ScannerMMXM] [EURUSD] Displacement: False
[2026-05-29 13:38:48,894] [DEBUG] [ScannerMMXM] [EURUSD] No MSS/displacement detected. Skipping.
[2026-05-29 13:38:48,894] [INFO] [ScannerMMXM] [EURUSD] scan() called | session=London | killzone=London
[2026-05-29 13:38:48,894] [INFO] [ScannerMMXM] [EURUSD] Cooldown check passed
[2026-05-29 13:38:48,896] [INFO] [ScannerMMXM] [EURUSD] M15 candles: 100 | M1 candles: 100
[2026-05-29 13:38:48,897] [INFO] [ScannerMMXM] [EURUSD] Bias: SELL | Price: 1.10978391959799 | Midpoint: 1.1092587939698493
[2026-05-29 13:38:48,897] [INFO] [ScannerMMXM] [EURUSD] Liquidity sweep: True
[2026-05-29 13:38:48,897] [INFO] [ScannerMMXM] [EURUSD] Displacement: False
[2026-05-29 13:38:48,898] [DEBUG] [ScannerMMXM] [EURUSD] No MSS/displacement detected. Skipping.
[2026-05-29 13:38:48,898] [INFO] [ScannerMMXM] [EURUSD] scan() called | session=London | killzone=London
[2026-05-29 13:38:48,898] [INFO] [ScannerMMXM] [EURUSD] Cooldown check passed
[2026-05-29 13:38:48,900] [INFO] [ScannerMMXM] [EURUSD] M15 candles: 100 | M1 candles: 100
[2026-05-29 13:38:48,900] [INFO] [ScannerMMXM] [EURUSD] Bias: SELL | Price: 1.1098391959798994 | Midpoint: 1.1093140703517588
[2026-05-29 13:38:48,901] [INFO] [ScannerMMXM] [EURUSD] Liquidity sweep: True
[2026-05-29 13:38:48,901] [INFO] [ScannerMMXM] [EURUSD] Displacement: False
[2026-05-29 13:38:48,901] [DEBUG] [ScannerMMXM] [EURUSD] No MSS/displacement detected. Skipping.
[2026-05-29 13:38:48,902] [INFO] [ScannerMMXM] [EURUSD] scan() called | session=London | killzone=London
[2026-05-29 13:38:48,902] [INFO] [ScannerMMXM] [EURUSD] Cooldown check passed
[2026-05-29 13:38:48,903] [INFO] [ScannerMMXM] [EURUSD] M15 candles: 100 | M1 candles: 100
[2026-05-29 13:38:48,904] [INFO] [ScannerMMXM] [EURUSD] Bias: SELL | Price: 1.109894472361809 | Midpoint: 1.1093693467336683
[2026-05-29 13:38:48,904] [INFO] [ScannerMMXM] [EURUSD] Liquidity sweep: True
[2026-05-29 13:38:48,905] [INFO] [ScannerMMXM] [EURUSD] Displacement: False
[2026-05-29 13:38:48,905] [DEBUG] [ScannerMMXM] [EURUSD] No MSS/displacement detected. Skipping.
[2026-05-29 13:38:48,905] [INFO] [ScannerMMXM] [EURUSD] scan() called | session=London | killzone=London
[2026-05-29 13:38:48,905] [INFO] [ScannerMMXM] [EURUSD] Cooldown check passed
[2026-05-29 13:38:48,907] [INFO] [ScannerMMXM] [EURUSD] M15 candles: 100 | M1 candles: 100
[2026-05-29 13:38:48,907] [INFO] [ScannerMMXM] [EURUSD] Bias: SELL | Price: 1.1099497487437187 | Midpoint: 1.109424623115578
[2026-05-29 13:38:48,908] [INFO] [ScannerMMXM] [EURUSD] Liquidity sweep: True
[2026-05-29 13:38:48,908] [INFO] [ScannerMMXM] [EURUSD] Displacement: False
[2026-05-29 13:38:48,908] [DEBUG] [ScannerMMXM] [EURUSD] No MSS/displacement detected. Skipping.
[2026-05-29 13:38:48,909] [INFO] [ScannerMMXM] [EURUSD] scan() called | session=London | killzone=London
[2026-05-29 13:38:48,909] [INFO] [ScannerMMXM] [EURUSD] Cooldown check passed
[2026-05-29 13:38:48,910] [INFO] [ScannerMMXM] [EURUSD] M15 candles: 100 | M1 candles: 100
[2026-05-29 13:38:48,911] [INFO] [ScannerMMXM] [EURUSD] Bias: SELL | Price: 1.1100050251256282 | Midpoint: 1.1094798994974875
[2026-05-29 13:38:48,911] [INFO] [ScannerMMXM] [EURUSD] Liquidity sweep: True
[2026-05-29 13:38:48,912] [INFO] [ScannerMMXM] [EURUSD] Displacement: False
[2026-05-29 13:38:48,912] [DEBUG] [ScannerMMXM] [EURUSD] No MSS/displacement detected. Skipping.
[2026-05-29 13:38:48,912] [INFO] [ScannerMMXM] [EURUSD] scan() called | session=London | killzone=London
[2026-05-29 13:38:48,912] [INFO] [ScannerMMXM] [EURUSD] Cooldown check passed
[2026-05-29 13:38:48,914] [INFO] [ScannerMMXM] [EURUSD] M15 candles: 100 | M1 candles: 100
[2026-05-29 13:38:48,914] [INFO] [ScannerMMXM] [EURUSD] Bias: SELL | Price: 1.1100603015075377 | Midpoint: 1.109535175879397
[2026-05-29 13:38:48,915] [INFO] [ScannerMMXM] [EURUSD] Liquidity sweep: True
[2026-05-29 13:38:48,915] [INFO] [ScannerMMXM] [EURUSD] Displacement: False
[2026-05-29 13:38:48,915] [DEBUG] [ScannerMMXM] [EURUSD] No MSS/displacement detected. Skipping.
[2026-05-29 13:38:48,916] [INFO] [ScannerMMXM] [EURUSD] scan() called | session=London | killzone=London
[2026-05-29 13:38:48,916] [INFO] [ScannerMMXM] [EURUSD] Cooldown check passed
[2026-05-29 13:38:48,917] [INFO] [ScannerMMXM] [EURUSD] M15 candles: 100 | M1 candles: 100
[2026-05-29 13:38:48,918] [INFO] [ScannerMMXM] [EURUSD] Bias: SELL | Price: 1.1101155778894471 | Midpoint: 1.1095904522613065
[2026-05-29 13:38:48,918] [INFO] [ScannerMMXM] [EURUSD] Liquidity sweep: True
[2026-05-29 13:38:48,919] [INFO] [ScannerMMXM] [EURUSD] Displacement: False
[2026-05-29 13:38:48,919] [DEBUG] [ScannerMMXM] [EURUSD] No MSS/displacement detected. Skipping.
[2026-05-29 13:38:48,919] [INFO] [ScannerMMXM] [EURUSD] scan() called | session=London | killzone=London
[2026-05-29 13:38:48,919] [INFO] [ScannerMMXM] [EURUSD] Cooldown check passed
[2026-05-29 13:38:48,921] [INFO] [ScannerMMXM] [EURUSD] M15 candles: 100 | M1 candles: 100
[2026-05-29 13:38:48,921] [INFO] [ScannerMMXM] [EURUSD] Bias: SELL | Price: 1.1101708542713569 | Midpoint: 1.109645728643216
[2026-05-29 13:38:48,922] [INFO] [ScannerMMXM] [EURUSD] Liquidity sweep: True
[2026-05-29 13:38:48,922] [INFO] [ScannerMMXM] [EURUSD] Displacement: False
[2026-05-29 13:38:48,922] [DEBUG] [ScannerMMXM] [EURUSD] No MSS/displacement detected. Skipping.
[2026-05-29 13:38:48,923] [INFO] [ScannerMMXM] [EURUSD] scan() called | session=London | killzone=London
[2026-05-29 13:38:48,923] [INFO] [ScannerMMXM] [EURUSD] Cooldown check passed
[2026-05-29 13:38:48,924] [INFO] [ScannerMMXM] [EURUSD] M15 candles: 100 | M1 candles: 100
[2026-05-29 13:38:48,925] [INFO] [ScannerMMXM] [EURUSD] Bias: SELL | Price: 1.1102261306532664 | Midpoint: 1.1097010050251257
[2026-05-29 13:38:48,925] [INFO] [ScannerMMXM] [EURUSD] Liquidity sweep: True
[2026-05-29 13:38:48,926] [INFO] [ScannerMMXM] [EURUSD] Displacement: False
[2026-05-29 13:38:48,926] [DEBUG] [ScannerMMXM] [EURUSD] No MSS/displacement detected. Skipping.
[2026-05-29 13:38:48,926] [INFO] [ScannerMMXM] [EURUSD] scan() called | session=London | killzone=London
[2026-05-29 13:38:48,927] [INFO] [ScannerMMXM] [EURUSD] Cooldown check passed
[2026-05-29 13:38:48,928] [INFO] [ScannerMMXM] [EURUSD] M15 candles: 100 | M1 candles: 100
[2026-05-29 13:38:48,928] [INFO] [ScannerMMXM] [EURUSD] Bias: SELL | Price: 1.1102814070351759 | Midpoint: 1.1097562814070352
[2026-05-29 13:38:48,929] [INFO] [ScannerMMXM] [EURUSD] Liquidity sweep: True
[2026-05-29 13:38:48,929] [INFO] [ScannerMMXM] [EURUSD] Displacement: False
[2026-05-29 13:38:48,929] [DEBUG] [ScannerMMXM] [EURUSD] No MSS/displacement detected. Skipping.
[2026-05-29 13:38:48,930] [INFO] [ScannerMMXM] [EURUSD] scan() called | session=London | killzone=London
[2026-05-29 13:38:48,930] [INFO] [ScannerMMXM] [EURUSD] Cooldown check passed
[2026-05-29 13:38:48,931] [INFO] [ScannerMMXM] [EURUSD] M15 candles: 100 | M1 candles: 100
[2026-05-29 13:38:48,932] [INFO] [ScannerMMXM] [EURUSD] Bias: SELL | Price: 1.1103366834170854 | Midpoint: 1.1098115577889447
[2026-05-29 13:38:48,932] [INFO] [ScannerMMXM] [EURUSD] Liquidity sweep: True
[2026-05-29 13:38:48,933] [INFO] [ScannerMMXM] [EURUSD] Displacement: False
[2026-05-29 13:38:48,933] [DEBUG] [ScannerMMXM] [EURUSD] No MSS/displacement detected. Skipping.
[2026-05-29 13:38:48,933] [INFO] [ScannerMMXM] [EURUSD] scan() called | session=London | killzone=London
[2026-05-29 13:38:48,933] [INFO] [ScannerMMXM] [EURUSD] Cooldown check passed
[2026-05-29 13:38:48,935] [INFO] [ScannerMMXM] [EURUSD] M15 candles: 100 | M1 candles: 100
[2026-05-29 13:38:48,936] [INFO] [ScannerMMXM] [EURUSD] Bias: SELL | Price: 1.110391959798995 | Midpoint: 1.1098668341708544
[2026-05-29 13:38:48,936] [INFO] [ScannerMMXM] [EURUSD] Liquidity sweep: True
[2026-05-29 13:38:48,937] [INFO] [ScannerMMXM] [EURUSD] Displacement: False
[2026-05-29 13:38:48,937] [DEBUG] [ScannerMMXM] [EURUSD] No MSS/displacement detected. Skipping.
[2026-05-29 13:38:48,937] [INFO] [ScannerMMXM] [EURUSD] scan() called | session=London | killzone=London
[2026-05-29 13:38:48,937] [INFO] [ScannerMMXM] [EURUSD] Cooldown check passed
[2026-05-29 13:38:48,939] [INFO] [ScannerMMXM] [EURUSD] M15 candles: 100 | M1 candles: 100
[2026-05-29 13:38:48,939] [INFO] [ScannerMMXM] [EURUSD] Bias: SELL | Price: 1.1104472361809046 | Midpoint: 1.109922110552764
[2026-05-29 13:38:48,940] [INFO] [ScannerMMXM] [EURUSD] Liquidity sweep: True
[2026-05-29 13:38:48,940] [INFO] [ScannerMMXM] [EURUSD] Displacement: False
[2026-05-29 13:38:48,940] [DEBUG] [ScannerMMXM] [EURUSD] No MSS/displacement detected. Skipping.
[2026-05-29 13:38:48,941] [INFO] [ScannerMMXM] [EURUSD] scan() called | session=London | killzone=London
[2026-05-29 13:38:48,941] [INFO] [ScannerMMXM] [EURUSD] Cooldown check passed
[2026-05-29 13:38:48,943] [INFO] [ScannerMMXM] [EURUSD] M15 candles: 100 | M1 candles: 100
[2026-05-29 13:38:48,943] [INFO] [ScannerMMXM] [EURUSD] Bias: SELL | Price: 1.110502512562814 | Midpoint: 1.1099773869346734
[2026-05-29 13:38:48,944] [INFO] [ScannerMMXM] [EURUSD] Liquidity sweep: True
[2026-05-29 13:38:48,944] [INFO] [ScannerMMXM] [EURUSD] Displacement: False
[2026-05-29 13:38:48,944] [DEBUG] [ScannerMMXM] [EURUSD] No MSS/displacement detected. Skipping.
[2026-05-29 13:38:48,945] [INFO] [ScannerMMXM] [EURUSD] scan() called | session=London | killzone=London
[2026-05-29 13:38:48,945] [INFO] [ScannerMMXM] [EURUSD] Cooldown check passed
[2026-05-29 13:38:48,946] [INFO] [ScannerMMXM] [EURUSD] M15 candles: 100 | M1 candles: 100
[2026-05-29 13:38:48,947] [INFO] [ScannerMMXM] [EURUSD] Bias: SELL | Price: 1.1105577889447236 | Midpoint: 1.110032663316583
[2026-05-29 13:38:48,947] [INFO] [ScannerMMXM] [EURUSD] Liquidity sweep: True
[2026-05-29 13:38:48,948] [INFO] [ScannerMMXM] [EURUSD] Displacement: False
[2026-05-29 13:38:48,948] [DEBUG] [ScannerMMXM] [EURUSD] No MSS/displacement detected. Skipping.
[2026-05-29 13:38:48,948] [INFO] [ScannerMMXM] [EURUSD] scan() called | session=London | killzone=London
[2026-05-29 13:38:48,949] [INFO] [ScannerMMXM] [EURUSD] Cooldown check passed
[2026-05-29 13:38:48,950] [INFO] [ScannerMMXM] [EURUSD] M15 candles: 100 | M1 candles: 100
[2026-05-29 13:38:48,951] [INFO] [ScannerMMXM] [EURUSD] Bias: SELL | Price: 1.110613065326633 | Midpoint: 1.1100879396984924
[2026-05-29 13:38:48,952] [INFO] [ScannerMMXM] [EURUSD] Liquidity sweep: True
[2026-05-29 13:38:48,952] [INFO] [ScannerMMXM] [EURUSD] Displacement: False
[2026-05-29 13:38:48,953] [DEBUG] [ScannerMMXM] [EURUSD] No MSS/displacement detected. Skipping.
[2026-05-29 13:38:48,953] [INFO] [ScannerMMXM] [EURUSD] scan() called | session=London | killzone=London
[2026-05-29 13:38:48,953] [INFO] [ScannerMMXM] [EURUSD] Cooldown check passed
[2026-05-29 13:38:48,955] [INFO] [ScannerMMXM] [EURUSD] M15 candles: 100 | M1 candles: 100
[2026-05-29 13:38:48,956] [INFO] [ScannerMMXM] [EURUSD] Bias: SELL | Price: 1.1106683417085428 | Midpoint: 1.110143216080402
[2026-05-29 13:38:48,956] [INFO] [ScannerMMXM] [EURUSD] Liquidity sweep: True
[2026-05-29 13:38:48,957] [INFO] [ScannerMMXM] [EURUSD] Displacement: False
[2026-05-29 13:38:48,957] [DEBUG] [ScannerMMXM] [EURUSD] No MSS/displacement detected. Skipping.
[2026-05-29 13:38:48,957] [INFO] [ScannerMMXM] [EURUSD] scan() called | session=London | killzone=London
[2026-05-29 13:38:48,957] [INFO] [ScannerMMXM] [EURUSD] Cooldown check passed
[2026-05-29 13:38:48,959] [INFO] [ScannerMMXM] [EURUSD] M15 candles: 100 | M1 candles: 100
[2026-05-29 13:38:48,960] [INFO] [ScannerMMXM] [EURUSD] Bias: SELL | Price: 1.1107236180904523 | Midpoint: 1.1101984924623116
[2026-05-29 13:38:48,961] [INFO] [ScannerMMXM] [EURUSD] Liquidity sweep: True
[2026-05-29 13:38:48,961] [INFO] [ScannerMMXM] [EURUSD] Displacement: False
[2026-05-29 13:38:48,961] [DEBUG] [ScannerMMXM] [EURUSD] No MSS/displacement detected. Skipping.
[2026-05-29 13:38:48,962] [INFO] [ScannerMMXM] [EURUSD] scan() called | session=London | killzone=London
[2026-05-29 13:38:48,962] [INFO] [ScannerMMXM] [EURUSD] Cooldown check passed
[2026-05-29 13:38:48,964] [INFO] [ScannerMMXM] [EURUSD] M15 candles: 100 | M1 candles: 100
[2026-05-29 13:38:48,965] [INFO] [ScannerMMXM] [EURUSD] Bias: SELL | Price: 1.1107788944723618 | Midpoint: 1.1102537688442211
[2026-05-29 13:38:48,965] [INFO] [ScannerMMXM] [EURUSD] Liquidity sweep: True
[2026-05-29 13:38:48,966] [INFO] [ScannerMMXM] [EURUSD] Displacement: False
[2026-05-29 13:38:48,966] [DEBUG] [ScannerMMXM] [EURUSD] No MSS/displacement detected. Skipping.
[2026-05-29 13:38:48,966] [INFO] [ScannerMMXM] [EURUSD] scan() called | session=London | killzone=London
[2026-05-29 13:38:48,966] [INFO] [ScannerMMXM] [EURUSD] Cooldown check passed
[2026-05-29 13:38:48,969] [INFO] [ScannerMMXM] [EURUSD] M15 candles: 100 | M1 candles: 100
[2026-05-29 13:38:48,969] [INFO] [ScannerMMXM] [EURUSD] Bias: SELL | Price: 1.1108341708542713 | Midpoint: 1.1103090452261306
[2026-05-29 13:38:48,970] [INFO] [ScannerMMXM] [EURUSD] Liquidity sweep: True
[2026-05-29 13:38:48,970] [INFO] [ScannerMMXM] [EURUSD] Displacement: False
[2026-05-29 13:38:48,971] [DEBUG] [ScannerMMXM] [EURUSD] No MSS/displacement detected. Skipping.
[2026-05-29 13:38:48,971] [INFO] [ScannerMMXM] [EURUSD] scan() called | session=London | killzone=London
[2026-05-29 13:38:48,971] [INFO] [ScannerMMXM] [EURUSD] Cooldown check passed
[2026-05-29 13:38:48,973] [INFO] [ScannerMMXM] [EURUSD] M15 candles: 100 | M1 candles: 100
[2026-05-29 13:38:48,974] [INFO] [ScannerMMXM] [EURUSD] Bias: SELL | Price: 1.110889447236181 | Midpoint: 1.1103643216080403
[2026-05-29 13:38:48,974] [INFO] [ScannerMMXM] [EURUSD] Liquidity sweep: True
[2026-05-29 13:38:48,975] [INFO] [ScannerMMXM] [EURUSD] Displacement: False
[2026-05-29 13:38:48,975] [DEBUG] [ScannerMMXM] [EURUSD] No MSS/displacement detected. Skipping.
[2026-05-29 13:38:48,975] [INFO] [ScannerMMXM] [EURUSD] scan() called | session=London | killzone=London
[2026-05-29 13:38:48,975] [INFO] [ScannerMMXM] [EURUSD] Cooldown check passed
[2026-05-29 13:38:48,977] [INFO] [ScannerMMXM] [EURUSD] M15 candles: 100 | M1 candles: 100
[2026-05-29 13:38:48,978] [INFO] [ScannerMMXM] [EURUSD] Bias: SELL | Price: 1.1109447236180905 | Midpoint: 1.1104195979899498
[2026-05-29 13:38:48,978] [INFO] [ScannerMMXM] [EURUSD] Liquidity sweep: True
[2026-05-29 13:38:48,979] [INFO] [ScannerMMXM] [EURUSD] Displacement: False
[2026-05-29 13:38:48,979] [DEBUG] [ScannerMMXM] [EURUSD] No MSS/displacement detected. Skipping.
[2026-05-29 13:38:48,980] [INFO] [ScannerMMXM] [EURUSD] scan() called | session=London | killzone=London
[2026-05-29 13:38:48,980] [INFO] [ScannerMMXM] [EURUSD] Cooldown check passed
[2026-05-29 13:38:48,981] [INFO] [ScannerMMXM] [EURUSD] M15 candles: 100 | M1 candles: 100
[2026-05-29 13:38:48,982] [INFO] [ScannerMMXM] [EURUSD] Bias: SELL | Price: 1.111 | Midpoint: 1.1104748743718593
[2026-05-29 13:38:48,982] [INFO] [ScannerMMXM] [EURUSD] Liquidity sweep: True
[2026-05-29 13:38:48,983] [INFO] [ScannerMMXM] [EURUSD] Displacement: False
[2026-05-29 13:38:48,983] [DEBUG] [ScannerMMXM] [EURUSD] No MSS/displacement detected. Skipping.
[2026-05-29 13:38:48,983] [INFO] [BacktestEngine] [BT] Trade EXPIRED at session end: test_id
[2026-05-29 13:38:48,983] [INFO] [BacktestEngine] [BT] Replay complete | Signals: 0 | Trades: 1
[2026-05-29 13:38:48,989] [WARNING] [BacktestEngine] [BT] ⚠️  breakeven_buffer_pips (30) > sl_pips_fx (25) for EURUSD. Runner SL will be placed 5 pips ABOVE TP1, causing almost all runners to stop immediately. Consider setting breakeven_buffer_pips <= 25 in config.json.
[2026-05-29 13:38:48,990] [INFO] [BacktestEngine] [BT] Starting replay: EURUSD | 200 M1 bars
[2026-05-29 13:38:49,006] [INFO] [BacktestEngine] [BT] Replay complete | Signals: 0 | Trades: 0
[2026-05-29 13:38:49,011] [DEBUG] [ScannerZGMT] [EURUSD] ZGMT: Scan started | Session=London | KZ=Asia
[2026-05-29 13:38:49,011] [DEBUG] [ScannerZGMT] [EURUSD] ZGMT: Insufficient D1 candles for PD bias (0/20).
[2026-05-29 13:38:49,011] [INFO] [ScannerZGMT] [EURUSD] ZGMT: Could not determine D1 PD bias — skipping.
[2026-05-29 13:38:49,012] [DEBUG] [ScannerZGMT] [EURUSD] ZGMT: Scan started | Session=London | KZ=Asia
[2026-05-29 13:38:49,013] [DEBUG] [ScannerZGMT] [EURUSD] ZGMT: D1 Range High=1.12000 Low=1.08000 Mid=1.10000 BID=1.09000 → Bias=BULLISH
[2026-05-29 13:38:49,013] [DEBUG] [ScannerZGMT] [EURUSD] ZGMT: No H1 candles returned.
[2026-05-29 13:38:49,013] [INFO] [ScannerZGMT] [EURUSD] ZGMT: 0 GMT open price not available — skipping.
[2026-05-29 13:38:49,020] [WARNING] [BacktestEngine] [BT] ⚠️  breakeven_buffer_pips (30) > sl_pips_fx (25) for GBPJPY. Runner SL will be placed 5 pips ABOVE TP1, causing almost all runners to stop immediately. Consider setting breakeven_buffer_pips <= 25 in config.json.
[2026-05-29 13:38:49,022] [WARNING] [BacktestEngine] [BT] ⚠️  breakeven_buffer_pips (30) > sl_pips_fx (25) for USDJPY. Runner SL will be placed 5 pips ABOVE TP1, causing almost all runners to stop immediately. Consider setting breakeven_buffer_pips <= 25 in config.json.
[2026-05-29 13:38:49,024] [WARNING] [BacktestEngine] [BT] ⚠️  breakeven_buffer_pips (30) > sl_pips_fx (25) for EURJPY. Runner SL will be placed 5 pips ABOVE TP1, causing almost all runners to stop immediately. Consider setting breakeven_buffer_pips <= 25 in config.json.
[2026-05-29 13:38:49,030] [INFO] [BacktestEngine] [BT] Starting replay: XAUUSD | 130 M1 bars
[2026-05-29 13:38:49,030] [INFO] [BacktestEngine] [BT] Trade OPENED | XAUUSD BUY | Bar 120 | Entry: 2000.00000 | SL: 1999.05000 | TP1: 2000.95000 | TP2: 2001.90000 | Lot: 0.11 | Score: 90.0
[2026-05-29 13:38:49,030] [INFO] [BacktestEngine] [BT] 📊 TP1 Hit | XAUUSD | Partial locked: +5.70 | SL → BE
[2026-05-29 13:38:49,031] [INFO] [BacktestEngine] [BT] ✅ TP2 Hit | XAUUSD | P&L: +15.20
[2026-05-29 13:38:49,033] [INFO] [BacktestEngine] [BT] Replay complete | Signals: 1 | Trades: 1
[2026-05-29 13:38:49,036] [INFO] [Backtest] Fetching EURUSD M1 from MT5: 2024-04-01 → 2024-04-01
[2026-05-29 13:38:49,040] [INFO] [Backtest]   ✓ EURUSD M1: 10 bars fetched.
[2026-05-29 13:38:49,043] [DEBUG] [ScannerZGMT] [EURUSD] ZGMT Step 2B: Still inside exclusion window (now=00:05 UTC, window_ends=00:15 UTC). Deferring check.
[2026-05-29 13:38:49,045] [DEBUG] [ScannerZGMT] [EURUSD] ZGMT Step 2B: Level NOT YET TESTED. Proceeding.
[2026-05-29 13:38:49,046] [DEBUG] [ScannerZGMT] [EURUSD] ZGMT Step 2B: Level ALREADY TESTED. Candle H=1.25010 L=1.24990 vs ZGMT=1.25000 (threshold=0.00050)
[2026-05-29 13:38:49,054] [DEBUG] [ScannerZGMT] [GBPUSD] ZGMT: Scan started | Session=Asia | KZ=Asia
[2026-05-29 13:38:49,055] [DEBUG] [ScannerZGMT] [GBPUSD] ZGMT: D1 Range High=1.37000 Low=1.35000 Mid=1.36000 BID=1.35200 → Bias=BULLISH
[2026-05-29 13:38:49,056] [DEBUG] [ScannerZGMT] [GBPUSD] ZGMT: Found 0 GMT open price = 1.35000 at 2026-05-21 00:00:00+00:00
[2026-05-29 13:38:49,056] [DEBUG] [ScannerZGMT] [GBPUSD] ZGMT Step 2B: Level NOT YET TESTED. Proceeding.
[2026-05-29 13:38:49,057] [INFO] [ScannerZGMT] [GBPUSD] ZGMT Signal ✅ BUY | Entry=1.35000 SL=1.34750 TP2=1.35500 | 0GMT=1.35000 | Bias=BULLISH | Mode=DIRECT | RR=1.78 | Score=70.0
[2026-05-29 13:38:49,061] [INFO] [BacktestEngine] [BT] 📊 TP1 Hit | XAUUSD | Closed 0.010 lot @ 3250.00000 | P&L locked: +50.00 | SL → BE+30pips @ 3200.30000 | Remaining: 0.010 lot
[2026-05-29 13:38:49,062] [INFO] [BacktestEngine] [BT] ✅ TP2 Hit | XAUUSD | TP1 partial: +50.00 | TP2 runner: +100.00 | Total P&L: +150.00
[2026-05-29 13:38:49,065] [INFO] [BacktestEngine] [BT] ❌ SL Hit (pre-TP1) | XAUUSD | P&L: -100.00
[2026-05-29 13:38:49,069] [INFO] [BacktestEngine] [BT] 📊 TP1 Hit | XAUUSD | Closed 0.010 lot @ 3250.00000 | P&L locked: +50.00 | SL → BE+30pips @ 3200.30000 | Remaining: 0.010 lot
[2026-05-29 13:38:49,070] [INFO] [BacktestEngine] [BT] 🔶 Runner SL | XAUUSD | TP1 locked: +50.00 | Runner SL: +0.30 @ 3200.30000 | Total P&L: +50.30
[2026-05-29 13:38:49,074] [INFO] [BacktestEngine] [BT] 📊 TP1 Hit | XAUUSD | Closed 0.010 lot @ 3250.00000 | P&L locked: +50.00 | SL → BE+30pips @ 3200.30000 | Remaining: 0.010 lot
[2026-05-29 13:38:49,074] [INFO] [BacktestEngine] [BT] ✅ TP1+TP2 same bar | XAUUSD | TP1: +50.00 | TP2: +100.00 | Total P&L: +150.00
[2026-05-29 13:38:49,077] [INFO] [BacktestEngine] [BT] 📊 TP1 Hit | XAUUSD | Closed 0.010 lot @ 3150.00000 | P&L locked: +50.00 | SL → BE+30pips @ 3199.70000 | Remaining: 0.010 lot
[2026-05-29 13:38:49,078] [INFO] [BacktestEngine] [BT] ✅ TP2 Hit | XAUUSD | TP1 partial: +50.00 | TP2 runner: +100.00 | Total P&L: +150.00
